#
# There is insufficient memory for the Java Runtime Environment to continue.
# Native memory allocation (malloc) failed to allocate 1150176 bytes for Chunk::new
# Possible reasons:
#   The system is out of physical RAM or swap space
#   The process is running with CompressedOops enabled, and the Java Heap may be blocking the growth of the native heap
# Possible solutions:
#   Reduce memory load on the system
#   Increase physical memory or swap space
#   Check if swap backing store is full
#   Decrease Java heap size (-Xmx/-Xms)
#   Decrease number of Java threads
#   Decrease Java thread stack sizes (-Xss)
#   Set larger code cache with -XX:ReservedCodeCacheSize=
#   JVM is running with Unscaled Compressed Oops mode in which the Java heap is
#     placed in the first 4GB address space. The Java Heap base address is the
#     maximum limit for the native heap growth. Please use -XX:HeapBaseMinAddress
#     to set the Java Heap base and to place the Java Heap above 4GB virtual address.
# This output file may be truncated or incomplete.
#
#  Out of Memory Error (arena.cpp:191), pid=16244, tid=20452
#
# JRE version: OpenJDK Runtime Environment Temurin-17.0.10+7 (17.0.10+7) (build 17.0.10+7)
# Java VM: OpenJDK 64-Bit Server VM Temurin-17.0.10+7 (17.0.10+7, mixed mode, tiered, compressed oops, compressed class ptrs, parallel gc, windows-amd64)
# No core dump will be written. Minidumps are not enabled by default on client versions of Windows
#

---------------  S U M M A R Y ------------

Command Line: --add-modules=ALL-SYSTEM --add-opens=java.base/java.util=ALL-UNNAMED --add-opens=java.base/java.lang=ALL-UNNAMED --add-opens=java.base/sun.nio.fs=ALL-UNNAMED -Declipse.application=org.eclipse.jdt.ls.core.id1 -Dosgi.bundles.defaultStartLevel=4 -Declipse.product=org.eclipse.jdt.ls.core.product -Djava.import.generatesMetadataFilesAtProjectRoot=false -DDetectVMInstallationsJob.disabled=true -Dfile.encoding=utf8 -XX:+UseParallelGC -XX:GCTimeRatio=4 -XX:AdaptiveSizePolicyWeight=90 -Dsun.zip.disableMemoryMapping=true -Xmx1G -Xms100m -Xlog:disable -javaagent:c:\Users\hp\.vscode\extensions\redhat.java-1.29.2024040108-win32-x64\lombok\lombok-1.18.32.jar -XX:+HeapDumpOnOutOfMemoryError -XX:HeapDumpPath=c:\Users\hp\AppData\Roaming\Code\User\workspaceStorage\8e48fd55813f02b773f8300aef44ea0b\redhat.java -Daether.dependencyCollector.impl=bf c:\Users\hp\.vscode\extensions\redhat.java-1.29.2024040108-win32-x64\server\plugins\org.eclipse.equinox.launcher_1.6.800.v20240304-1850.jar -configuration c:\Users\hp\AppData\Roaming\Code\User\globalStorage\redhat.java\1.29.2024040108\config_win -data c:\Users\hp\AppData\Roaming\Code\User\workspaceStorage\8e48fd55813f02b773f8300aef44ea0b\redhat.java\jdt_ws --pipe=\\.\pipe\lsp-9bbe0ebfbed58e11b89d1fea2a1cfb8a-sock

Host: AMD Ryzen 5 5500U with Radeon Graphics         , 12 cores, 7G,  Windows 11 , 64 bit Build 22621 (10.0.22621.3235)
Time: Mon Apr  1 22:49:21 2024 India Standard Time elapsed time: 11.814671 seconds (0d 0h 0m 11s)

---------------  T H R E A D  ---------------

Current thread (0x00000287acd80d40):  JavaThread "C2 CompilerThread0" daemon [_thread_in_native, id=20452, stack(0x000000b0a2300000,0x000000b0a2400000)]


Current CompileTask:
C2:  11814 6749   !   4       java.nio.file.FileTreeWalker::next (144 bytes)

Stack: [0x000000b0a2300000,0x000000b0a2400000]
Native frames: (J=compiled Java code, j=interpreted, Vv=VM code, C=native code)
V  [jvm.dll+0x67d2c9]
V  [jvm.dll+0x834afa]
V  [jvm.dll+0x8365be]
V  [jvm.dll+0x836c23]
V  [jvm.dll+0x2477ff]
V  [jvm.dll+0xac514]
V  [jvm.dll+0xacb5c]
V  [jvm.dll+0x3667d7]
V  [jvm.dll+0x1bcd86]
V  [jvm.dll+0x21a049]
V  [jvm.dll+0x219311]
V  [jvm.dll+0x1a502d]
V  [jvm.dll+0x2290de]
V  [jvm.dll+0x2272ac]
V  [jvm.dll+0x7e9bb7]
V  [jvm.dll+0x7e3fba]
V  [jvm.dll+0x67c1b5]
C  [ucrtbase.dll+0x29363]
C  [KERNEL32.DLL+0x1257d]
C  [ntdll.dll+0x5aa58]


---------------  P R O C E S S  ---------------

Threads class SMR info:
_java_thread_list=0x00000287ae6810e0, length=40, elements={
0x0000028793db1ec0, 0x00000287a7c31010, 0x00000287a7c33190, 0x00000287a7c3ac40,
0x00000287a7c3b710, 0x00000287a7c3c980, 0x00000287a7c3db30, 0x00000287acd80d40,
0x00000287acd81650, 0x00000287acd906b0, 0x00000287ace931d0, 0x00000287ad093c60,
0x00000287ae9b2940, 0x00000287af3597d0, 0x00000287aed0deb0, 0x00000287af214440,
0x00000287aebe9490, 0x00000287af64f300, 0x00000287af64dec0, 0x00000287af64e8e0,
0x00000287af64edf0, 0x00000287af64f810, 0x00000287af650230, 0x00000287af650c50,
0x00000287af64d4a0, 0x00000287b01bb000, 0x00000287b01bba20, 0x00000287b01b9bc0,
0x00000287b01bc950, 0x00000287b01b91a0, 0x00000287b01bb510, 0x00000287b01bc440,
0x00000287b01b6e30, 0x00000287b01bbf30, 0x00000287b01b7850, 0x00000287b01bce60,
0x00000287b01b96b0, 0x00000287b01b7340, 0x00000287b01bd370, 0x00000287b01be7b0
}

Java Threads: ( => current thread )
  0x0000028793db1ec0 JavaThread "main" [_thread_blocked, id=22420, stack(0x000000b0a1a00000,0x000000b0a1b00000)]
  0x00000287a7c31010 JavaThread "Reference Handler" daemon [_thread_blocked, id=2452, stack(0x000000b0a1d00000,0x000000b0a1e00000)]
  0x00000287a7c33190 JavaThread "Finalizer" daemon [_thread_blocked, id=1164, stack(0x000000b0a1e00000,0x000000b0a1f00000)]
  0x00000287a7c3ac40 JavaThread "Signal Dispatcher" daemon [_thread_blocked, id=18092, stack(0x000000b0a1f00000,0x000000b0a2000000)]
  0x00000287a7c3b710 JavaThread "Attach Listener" daemon [_thread_blocked, id=23504, stack(0x000000b0a2000000,0x000000b0a2100000)]
  0x00000287a7c3c980 JavaThread "Service Thread" daemon [_thread_blocked, id=516, stack(0x000000b0a2100000,0x000000b0a2200000)]
  0x00000287a7c3db30 JavaThread "Monitor Deflation Thread" daemon [_thread_blocked, id=1192, stack(0x000000b0a2200000,0x000000b0a2300000)]
=>0x00000287acd80d40 JavaThread "C2 CompilerThread0" daemon [_thread_in_native, id=20452, stack(0x000000b0a2300000,0x000000b0a2400000)]
  0x00000287acd81650 JavaThread "C1 CompilerThread0" daemon [_thread_blocked, id=2680, stack(0x000000b0a2400000,0x000000b0a2500000)]
  0x00000287acd906b0 JavaThread "Sweeper thread" daemon [_thread_blocked, id=16336, stack(0x000000b0a2500000,0x000000b0a2600000)]
  0x00000287ace931d0 JavaThread "Common-Cleaner" daemon [_thread_blocked, id=10640, stack(0x000000b0a2600000,0x000000b0a2700000)]
  0x00000287ad093c60 JavaThread "Notification Thread" daemon [_thread_blocked, id=1320, stack(0x000000b0a2700000,0x000000b0a2800000)]
  0x00000287ae9b2940 JavaThread "Active Thread: Equinox Container: 5b0b2608-7cad-4c47-b6df-3938023d922d" [_thread_blocked, id=16900, stack(0x000000b0a2f00000,0x000000b0a3000000)]
  0x00000287af3597d0 JavaThread "Framework Event Dispatcher: Equinox Container: 5b0b2608-7cad-4c47-b6df-3938023d922d" daemon [_thread_blocked, id=24564, stack(0x000000b0a3000000,0x000000b0a3100000)]
  0x00000287aed0deb0 JavaThread "Start Level: Equinox Container: 5b0b2608-7cad-4c47-b6df-3938023d922d" daemon [_thread_blocked, id=22032, stack(0x000000b0a3100000,0x000000b0a3200000)]
  0x00000287af214440 JavaThread "Bundle File Closer" daemon [_thread_blocked, id=17396, stack(0x000000b0a3300000,0x000000b0a3400000)]
  0x00000287aebe9490 JavaThread "SCR Component Actor" daemon [_thread_blocked, id=16304, stack(0x000000b0a3400000,0x000000b0a3500000)]
  0x00000287af64f300 JavaThread "Worker-JM" [_thread_blocked, id=23432, stack(0x000000b0a3700000,0x000000b0a3800000)]
  0x00000287af64dec0 JavaThread "Worker-0" [_thread_blocked, id=16580, stack(0x000000b0a3900000,0x000000b0a3a00000)]
  0x00000287af64e8e0 JavaThread "Worker-1: Initialize Workspace" [_thread_in_native, id=22516, stack(0x000000b0a3a00000,0x000000b0a3b00000)]
  0x00000287af64edf0 JavaThread "Worker-2" [_thread_blocked, id=21144, stack(0x000000b0a3b00000,0x000000b0a3c00000)]
  0x00000287af64f810 JavaThread "Java indexing" daemon [_thread_blocked, id=18500, stack(0x000000b0a3c00000,0x000000b0a3d00000)]
  0x00000287af650230 JavaThread "Worker-3" [_thread_blocked, id=8640, stack(0x000000b0a3d00000,0x000000b0a3e00000)]
  0x00000287af650c50 JavaThread "JNA Cleaner" daemon [_thread_blocked, id=6188, stack(0x000000b0a3e00000,0x000000b0a3f00000)]
  0x00000287af64d4a0 JavaThread "Thread-2" daemon [_thread_in_native, id=16156, stack(0x000000b0a3f00000,0x000000b0a4000000)]
  0x00000287b01bb000 JavaThread "Thread-3" daemon [_thread_in_native, id=15584, stack(0x000000b0a4000000,0x000000b0a4100000)]
  0x00000287b01bba20 JavaThread "Thread-4" daemon [_thread_in_native, id=22220, stack(0x000000b0a4100000,0x000000b0a4200000)]
  0x00000287b01b9bc0 JavaThread "Thread-5" daemon [_thread_in_native, id=8516, stack(0x000000b0a4200000,0x000000b0a4300000)]
  0x00000287b01bc950 JavaThread "Thread-6" daemon [_thread_in_native, id=13144, stack(0x000000b0a4300000,0x000000b0a4400000)]
  0x00000287b01b91a0 JavaThread "Thread-7" daemon [_thread_in_native, id=4576, stack(0x000000b0a4400000,0x000000b0a4500000)]
  0x00000287b01bb510 JavaThread "Thread-8" daemon [_thread_in_native, id=3088, stack(0x000000b0a4500000,0x000000b0a4600000)]
  0x00000287b01bc440 JavaThread "Thread-9" daemon [_thread_in_native, id=15224, stack(0x000000b0a4600000,0x000000b0a4700000)]
  0x00000287b01b6e30 JavaThread "Thread-10" daemon [_thread_in_native, id=14844, stack(0x000000b0a4700000,0x000000b0a4800000)]
  0x00000287b01bbf30 JavaThread "Thread-11" daemon [_thread_in_native, id=7532, stack(0x000000b0a4800000,0x000000b0a4900000)]
  0x00000287b01b7850 JavaThread "Thread-12" daemon [_thread_in_native, id=3724, stack(0x000000b0a4900000,0x000000b0a4a00000)]
  0x00000287b01bce60 JavaThread "Thread-13" daemon [_thread_in_native, id=18680, stack(0x000000b0a4a00000,0x000000b0a4b00000)]
  0x00000287b01b96b0 JavaThread "Thread-14" daemon [_thread_in_native, id=8432, stack(0x000000b0a4b00000,0x000000b0a4c00000)]
  0x00000287b01b7340 JavaThread "pool-2-thread-1" [_thread_blocked, id=20288, stack(0x000000b0a4c00000,0x000000b0a4d00000)]
  0x00000287b01bd370 JavaThread "WorkspaceEventsHandler" [_thread_blocked, id=11120, stack(0x000000b0a4d00000,0x000000b0a4e00000)]
  0x00000287b01be7b0 JavaThread "pool-1-thread-1" [_thread_blocked, id=16748, stack(0x000000b0a4e00000,0x000000b0a4f00000)]

Other Threads:
  0x00000287acd52860 VMThread "VM Thread" [stack: 0x000000b0a1c00000,0x000000b0a1d00000] [id=13124]
  0x00000287ad094140 WatcherThread [stack: 0x000000b0a2800000,0x000000b0a2900000] [id=9176]
  0x0000028793dc7640 GCTaskThread "GC Thread#0" [stack: 0x000000b0a1b00000,0x000000b0a1c00000] [id=19696]
  0x00000287aeb1d2b0 GCTaskThread "GC Thread#1" [stack: 0x000000b0a2900000,0x000000b0a2a00000] [id=17344]
  0x00000287aeb1d570 GCTaskThread "GC Thread#2" [stack: 0x000000b0a2a00000,0x000000b0a2b00000] [id=14312]
  0x00000287aead0230 GCTaskThread "GC Thread#3" [stack: 0x000000b0a2b00000,0x000000b0a2c00000] [id=6660]
  0x00000287aead04f0 GCTaskThread "GC Thread#4" [stack: 0x000000b0a2c00000,0x000000b0a2d00000] [id=12244]
  0x00000287aead07b0 GCTaskThread "GC Thread#5" [stack: 0x000000b0a2d00000,0x000000b0a2e00000] [id=24232]
  0x00000287aead0a70 GCTaskThread "GC Thread#6" [stack: 0x000000b0a2e00000,0x000000b0a2f00000] [id=21636]
  0x00000287af063cf0 GCTaskThread "GC Thread#7" [stack: 0x000000b0a3200000,0x000000b0a3300000] [id=15700]
  0x00000287af062170 GCTaskThread "GC Thread#8" [stack: 0x000000b0a3500000,0x000000b0a3600000] [id=19152]
  0x00000287af0631f0 GCTaskThread "GC Thread#9" [stack: 0x000000b0a3800000,0x000000b0a3900000] [id=21916]

Threads with active compile tasks:
C2 CompilerThread0    11850 6749   !   4       java.nio.file.FileTreeWalker::next (144 bytes)

VM state: not at safepoint (normal execution)

VM Mutex/Monitor currently owned by a thread: None

Heap address: 0x00000000c0000000, size: 1024 MB, Compressed Oops mode: 32-bit

CDS archive(s) not mapped
Compressed class space mapped at: 0x0000000100000000-0x0000000140000000, reserved size: 1073741824
Narrow klass base: 0x0000000000000000, Narrow klass shift: 3, Narrow klass range: 0x140000000

GC Precious Log:
 CPUs: 12 total, 12 available
 Memory: 7501M
 Large Page Support: Disabled
 NUMA Support: Disabled
 Compressed Oops: Enabled (32-bit)
 Alignments: Space 512K, Generation 512K, Heap 2M
 Heap Min Capacity: 100M
 Heap Initial Capacity: 100M
 Heap Max Capacity: 1G
 Pre-touch: Disabled
 Parallel Workers: 10

Heap:
 PSYoungGen      total 24576K, used 19997K [0x00000000eab00000, 0x00000000ec600000, 0x0000000100000000)
  eden space 22016K, 79% used [0x00000000eab00000,0x00000000ebc17558,0x00000000ec080000)
  from space 2560K, 97% used [0x00000000ec380000,0x00000000ec5f0010,0x00000000ec600000)
  to   space 2560K, 0% used [0x00000000ec080000,0x00000000ec080000,0x00000000ec300000)
 ParOldGen       total 68608K, used 33513K [0x00000000c0000000, 0x00000000c4300000, 0x00000000eab00000)
  object space 68608K, 48% used [0x00000000c0000000,0x00000000c20ba5f8,0x00000000c4300000)
 Metaspace       used 53581K, committed 54592K, reserved 1114112K
  class space    used 5755K, committed 6144K, reserved 1048576K

Card table byte_map: [0x0000028793740000,0x0000028793950000] _byte_map_base: 0x0000028793140000

Marking Bits: (ParMarkBitMap*) 0x00007fffbb55d7d0
 Begin Bits: [0x00000287a5a40000, 0x00000287a6a40000)
 End Bits:   [0x00000287a6a40000, 0x00000287a7a40000)

Polling page: 0x0000028791d00000

Metaspace:

Usage:
  Non-class:     46.71 MB used.
      Class:      5.62 MB used.
       Both:     52.33 MB used.

Virtual space:
  Non-class space:       64.00 MB reserved,      47.31 MB ( 74%) committed,  1 nodes.
      Class space:        1.00 GB reserved,       6.00 MB ( <1%) committed,  1 nodes.
             Both:        1.06 GB reserved,      53.31 MB (  5%) committed. 

Chunk freelists:
   Non-Class:  384.00 KB
       Class:  10.00 MB
        Both:  10.38 MB

MaxMetaspaceSize: unlimited
CompressedClassSpaceSize: 1.00 GB
Initial GC threshold: 21.00 MB
Current GC threshold: 58.38 MB
CDS: off
MetaspaceReclaimPolicy: balanced
 - commit_granule_bytes: 65536.
 - commit_granule_words: 8192.
 - virtual_space_node_default_size: 8388608.
 - enlarge_chunks_in_place: 1.
 - new_chunks_are_fully_committed: 0.
 - uncommit_free_chunks: 1.
 - use_allocation_guard: 0.
 - handle_deallocations: 1.


Internal statistics:

num_allocs_failed_limit: 8.
num_arena_births: 552.
num_arena_deaths: 14.
num_vsnodes_births: 2.
num_vsnodes_deaths: 0.
num_space_committed: 853.
num_space_uncommitted: 0.
num_chunks_returned_to_freelist: 22.
num_chunks_taken_from_freelist: 2563.
num_chunk_merges: 13.
num_chunk_splits: 1595.
num_chunks_enlarged: 970.
num_inconsistent_stats: 0.

CodeHeap 'non-profiled nmethods': size=120000Kb used=2122Kb max_used=2344Kb free=117877Kb
 bounds [0x000002879e510000, 0x000002879e780000, 0x00000287a5a40000]
CodeHeap 'profiled nmethods': size=120000Kb used=11278Kb max_used=12177Kb free=108721Kb
 bounds [0x0000028796a40000, 0x0000028797630000, 0x000002879df70000]
CodeHeap 'non-nmethods': size=5760Kb used=1308Kb max_used=1350Kb free=4451Kb
 bounds [0x000002879df70000, 0x000002879e1e0000, 0x000002879e510000]
 total_blobs=6513 nmethods=5874 adapters=553
 compilation: enabled
              stopped_count=0, restarted_count=0
 full_count=0

Compilation events (20 events):
Event: 11.678 Thread 0x00000287acd81650 6812   !   2       java.nio.file.FileTreeWalker::wouldLoop (79 bytes)
Event: 11.678 Thread 0x00000287acd81650 nmethod 6812 0x0000028796f7a610 code [0x0000028796f7a820, 0x0000028796f7abf8]
Event: 11.678 Thread 0x00000287acd81650 6810   !   2       sun.nio.fs.WindowsDirectoryStream::close (59 bytes)
Event: 11.679 Thread 0x00000287acd81650 nmethod 6810 0x0000028797336590 code [0x0000028797336760, 0x0000028797336a68]
Event: 11.698 Thread 0x00000287acd81650 6814       1       org.eclipse.core.internal.resources.Workspace::getMarkerManager (5 bytes)
Event: 11.698 Thread 0x00000287acd81650 nmethod 6814 0x000002879e547590 code [0x000002879e547720, 0x000002879e5477f8]
Event: 11.701 Thread 0x00000287acd81650 6815       3       sun.nio.fs.WindowsPath::openFileForReadAttributeAccess (16 bytes)
Event: 11.701 Thread 0x00000287acd81650 nmethod 6815 0x0000028796f7a090 code [0x0000028796f7a240, 0x0000028796f7a458]
Event: 11.718 Thread 0x00000287acd81650 6817   !   3       sun.nio.fs.WindowsPath::openForReadAttributeAccess (44 bytes)
Event: 11.719 Thread 0x00000287acd81650 nmethod 6817 0x0000028797335f90 code [0x0000028797336160, 0x0000028797336478]
Event: 11.724 Thread 0x00000287acd81650 6818       3       sun.nio.fs.WindowsPath::compareTo (118 bytes)
Event: 11.725 Thread 0x00000287acd81650 nmethod 6818 0x0000028797333c10 code [0x0000028797333f40, 0x0000028797335408]
Event: 11.731 Thread 0x00000287acd81650 6819   !   3       sun.nio.fs.WindowsFileAttributes::readAttributes (117 bytes)
Event: 11.732 Thread 0x00000287acd81650 nmethod 6819 0x0000028796d5a690 code [0x0000028796d5a960, 0x0000028796d5b4e8]
Event: 11.749 Thread 0x00000287acd81650 6822       2       org.eclipse.jdt.ls.core.internal.managers.BasicFileDetector::isExcluded (107 bytes)
Event: 11.751 Thread 0x00000287acd81650 nmethod 6822 0x0000028796d59510 code [0x0000028796d597e0, 0x0000028796d5a008]
Event: 11.751 Thread 0x00000287acd81650 6821       2       org.eclipse.jdt.ls.core.internal.managers.BasicFileDetector$1::preVisitDirectory (98 bytes)
Event: 11.752 Thread 0x00000287acd81650 nmethod 6821 0x0000028796d58d90 code [0x0000028796d58fa0, 0x0000028796d59328]
Event: 11.752 Thread 0x00000287acd81650 6820       2       org.eclipse.jdt.ls.core.internal.managers.BasicFileDetector$1::preVisitDirectory (10 bytes)
Event: 11.752 Thread 0x00000287acd81650 nmethod 6820 0x0000028796d58810 code [0x0000028796d589c0, 0x0000028796d58b28]

GC Heap History (20 events):
Event: 7.661 GC heap before
{Heap before GC invocations=17 (full 2):
 PSYoungGen      total 22528K, used 22528K [0x00000000eab00000, 0x00000000ec780000, 0x0000000100000000)
  eden space 22016K, 100% used [0x00000000eab00000,0x00000000ec080000,0x00000000ec080000)
  from space 512K, 100% used [0x00000000ec700000,0x00000000ec780000,0x00000000ec780000)
  to   space 2048K, 0% used [0x00000000ec380000,0x00000000ec380000,0x00000000ec580000)
 ParOldGen       total 68608K, used 18388K [0x00000000c0000000, 0x00000000c4300000, 0x00000000eab00000)
  object space 68608K, 26% used [0x00000000c0000000,0x00000000c11f53f8,0x00000000c4300000)
 Metaspace       used 44808K, committed 45760K, reserved 1114112K
  class space    used 4709K, committed 5120K, reserved 1048576K
}
Event: 7.663 GC heap after
{Heap after GC invocations=17 (full 2):
 PSYoungGen      total 24064K, used 893K [0x00000000eab00000, 0x00000000ec780000, 0x0000000100000000)
  eden space 22016K, 0% used [0x00000000eab00000,0x00000000eab00000,0x00000000ec080000)
  from space 2048K, 43% used [0x00000000ec380000,0x00000000ec45f620,0x00000000ec580000)
  to   space 1536K, 0% used [0x00000000ec600000,0x00000000ec600000,0x00000000ec780000)
 ParOldGen       total 68608K, used 18839K [0x00000000c0000000, 0x00000000c4300000, 0x00000000eab00000)
  object space 68608K, 27% used [0x00000000c0000000,0x00000000c1265c38,0x00000000c4300000)
 Metaspace       used 44808K, committed 45760K, reserved 1114112K
  class space    used 4709K, committed 5120K, reserved 1048576K
}
Event: 8.280 GC heap before
{Heap before GC invocations=18 (full 2):
 PSYoungGen      total 24064K, used 22909K [0x00000000eab00000, 0x00000000ec780000, 0x0000000100000000)
  eden space 22016K, 100% used [0x00000000eab00000,0x00000000ec080000,0x00000000ec080000)
  from space 2048K, 43% used [0x00000000ec380000,0x00000000ec45f620,0x00000000ec580000)
  to   space 1536K, 0% used [0x00000000ec600000,0x00000000ec600000,0x00000000ec780000)
 ParOldGen       total 68608K, used 18839K [0x00000000c0000000, 0x00000000c4300000, 0x00000000eab00000)
  object space 68608K, 27% used [0x00000000c0000000,0x00000000c1265c38,0x00000000c4300000)
 Metaspace       used 47373K, committed 48320K, reserved 1114112K
  class space    used 5054K, committed 5440K, reserved 1048576K
}
Event: 8.282 GC heap after
{Heap after GC invocations=18 (full 2):
 PSYoungGen      total 23552K, used 1408K [0x00000000eab00000, 0x00000000ec780000, 0x0000000100000000)
  eden space 22016K, 0% used [0x00000000eab00000,0x00000000eab00000,0x00000000ec080000)
  from space 1536K, 91% used [0x00000000ec600000,0x00000000ec760000,0x00000000ec780000)
  to   space 1536K, 0% used [0x00000000ec480000,0x00000000ec480000,0x00000000ec600000)
 ParOldGen       total 68608K, used 19599K [0x00000000c0000000, 0x00000000c4300000, 0x00000000eab00000)
  object space 68608K, 28% used [0x00000000c0000000,0x00000000c1323c38,0x00000000c4300000)
 Metaspace       used 47373K, committed 48320K, reserved 1114112K
  class space    used 5054K, committed 5440K, reserved 1048576K
}
Event: 9.469 GC heap before
{Heap before GC invocations=19 (full 2):
 PSYoungGen      total 23552K, used 23266K [0x00000000eab00000, 0x00000000ec780000, 0x0000000100000000)
  eden space 22016K, 99% used [0x00000000eab00000,0x00000000ec058900,0x00000000ec080000)
  from space 1536K, 91% used [0x00000000ec600000,0x00000000ec760000,0x00000000ec780000)
  to   space 1536K, 0% used [0x00000000ec480000,0x00000000ec480000,0x00000000ec600000)
 ParOldGen       total 68608K, used 19792K [0x00000000c0000000, 0x00000000c4300000, 0x00000000eab00000)
  object space 68608K, 28% used [0x00000000c0000000,0x00000000c1354000,0x00000000c4300000)
 Metaspace       used 49932K, committed 50880K, reserved 1114112K
  class space    used 5392K, committed 5760K, reserved 1048576K
}
Event: 9.471 GC heap after
{Heap after GC invocations=19 (full 2):
 PSYoungGen      total 23552K, used 1527K [0x00000000eab00000, 0x00000000ec780000, 0x0000000100000000)
  eden space 22016K, 0% used [0x00000000eab00000,0x00000000eab00000,0x00000000ec080000)
  from space 1536K, 99% used [0x00000000ec480000,0x00000000ec5fdd60,0x00000000ec600000)
  to   space 1536K, 0% used [0x00000000ec600000,0x00000000ec600000,0x00000000ec780000)
 ParOldGen       total 68608K, used 21088K [0x00000000c0000000, 0x00000000c4300000, 0x00000000eab00000)
  object space 68608K, 30% used [0x00000000c0000000,0x00000000c1498020,0x00000000c4300000)
 Metaspace       used 49932K, committed 50880K, reserved 1114112K
  class space    used 5392K, committed 5760K, reserved 1048576K
}
Event: 9.984 GC heap before
{Heap before GC invocations=20 (full 2):
 PSYoungGen      total 23552K, used 23543K [0x00000000eab00000, 0x00000000ec780000, 0x0000000100000000)
  eden space 22016K, 100% used [0x00000000eab00000,0x00000000ec080000,0x00000000ec080000)
  from space 1536K, 99% used [0x00000000ec480000,0x00000000ec5fdd60,0x00000000ec600000)
  to   space 1536K, 0% used [0x00000000ec600000,0x00000000ec600000,0x00000000ec780000)
 ParOldGen       total 68608K, used 21093K [0x00000000c0000000, 0x00000000c4300000, 0x00000000eab00000)
  object space 68608K, 30% used [0x00000000c0000000,0x00000000c14997f8,0x00000000c4300000)
 Metaspace       used 51244K, committed 52096K, reserved 1114112K
  class space    used 5532K, committed 5888K, reserved 1048576K
}
Event: 9.988 GC heap after
{Heap after GC invocations=20 (full 2):
 PSYoungGen      total 23552K, used 1488K [0x00000000eab00000, 0x00000000ec780000, 0x0000000100000000)
  eden space 22016K, 0% used [0x00000000eab00000,0x00000000eab00000,0x00000000ec080000)
  from space 1536K, 96% used [0x00000000ec600000,0x00000000ec774010,0x00000000ec780000)
  to   space 2048K, 0% used [0x00000000ec380000,0x00000000ec380000,0x00000000ec580000)
 ParOldGen       total 68608K, used 22404K [0x00000000c0000000, 0x00000000c4300000, 0x00000000eab00000)
  object space 68608K, 32% used [0x00000000c0000000,0x00000000c15e1270,0x00000000c4300000)
 Metaspace       used 51244K, committed 52096K, reserved 1114112K
  class space    used 5532K, committed 5888K, reserved 1048576K
}
Event: 10.540 GC heap before
{Heap before GC invocations=21 (full 2):
 PSYoungGen      total 23552K, used 23504K [0x00000000eab00000, 0x00000000ec780000, 0x0000000100000000)
  eden space 22016K, 100% used [0x00000000eab00000,0x00000000ec080000,0x00000000ec080000)
  from space 1536K, 96% used [0x00000000ec600000,0x00000000ec774010,0x00000000ec780000)
  to   space 2048K, 0% used [0x00000000ec380000,0x00000000ec380000,0x00000000ec580000)
 ParOldGen       total 68608K, used 22404K [0x00000000c0000000, 0x00000000c4300000, 0x00000000eab00000)
  object space 68608K, 32% used [0x00000000c0000000,0x00000000c15e1270,0x00000000c4300000)
 Metaspace       used 52822K, committed 53824K, reserved 1114112K
  class space    used 5690K, committed 6144K, reserved 1048576K
}
Event: 10.543 GC heap after
{Heap after GC invocations=21 (full 2):
 PSYoungGen      total 24064K, used 1841K [0x00000000eab00000, 0x00000000ec680000, 0x0000000100000000)
  eden space 22016K, 0% used [0x00000000eab00000,0x00000000eab00000,0x00000000ec080000)
  from space 2048K, 89% used [0x00000000ec380000,0x00000000ec54c790,0x00000000ec580000)
  to   space 1024K, 0% used [0x00000000ec580000,0x00000000ec580000,0x00000000ec680000)
 ParOldGen       total 68608K, used 23809K [0x00000000c0000000, 0x00000000c4300000, 0x00000000eab00000)
  object space 68608K, 34% used [0x00000000c0000000,0x00000000c1740528,0x00000000c4300000)
 Metaspace       used 52822K, committed 53824K, reserved 1114112K
  class space    used 5690K, committed 6144K, reserved 1048576K
}
Event: 10.718 GC heap before
{Heap before GC invocations=22 (full 2):
 PSYoungGen      total 24064K, used 23857K [0x00000000eab00000, 0x00000000ec680000, 0x0000000100000000)
  eden space 22016K, 100% used [0x00000000eab00000,0x00000000ec080000,0x00000000ec080000)
  from space 2048K, 89% used [0x00000000ec380000,0x00000000ec54c790,0x00000000ec580000)
  to   space 1024K, 0% used [0x00000000ec580000,0x00000000ec580000,0x00000000ec680000)
 ParOldGen       total 68608K, used 23809K [0x00000000c0000000, 0x00000000c4300000, 0x00000000eab00000)
  object space 68608K, 34% used [0x00000000c0000000,0x00000000c1740528,0x00000000c4300000)
 Metaspace       used 53098K, committed 54080K, reserved 1114112K
  class space    used 5725K, committed 6144K, reserved 1048576K
}
Event: 10.721 GC heap after
{Heap after GC invocations=22 (full 2):
 PSYoungGen      total 23040K, used 992K [0x00000000eab00000, 0x00000000ec780000, 0x0000000100000000)
  eden space 22016K, 0% used [0x00000000eab00000,0x00000000eab00000,0x00000000ec080000)
  from space 1024K, 96% used [0x00000000ec580000,0x00000000ec678010,0x00000000ec680000)
  to   space 3584K, 0% used [0x00000000ec080000,0x00000000ec080000,0x00000000ec400000)
 ParOldGen       total 68608K, used 25742K [0x00000000c0000000, 0x00000000c4300000, 0x00000000eab00000)
  object space 68608K, 37% used [0x00000000c0000000,0x00000000c1923bd8,0x00000000c4300000)
 Metaspace       used 53098K, committed 54080K, reserved 1114112K
  class space    used 5725K, committed 6144K, reserved 1048576K
}
Event: 10.904 GC heap before
{Heap before GC invocations=23 (full 2):
 PSYoungGen      total 23040K, used 23008K [0x00000000eab00000, 0x00000000ec780000, 0x0000000100000000)
  eden space 22016K, 100% used [0x00000000eab00000,0x00000000ec080000,0x00000000ec080000)
  from space 1024K, 96% used [0x00000000ec580000,0x00000000ec678010,0x00000000ec680000)
  to   space 3584K, 0% used [0x00000000ec080000,0x00000000ec080000,0x00000000ec400000)
 ParOldGen       total 68608K, used 25742K [0x00000000c0000000, 0x00000000c4300000, 0x00000000eab00000)
  object space 68608K, 37% used [0x00000000c0000000,0x00000000c1923bd8,0x00000000c4300000)
 Metaspace       used 53170K, committed 54208K, reserved 1114112K
  class space    used 5726K, committed 6144K, reserved 1048576K
}
Event: 10.907 GC heap after
{Heap after GC invocations=23 (full 2):
 PSYoungGen      total 24576K, used 2144K [0x00000000eab00000, 0x00000000ec600000, 0x0000000100000000)
  eden space 22016K, 0% used [0x00000000eab00000,0x00000000eab00000,0x00000000ec080000)
  from space 2560K, 83% used [0x00000000ec080000,0x00000000ec298000,0x00000000ec300000)
  to   space 2560K, 0% used [0x00000000ec380000,0x00000000ec380000,0x00000000ec600000)
 ParOldGen       total 68608K, used 26754K [0x00000000c0000000, 0x00000000c4300000, 0x00000000eab00000)
  object space 68608K, 38% used [0x00000000c0000000,0x00000000c1a20bf8,0x00000000c4300000)
 Metaspace       used 53170K, committed 54208K, reserved 1114112K
  class space    used 5726K, committed 6144K, reserved 1048576K
}
Event: 11.033 GC heap before
{Heap before GC invocations=24 (full 2):
 PSYoungGen      total 24576K, used 24160K [0x00000000eab00000, 0x00000000ec600000, 0x0000000100000000)
  eden space 22016K, 100% used [0x00000000eab00000,0x00000000ec080000,0x00000000ec080000)
  from space 2560K, 83% used [0x00000000ec080000,0x00000000ec298000,0x00000000ec300000)
  to   space 2560K, 0% used [0x00000000ec380000,0x00000000ec380000,0x00000000ec600000)
 ParOldGen       total 68608K, used 26754K [0x00000000c0000000, 0x00000000c4300000, 0x00000000eab00000)
  object space 68608K, 38% used [0x00000000c0000000,0x00000000c1a20bf8,0x00000000c4300000)
 Metaspace       used 53229K, committed 54208K, reserved 1114112K
  class space    used 5737K, committed 6144K, reserved 1048576K
}
Event: 11.037 GC heap after
{Heap after GC invocations=24 (full 2):
 PSYoungGen      total 24576K, used 2464K [0x00000000eab00000, 0x00000000ec600000, 0x0000000100000000)
  eden space 22016K, 0% used [0x00000000eab00000,0x00000000eab00000,0x00000000ec080000)
  from space 2560K, 96% used [0x00000000ec380000,0x00000000ec5e8010,0x00000000ec600000)
  to   space 2560K, 0% used [0x00000000ec080000,0x00000000ec080000,0x00000000ec300000)
 ParOldGen       total 68608K, used 28786K [0x00000000c0000000, 0x00000000c4300000, 0x00000000eab00000)
  object space 68608K, 41% used [0x00000000c0000000,0x00000000c1c1cbf8,0x00000000c4300000)
 Metaspace       used 53229K, committed 54208K, reserved 1114112K
  class space    used 5737K, committed 6144K, reserved 1048576K
}
Event: 11.118 GC heap before
{Heap before GC invocations=25 (full 2):
 PSYoungGen      total 24576K, used 24480K [0x00000000eab00000, 0x00000000ec600000, 0x0000000100000000)
  eden space 22016K, 100% used [0x00000000eab00000,0x00000000ec080000,0x00000000ec080000)
  from space 2560K, 96% used [0x00000000ec380000,0x00000000ec5e8010,0x00000000ec600000)
  to   space 2560K, 0% used [0x00000000ec080000,0x00000000ec080000,0x00000000ec300000)
 ParOldGen       total 68608K, used 28786K [0x00000000c0000000, 0x00000000c4300000, 0x00000000eab00000)
  object space 68608K, 41% used [0x00000000c0000000,0x00000000c1c1cbf8,0x00000000c4300000)
 Metaspace       used 53229K, committed 54208K, reserved 1114112K
  class space    used 5737K, committed 6144K, reserved 1048576K
}
Event: 11.122 GC heap after
{Heap after GC invocations=25 (full 2):
 PSYoungGen      total 24576K, used 2560K [0x00000000eab00000, 0x00000000ec680000, 0x0000000100000000)
  eden space 22016K, 0% used [0x00000000eab00000,0x00000000eab00000,0x00000000ec080000)
  from space 2560K, 100% used [0x00000000ec080000,0x00000000ec300000,0x00000000ec300000)
  to   space 3072K, 0% used [0x00000000ec380000,0x00000000ec380000,0x00000000ec680000)
 ParOldGen       total 68608K, used 31105K [0x00000000c0000000, 0x00000000c4300000, 0x00000000eab00000)
  object space 68608K, 45% used [0x00000000c0000000,0x00000000c1e605f8,0x00000000c4300000)
 Metaspace       used 53229K, committed 54208K, reserved 1114112K
  class space    used 5737K, committed 6144K, reserved 1048576K
}
Event: 11.216 GC heap before
{Heap before GC invocations=26 (full 2):
 PSYoungGen      total 24576K, used 24576K [0x00000000eab00000, 0x00000000ec680000, 0x0000000100000000)
  eden space 22016K, 100% used [0x00000000eab00000,0x00000000ec080000,0x00000000ec080000)
  from space 2560K, 100% used [0x00000000ec080000,0x00000000ec300000,0x00000000ec300000)
  to   space 3072K, 0% used [0x00000000ec380000,0x00000000ec380000,0x00000000ec680000)
 ParOldGen       total 68608K, used 31105K [0x00000000c0000000, 0x00000000c4300000, 0x00000000eab00000)
  object space 68608K, 45% used [0x00000000c0000000,0x00000000c1e605f8,0x00000000c4300000)
 Metaspace       used 53229K, committed 54208K, reserved 1114112K
  class space    used 5737K, committed 6144K, reserved 1048576K
}
Event: 11.220 GC heap after
{Heap after GC invocations=26 (full 2):
 PSYoungGen      total 24576K, used 2496K [0x00000000eab00000, 0x00000000ec600000, 0x0000000100000000)
  eden space 22016K, 0% used [0x00000000eab00000,0x00000000eab00000,0x00000000ec080000)
  from space 2560K, 97% used [0x00000000ec380000,0x00000000ec5f0010,0x00000000ec600000)
  to   space 2560K, 0% used [0x00000000ec080000,0x00000000ec080000,0x00000000ec300000)
 ParOldGen       total 68608K, used 33513K [0x00000000c0000000, 0x00000000c4300000, 0x00000000eab00000)
  object space 68608K, 48% used [0x00000000c0000000,0x00000000c20ba5f8,0x00000000c4300000)
 Metaspace       used 53229K, committed 54208K, reserved 1114112K
  class space    used 5737K, committed 6144K, reserved 1048576K
}

Dll operation events (10 events):
Event: 0.013 Loaded shared library c:\Users\hp\.vscode\extensions\redhat.java-1.29.2024040108-win32-x64\jre\17.0.10-win32-x86_64\bin\java.dll
Event: 0.221 Loaded shared library c:\Users\hp\.vscode\extensions\redhat.java-1.29.2024040108-win32-x64\jre\17.0.10-win32-x86_64\bin\zip.dll
Event: 0.226 Loaded shared library C:\Users\hp\.vscode\extensions\redhat.java-1.29.2024040108-win32-x64\jre\17.0.10-win32-x86_64\bin\instrument.dll
Event: 0.251 Loaded shared library C:\Users\hp\.vscode\extensions\redhat.java-1.29.2024040108-win32-x64\jre\17.0.10-win32-x86_64\bin\net.dll
Event: 0.254 Loaded shared library C:\Users\hp\.vscode\extensions\redhat.java-1.29.2024040108-win32-x64\jre\17.0.10-win32-x86_64\bin\nio.dll
Event: 0.266 Loaded shared library C:\Users\hp\.vscode\extensions\redhat.java-1.29.2024040108-win32-x64\jre\17.0.10-win32-x86_64\bin\zip.dll
Event: 0.296 Loaded shared library C:\Users\hp\.vscode\extensions\redhat.java-1.29.2024040108-win32-x64\jre\17.0.10-win32-x86_64\bin\jimage.dll
Event: 0.402 Loaded shared library c:\Users\hp\.vscode\extensions\redhat.java-1.29.2024040108-win32-x64\jre\17.0.10-win32-x86_64\bin\verify.dll
Event: 2.065 Loaded shared library C:\Users\hp\AppData\Roaming\Code\User\globalStorage\redhat.java\1.29.2024040108\config_win\org.eclipse.equinox.launcher\org.eclipse.equinox.launcher.win32.win32.x86_64_1.2.900.v20240213-1244\eclipse_11900.dll
Event: 7.005 Loaded shared library C:\Users\hp\AppData\Local\Temp\jna-3336\jna9603145752155175175.dll

Deoptimization events (20 events):
Event: 11.067 Thread 0x00000287af64e8e0 Uncommon trap: trap_request=0xffffff6e fr.pc=0x000002879e53df98 relative=0x00000000000001f8
Event: 11.067 Thread 0x00000287af64e8e0 Uncommon trap: reason=loop_limit_check action=maybe_recompile pc=0x000002879e53df98 method=org.eclipse.jdt.internal.core.util.HashtableOfArrayToObject.hashCode([Ljava/lang/Object;I)I @ 27 c2
Event: 11.067 Thread 0x00000287af64e8e0 DEOPT PACKING pc=0x000002879e53df98 sp=0x000000b0a3afe9b0
Event: 11.067 Thread 0x00000287af64e8e0 DEOPT UNPACKING pc=0x000002879dfc66a3 sp=0x000000b0a3afe938 mode 2
Event: 11.461 Thread 0x00000287af64e8e0 DEOPT PACKING pc=0x0000028796b4b32a sp=0x000000b0a3afed70
Event: 11.461 Thread 0x00000287af64e8e0 DEOPT UNPACKING pc=0x000002879dfc6e43 sp=0x000000b0a3afe290 mode 0
Event: 11.468 Thread 0x00000287af64e8e0 DEOPT PACKING pc=0x0000028796c1557d sp=0x000000b0a3afecb0
Event: 11.468 Thread 0x00000287af64e8e0 DEOPT UNPACKING pc=0x000002879dfc6e43 sp=0x000000b0a3afe190 mode 0
Event: 11.481 Thread 0x00000287af64e8e0 DEOPT PACKING pc=0x000002879750f0f7 sp=0x000000b0a3afed40
Event: 11.481 Thread 0x00000287af64e8e0 DEOPT UNPACKING pc=0x000002879dfc6e43 sp=0x000000b0a3afe320 mode 0
Event: 11.483 Thread 0x00000287af64e8e0 DEOPT PACKING pc=0x0000028796c16730 sp=0x000000b0a3afeaf0
Event: 11.483 Thread 0x00000287af64e8e0 DEOPT UNPACKING pc=0x000002879dfc6e43 sp=0x000000b0a3afdfd0 mode 0
Event: 11.488 Thread 0x00000287af64e8e0 DEOPT PACKING pc=0x0000028796d986b1 sp=0x000000b0a3afea20
Event: 11.488 Thread 0x00000287af64e8e0 DEOPT UNPACKING pc=0x000002879dfc6e43 sp=0x000000b0a3afdf28 mode 0
Event: 11.546 Thread 0x00000287af64e8e0 Uncommon trap: trap_request=0xffffff45 fr.pc=0x000002879e5ffabc relative=0x00000000000003fc
Event: 11.546 Thread 0x00000287af64e8e0 Uncommon trap: reason=unstable_if action=reinterpret pc=0x000002879e5ffabc method=java.util.regex.Pattern$SliceU.match(Ljava/util/regex/Matcher;ILjava/lang/CharSequence;)Z @ 74 c2
Event: 11.546 Thread 0x00000287af64e8e0 DEOPT PACKING pc=0x000002879e5ffabc sp=0x000000b0a3afedc0
Event: 11.546 Thread 0x00000287af64e8e0 DEOPT UNPACKING pc=0x000002879dfc66a3 sp=0x000000b0a3afed48 mode 2
Event: 11.724 Thread 0x00000287af64e8e0 DEOPT PACKING pc=0x0000028797514e90 sp=0x000000b0a3afed50
Event: 11.724 Thread 0x00000287af64e8e0 DEOPT UNPACKING pc=0x000002879dfc6e43 sp=0x000000b0a3afe258 mode 0

Classes unloaded (7 events):
Event: 3.925 Thread 0x00000287acd52860 Unloading class 0x0000000100250400 'java/lang/invoke/LambdaForm$MH+0x0000000100250400'
Event: 3.925 Thread 0x00000287acd52860 Unloading class 0x0000000100250000 'java/lang/invoke/LambdaForm$MH+0x0000000100250000'
Event: 3.925 Thread 0x00000287acd52860 Unloading class 0x000000010024fc00 'java/lang/invoke/LambdaForm$MH+0x000000010024fc00'
Event: 3.925 Thread 0x00000287acd52860 Unloading class 0x000000010024f800 'java/lang/invoke/LambdaForm$MH+0x000000010024f800'
Event: 3.925 Thread 0x00000287acd52860 Unloading class 0x000000010024f400 'java/lang/invoke/LambdaForm$BMH+0x000000010024f400'
Event: 3.925 Thread 0x00000287acd52860 Unloading class 0x000000010024f000 'java/lang/invoke/LambdaForm$DMH+0x000000010024f000'
Event: 3.925 Thread 0x00000287acd52860 Unloading class 0x000000010024c400 'java/lang/invoke/LambdaForm$DMH+0x000000010024c400'

Classes redefined (0 events):
No events

Internal exceptions (20 events):
Event: 11.543 Thread 0x00000287af64e8e0 Exception <a 'sun/nio/fs/WindowsException'{0x00000000eb4a9fb0}> (0x00000000eb4a9fb0) 
thrown [s\src\hotspot\share\prims\jni.cpp, line 516]
Event: 11.543 Thread 0x00000287af64e8e0 Exception <a 'sun/nio/fs/WindowsException'{0x00000000eb4aa578}> (0x00000000eb4aa578) 
thrown [s\src\hotspot\share\prims\jni.cpp, line 516]
Event: 11.543 Thread 0x00000287af64e8e0 Exception <a 'sun/nio/fs/WindowsException'{0x00000000eb4aab40}> (0x00000000eb4aab40) 
thrown [s\src\hotspot\share\prims\jni.cpp, line 516]
Event: 11.543 Thread 0x00000287af64e8e0 Exception <a 'sun/nio/fs/WindowsException'{0x00000000eb4ab120}> (0x00000000eb4ab120) 
thrown [s\src\hotspot\share\prims\jni.cpp, line 516]
Event: 11.544 Thread 0x00000287af64e8e0 Exception <a 'sun/nio/fs/WindowsException'{0x00000000eb4afc20}> (0x00000000eb4afc20) 
thrown [s\src\hotspot\share\prims\jni.cpp, line 516]
Event: 11.544 Thread 0x00000287af64e8e0 Exception <a 'sun/nio/fs/WindowsException'{0x00000000eb4b01d8}> (0x00000000eb4b01d8) 
thrown [s\src\hotspot\share\prims\jni.cpp, line 516]
Event: 11.545 Thread 0x00000287af64e8e0 Exception <a 'sun/nio/fs/WindowsException'{0x00000000eb4b07a0}> (0x00000000eb4b07a0) 
thrown [s\src\hotspot\share\prims\jni.cpp, line 516]
Event: 11.545 Thread 0x00000287af64e8e0 Exception <a 'sun/nio/fs/WindowsException'{0x00000000eb4b0d78}> (0x00000000eb4b0d78) 
thrown [s\src\hotspot\share\prims\jni.cpp, line 516]
Event: 11.545 Thread 0x00000287af64e8e0 Exception <a 'sun/nio/fs/WindowsException'{0x00000000eb4b4e60}> (0x00000000eb4b4e60) 
thrown [s\src\hotspot\share\prims\jni.cpp, line 516]
Event: 11.545 Thread 0x00000287af64e8e0 Exception <a 'sun/nio/fs/WindowsException'{0x00000000eb4b5418}> (0x00000000eb4b5418) 
thrown [s\src\hotspot\share\prims\jni.cpp, line 516]
Event: 11.545 Thread 0x00000287af64e8e0 Exception <a 'sun/nio/fs/WindowsException'{0x00000000eb4b59d0}> (0x00000000eb4b59d0) 
thrown [s\src\hotspot\share\prims\jni.cpp, line 516]
Event: 11.545 Thread 0x00000287af64e8e0 Exception <a 'sun/nio/fs/WindowsException'{0x00000000eb4b5fa8}> (0x00000000eb4b5fa8) 
thrown [s\src\hotspot\share\prims\jni.cpp, line 516]
Event: 11.546 Thread 0x00000287af64e8e0 Exception <a 'sun/nio/fs/WindowsException'{0x00000000eb4ba568}> (0x00000000eb4ba568) 
thrown [s\src\hotspot\share\prims\jni.cpp, line 516]
Event: 11.546 Thread 0x00000287af64e8e0 Exception <a 'sun/nio/fs/WindowsException'{0x00000000eb4bab20}> (0x00000000eb4bab20) 
thrown [s\src\hotspot\share\prims\jni.cpp, line 516]
Event: 11.546 Thread 0x00000287af64e8e0 Exception <a 'sun/nio/fs/WindowsException'{0x00000000eb4bb0e8}> (0x00000000eb4bb0e8) 
thrown [s\src\hotspot\share\prims\jni.cpp, line 516]
Event: 11.546 Thread 0x00000287af64e8e0 Exception <a 'sun/nio/fs/WindowsException'{0x00000000eb4bb6c0}> (0x00000000eb4bb6c0) 
thrown [s\src\hotspot\share\prims\jni.cpp, line 516]
Event: 11.547 Thread 0x00000287af64e8e0 Exception <a 'sun/nio/fs/WindowsException'{0x00000000eb4bf6c0}> (0x00000000eb4bf6c0) 
thrown [s\src\hotspot\share\prims\jni.cpp, line 516]
Event: 11.548 Thread 0x00000287af64e8e0 Exception <a 'sun/nio/fs/WindowsException'{0x00000000eb4bfc88}> (0x00000000eb4bfc88) 
thrown [s\src\hotspot\share\prims\jni.cpp, line 516]
Event: 11.549 Thread 0x00000287af64e8e0 Exception <a 'sun/nio/fs/WindowsException'{0x00000000eb4c0250}> (0x00000000eb4c0250) 
thrown [s\src\hotspot\share\prims\jni.cpp, line 516]
Event: 11.549 Thread 0x00000287af64e8e0 Exception <a 'sun/nio/fs/WindowsException'{0x00000000eb4c0830}> (0x00000000eb4c0830) 
thrown [s\src\hotspot\share\prims\jni.cpp, line 516]

VM Operations (20 events):
Event: 10.368 Executing VM operation: HandshakeAllThreads
Event: 10.368 Executing VM operation: HandshakeAllThreads done
Event: 10.380 Executing VM operation: HandshakeAllThreads
Event: 10.381 Executing VM operation: HandshakeAllThreads done
Event: 10.404 Executing VM operation: HandshakeAllThreads
Event: 10.404 Executing VM operation: HandshakeAllThreads done
Event: 10.469 Executing VM operation: ICBufferFull
Event: 10.470 Executing VM operation: ICBufferFull done
Event: 10.540 Executing VM operation: ParallelGCFailedAllocation
Event: 10.543 Executing VM operation: ParallelGCFailedAllocation done
Event: 10.718 Executing VM operation: ParallelGCFailedAllocation
Event: 10.721 Executing VM operation: ParallelGCFailedAllocation done
Event: 10.904 Executing VM operation: ParallelGCFailedAllocation
Event: 10.907 Executing VM operation: ParallelGCFailedAllocation done
Event: 11.033 Executing VM operation: ParallelGCFailedAllocation
Event: 11.037 Executing VM operation: ParallelGCFailedAllocation done
Event: 11.118 Executing VM operation: ParallelGCFailedAllocation
Event: 11.122 Executing VM operation: ParallelGCFailedAllocation done
Event: 11.216 Executing VM operation: ParallelGCFailedAllocation
Event: 11.220 Executing VM operation: ParallelGCFailedAllocation done

Events (20 events):
Event: 10.537 loading class java/nio/channels/Channels$ReadableByteChannelImpl
Event: 10.538 loading class java/nio/channels/Channels$ReadableByteChannelImpl done
Event: 10.538 loading class java/nio/channels/NonWritableChannelException
Event: 10.539 loading class java/nio/channels/NonWritableChannelException done
Event: 10.539 loading class sun/nio/ch/ChannelInputStream
Event: 10.539 loading class sun/nio/ch/ChannelInputStream done
Event: 11.320 loading class java/lang/Class$EnclosingMethodInfo
Event: 11.320 loading class java/lang/Class$EnclosingMethodInfo done
Event: 11.325 loading class java/nio/file/SimpleFileVisitor
Event: 11.325 loading class java/nio/file/SimpleFileVisitor done
Event: 11.325 loading class java/nio/file/FileTreeWalker$1
Event: 11.325 loading class java/nio/file/FileTreeWalker$1 done
Event: 11.327 loading class sun/nio/fs/Globs
Event: 11.327 loading class sun/nio/fs/Globs done
Event: 11.327 loading class java/util/regex/Pattern$SliceU
Event: 11.327 loading class java/util/regex/Pattern$SliceU done
Event: 11.328 loading class sun/nio/fs/WindowsFileSystem$2
Event: 11.328 loading class java/nio/file/PathMatcher
Event: 11.328 loading class java/nio/file/PathMatcher done
Event: 11.328 loading class sun/nio/fs/WindowsFileSystem$2 done


Dynamic libraries:
0x00007ff702250000 - 0x00007ff70225e000 	c:\Users\hp\.vscode\extensions\redhat.java-1.29.2024040108-win32-x64\jre\17.0.10-win32-x86_64\bin\java.exe
0x00007ff869d50000 - 0x00007ff869f66000 	C:\WINDOWS\SYSTEM32\ntdll.dll
0x00007ff8697b0000 - 0x00007ff869874000 	C:\WINDOWS\System32\KERNEL32.DLL
0x00007ff8673d0000 - 0x00007ff867776000 	C:\WINDOWS\System32\KERNELBASE.dll
0x00007ff867780000 - 0x00007ff867891000 	C:\WINDOWS\System32\ucrtbase.dll
0x00007ff82ff00000 - 0x00007ff82ff17000 	c:\Users\hp\.vscode\extensions\redhat.java-1.29.2024040108-win32-x64\jre\17.0.10-win32-x86_64\bin\jli.dll
0x00007ff869a80000 - 0x00007ff869c2d000 	C:\WINDOWS\System32\USER32.dll
0x00007ff82fb90000 - 0x00007ff82fbab000 	c:\Users\hp\.vscode\extensions\redhat.java-1.29.2024040108-win32-x64\jre\17.0.10-win32-x86_64\bin\VCRUNTIME140.dll
0x00007ff867a70000 - 0x00007ff867a96000 	C:\WINDOWS\System32\win32u.dll
0x00007ff8699f0000 - 0x00007ff869a19000 	C:\WINDOWS\System32\GDI32.dll
0x00007ff8672b0000 - 0x00007ff8673c8000 	C:\WINDOWS\System32\gdi32full.dll
0x00007ff8678a0000 - 0x00007ff86793a000 	C:\WINDOWS\System32\msvcp_win.dll
0x00007ff848380000 - 0x00007ff848613000 	C:\WINDOWS\WinSxS\amd64_microsoft.windows.common-controls_6595b64144ccf1df_6.0.22621.3235_none_270f74e173860f98\COMCTL32.dll
0x00007ff867aa0000 - 0x00007ff867b47000 	C:\WINDOWS\System32\msvcrt.dll
0x00007ff867b50000 - 0x00007ff867b81000 	C:\WINDOWS\System32\IMM32.DLL
0x00007ff852b40000 - 0x00007ff852b4c000 	c:\Users\hp\.vscode\extensions\redhat.java-1.29.2024040108-win32-x64\jre\17.0.10-win32-x86_64\bin\vcruntime140_1.dll
0x00007ff82bc10000 - 0x00007ff82bc9d000 	c:\Users\hp\.vscode\extensions\redhat.java-1.29.2024040108-win32-x64\jre\17.0.10-win32-x86_64\bin\msvcp140.dll
0x00007fffba9c0000 - 0x00007fffbb622000 	c:\Users\hp\.vscode\extensions\redhat.java-1.29.2024040108-win32-x64\jre\17.0.10-win32-x86_64\bin\server\jvm.dll
0x00007ff869670000 - 0x00007ff869722000 	C:\WINDOWS\System32\ADVAPI32.dll
0x00007ff8693e0000 - 0x00007ff869488000 	C:\WINDOWS\System32\sechost.dll
0x00007ff867200000 - 0x00007ff867228000 	C:\WINDOWS\System32\bcrypt.dll
0x00007ff868af0000 - 0x00007ff868c05000 	C:\WINDOWS\System32\RPCRT4.dll
0x00007ff8669c0000 - 0x00007ff866a0d000 	C:\WINDOWS\SYSTEM32\POWRPROF.dll
0x00007ff84f0b0000 - 0x00007ff84f0b9000 	C:\WINDOWS\SYSTEM32\WSOCK32.dll
0x00007ff8695f0000 - 0x00007ff869661000 	C:\WINDOWS\System32\WS2_32.dll
0x00007ff85fa40000 - 0x00007ff85fa74000 	C:\WINDOWS\SYSTEM32\WINMM.dll
0x00007ff85f720000 - 0x00007ff85f72a000 	C:\WINDOWS\SYSTEM32\VERSION.dll
0x00007ff866940000 - 0x00007ff866953000 	C:\WINDOWS\SYSTEM32\UMPDC.dll
0x00007ff8660d0000 - 0x00007ff8660e8000 	C:\WINDOWS\SYSTEM32\kernel.appcore.dll
0x00007ff84f2c0000 - 0x00007ff84f2ca000 	c:\Users\hp\.vscode\extensions\redhat.java-1.29.2024040108-win32-x64\jre\17.0.10-win32-x86_64\bin\jimage.dll
0x00007ff853f10000 - 0x00007ff854143000 	C:\WINDOWS\SYSTEM32\DBGHELP.DLL
0x00007ff868c10000 - 0x00007ff868f98000 	C:\WINDOWS\System32\combase.dll
0x00007ff869c30000 - 0x00007ff869d07000 	C:\WINDOWS\System32\OLEAUT32.dll
0x00007ff854960000 - 0x00007ff854992000 	C:\WINDOWS\SYSTEM32\dbgcore.DLL
0x00007ff867230000 - 0x00007ff8672aa000 	C:\WINDOWS\System32\bcryptPrimitives.dll
0x00007ff84f280000 - 0x00007ff84f28e000 	c:\Users\hp\.vscode\extensions\redhat.java-1.29.2024040108-win32-x64\jre\17.0.10-win32-x86_64\bin\instrument.dll
0x00007ff82ca40000 - 0x00007ff82ca65000 	c:\Users\hp\.vscode\extensions\redhat.java-1.29.2024040108-win32-x64\jre\17.0.10-win32-x86_64\bin\java.dll
0x00007ff82ef60000 - 0x00007ff82ef78000 	c:\Users\hp\.vscode\extensions\redhat.java-1.29.2024040108-win32-x64\jre\17.0.10-win32-x86_64\bin\zip.dll
0x00007ff867dc0000 - 0x00007ff86861d000 	C:\WINDOWS\System32\SHELL32.dll
0x00007ff85ebe0000 - 0x00007ff85f4d8000 	C:\WINDOWS\SYSTEM32\windows.storage.dll
0x00007ff861f00000 - 0x00007ff86203e000 	C:\WINDOWS\SYSTEM32\wintypes.dll
0x00007ff867c40000 - 0x00007ff867d33000 	C:\WINDOWS\System32\SHCORE.dll
0x00007ff869990000 - 0x00007ff8699ee000 	C:\WINDOWS\System32\shlwapi.dll
0x00007ff866fc0000 - 0x00007ff866fe6000 	C:\WINDOWS\SYSTEM32\profapi.dll
0x00007ff82c930000 - 0x00007ff82c949000 	C:\Users\hp\.vscode\extensions\redhat.java-1.29.2024040108-win32-x64\jre\17.0.10-win32-x86_64\bin\net.dll
0x00007ff861610000 - 0x00007ff861747000 	C:\WINDOWS\SYSTEM32\WINHTTP.dll
0x00007ff866550000 - 0x00007ff8665b9000 	C:\WINDOWS\system32\mswsock.dll
0x00007ff82c8e0000 - 0x00007ff82c8f6000 	C:\Users\hp\.vscode\extensions\redhat.java-1.29.2024040108-win32-x64\jre\17.0.10-win32-x86_64\bin\nio.dll
0x00007ff84d140000 - 0x00007ff84d150000 	c:\Users\hp\.vscode\extensions\redhat.java-1.29.2024040108-win32-x64\jre\17.0.10-win32-x86_64\bin\verify.dll
0x00007ff826ae0000 - 0x00007ff826b1e000 	C:\Users\hp\AppData\Roaming\Code\User\globalStorage\redhat.java\1.29.2024040108\config_win\org.eclipse.equinox.launcher\org.eclipse.equinox.launcher.win32.win32.x86_64_1.2.900.v20240213-1244\eclipse_11900.dll
0x00007ff869030000 - 0x00007ff8691cf000 	C:\WINDOWS\System32\ole32.dll
0x00007ff866820000 - 0x00007ff86683b000 	C:\WINDOWS\SYSTEM32\CRYPTSP.dll
0x00007ff866030000 - 0x00007ff866065000 	C:\WINDOWS\system32\rsaenh.dll
0x00007ff8666b0000 - 0x00007ff8666dc000 	C:\WINDOWS\SYSTEM32\USERENV.dll
0x00007ff866810000 - 0x00007ff86681c000 	C:\WINDOWS\SYSTEM32\CRYPTBASE.dll
0x00007ff865b50000 - 0x00007ff865b7d000 	C:\WINDOWS\SYSTEM32\IPHLPAPI.DLL
0x00007ff869200000 - 0x00007ff869209000 	C:\WINDOWS\System32\NSI.dll
0x00007ff8615f0000 - 0x00007ff861609000 	C:\WINDOWS\SYSTEM32\dhcpcsvc6.DLL
0x00007ff85f730000 - 0x00007ff85f74f000 	C:\WINDOWS\SYSTEM32\dhcpcsvc.DLL
0x00007ff865b80000 - 0x00007ff865c79000 	C:\WINDOWS\SYSTEM32\DNSAPI.dll
0x00007ff82ecb0000 - 0x00007ff82ecf5000 	C:\Users\hp\AppData\Local\Temp\jna-3336\jna9603145752155175175.dll
0x00007ff869880000 - 0x00007ff869888000 	C:\WINDOWS\System32\PSAPI.DLL

dbghelp: loaded successfully - version: 4.0.5 - missing functions: none
symbol engine: initialized successfully - sym options: 0x614 - pdb path: .;c:\Users\hp\.vscode\extensions\redhat.java-1.29.2024040108-win32-x64\jre\17.0.10-win32-x86_64\bin;C:\WINDOWS\SYSTEM32;C:\WINDOWS\WinSxS\amd64_microsoft.windows.common-controls_6595b64144ccf1df_6.0.22621.3235_none_270f74e173860f98;c:\Users\hp\.vscode\extensions\redhat.java-1.29.2024040108-win32-x64\jre\17.0.10-win32-x86_64\bin\server;C:\Users\hp\AppData\Roaming\Code\User\globalStorage\redhat.java\1.29.2024040108\config_win\org.eclipse.equinox.launcher\org.eclipse.equinox.launcher.win32.win32.x86_64_1.2.900.v20240213-1244;C:\Users\hp\AppData\Local\Temp\jna-3336

VM Arguments:
jvm_args: --add-modules=ALL-SYSTEM --add-opens=java.base/java.util=ALL-UNNAMED --add-opens=java.base/java.lang=ALL-UNNAMED --add-opens=java.base/sun.nio.fs=ALL-UNNAMED -Declipse.application=org.eclipse.jdt.ls.core.id1 -Dosgi.bundles.defaultStartLevel=4 -Declipse.product=org.eclipse.jdt.ls.core.product -Djava.import.generatesMetadataFilesAtProjectRoot=false -DDetectVMInstallationsJob.disabled=true -Dfile.encoding=utf8 -XX:+UseParallelGC -XX:GCTimeRatio=4 -XX:AdaptiveSizePolicyWeight=90 -Dsun.zip.disableMemoryMapping=true -Xmx1G -Xms100m -Xlog:disable -javaagent:c:\Users\hp\.vscode\extensions\redhat.java-1.29.2024040108-win32-x64\lombok\lombok-1.18.32.jar -XX:+HeapDumpOnOutOfMemoryError -XX:HeapDumpPath=c:\Users\hp\AppData\Roaming\Code\User\workspaceStorage\8e48fd55813f02b773f8300aef44ea0b\redhat.java -Daether.dependencyCollector.impl=bf 
java_command: c:\Users\hp\.vscode\extensions\redhat.java-1.29.2024040108-win32-x64\server\plugins\org.eclipse.equinox.launcher_1.6.800.v20240304-1850.jar -configuration c:\Users\hp\AppData\Roaming\Code\User\globalStorage\redhat.java\1.29.2024040108\config_win -data c:\Users\hp\AppData\Roaming\Code\User\workspaceStorage\8e48fd55813f02b773f8300aef44ea0b\redhat.java\jdt_ws --pipe=\\.\pipe\lsp-9bbe0ebfbed58e11b89d1fea2a1cfb8a-sock
java_class_path (initial): c:\Users\hp\.vscode\extensions\redhat.java-1.29.2024040108-win32-x64\server\plugins\org.eclipse.equinox.launcher_1.6.800.v20240304-1850.jar
Launcher Type: SUN_STANDARD

[Global flags]
    uintx AdaptiveSizePolicyWeight                 = 90                                        {product} {command line}
     intx CICompilerCount                          = 4                                         {product} {ergonomic}
    uintx GCTimeRatio                              = 4                                         {product} {command line}
     bool HeapDumpOnOutOfMemoryError               = true                                   {manageable} {command line}
    ccstr HeapDumpPath                             = c:\Users\hp\AppData\Roaming\Code\User\workspaceStorage\8e48fd55813f02b773f8300aef44ea0b\redhat.java         {manageable} {command line}
   size_t InitialHeapSize                          = 104857600                                 {product} {command line}
   size_t MaxHeapSize                              = 1073741824                                {product} {command line}
   size_t MaxNewSize                               = 357564416                                 {product} {ergonomic}
   size_t MinHeapDeltaBytes                        = 524288                                    {product} {ergonomic}
   size_t MinHeapSize                              = 104857600                                 {product} {command line}
   size_t NewSize                                  = 34603008                                  {product} {ergonomic}
    uintx NonNMethodCodeHeapSize                   = 5839372                                {pd product} {ergonomic}
    uintx NonProfiledCodeHeapSize                  = 122909434                              {pd product} {ergonomic}
   size_t OldSize                                  = 70254592                                  {product} {ergonomic}
    uintx ProfiledCodeHeapSize                     = 122909434                              {pd product} {ergonomic}
    uintx ReservedCodeCacheSize                    = 251658240                              {pd product} {ergonomic}
     bool SegmentedCodeCache                       = true                                      {product} {ergonomic}
   size_t SoftMaxHeapSize                          = 1073741824                             {manageable} {ergonomic}
     bool UseCompressedClassPointers               = true                           {product lp64_product} {ergonomic}
     bool UseCompressedOops                        = true                           {product lp64_product} {ergonomic}
     bool UseLargePagesIndividualAllocation        = false                                  {pd product} {ergonomic}
     bool UseParallelGC                            = true                                      {product} {command line}

Logging:
Log output configuration:
 #0: stdout all=off uptime,level,tags
 #1: stderr all=off uptime,level,tags

Environment Variables:
JAVA_HOME=C:\Program Files\Java\jdk-17
PATH=C:\ffmpeg\bin;C:\ffmpeg\bin;C:\ffmpeg\bin;C:\Program Files\Java\jdk-17\bin;C:\Program Files\Common Files\Oracle;C:\Program Files\Microsoft\jdk-11.0.20.8-hotspot\bin;C:\WINDOWS\system32;C:\WINDOWS;C:\WINDOWS\System32\Wbem;C:\WINDOWS\System32\WindowsPowerShell\v1.0\;C:\WINDOWS\System32\OpenSSH\;C:\Program Files\Git\cmd;C:\sqlite;C:\ProgramData\chocolatey\bin;C:\Program Files\nodejs\;C:\Users\hp\AppData\Local\Android\Sdk\platform-tools\;C:\Users\hp\AppData\Local\jdk-11.0.2\bin;C:\Users\hp\AppData\Local\jdk-11.0.2\bin;C:\Users\hp\AppData\Local\Android\Sdk\tools;C:\Users\hp\AppData\Local\Android\Sdk\tools;C:\Users\hp\AppData\Local\Android\Sdk\tools;C:\Users\hp\AppData\Roaming\npm;C:\Program Files (x86)\Microsoft VS Code\bin;C:\Users\hp\AppData\Local\Programs\Microsoft VS Code\bin;D:\xampp\mysql\bin;;C:\Program Files\Docker\Docker\resources\bin;C:\Users\hp\.cargo\bin;C:\Users\hp\AppData\Local\Programs\Python\Launcher\;C:\Users\hp\AppData\Local\jdk-11.0.2\bin;C:\Users\hp\AppData\Local\jdk-11.0.2\bin;C:\Users\hp\AppData\Local\Android\Sdk\platform-tools;C:\Users\hp\AppData\Local\Android\Sdk\tools;C:\Users\hp\AppData\Local\Android\Sdk\platform-tools;C:\Users\hp\AppData\Local\Android\Sdk\tools;C:\Users\hp\AppData\Local\Android\Sdk\tools;C:\Program Files\Microsoft\jdk-11.0.20.8-hotspot\bin;C:\WINDOWS\system32;C:\WINDOWS;C:\WINDOWS\System32\Wbem;C:\WINDOWS\System32\WindowsPowerShell\v1.0\;C:\WINDOWS\System32\OpenSSH\;C:\Program Files\Git\cmd;C:\sqlite;C:\ProgramData\chocolatey\bin;C:\Program Files\nodejs\;C:\Users\hp\AppData\Local\Android\Sdk\platform-tools\;C:\Users\hp\AppData\Roaming\npm;C:\Program Files (x86)\Microsoft VS Code\bin;C:\Users\hp\AppData\Local\Programs\Microsoft VS Code\bin;D:\xampp\mysql\bin;C:\Users\hp\AppData\Local\Programs\Python\Python312\Scripts;C:\Users\hp\AppData\Local\Programs\Python\Python312;
USERNAME=hp
OS=Windows_NT
PROCESSOR_IDENTIFIER=AMD64 Family 23 Model 104 Stepping 1, AuthenticAMD
TMP=C:\Users\hp\AppData\Local\Temp
TEMP=C:\Users\hp\AppData\Local\Temp



Periodic native trim disabled


---------------  S Y S T E M  ---------------

OS:
 Windows 11 , 64 bit Build 22621 (10.0.22621.3235)
OS uptime: 3 days 11:13 hours
Hyper-V role detected

CPU: total 12 (initial active 12) (12 cores per cpu, 2 threads per core) family 23 model 104 stepping 1 microcode 0x0, cx8, cmov, fxsr, ht, mmx, 3dnowpref, sse, sse2, sse3, ssse3, sse4a, sse4.1, sse4.2, popcnt, lzcnt, tsc, tscinvbit, avx, avx2, aes, clmul, bmi1, bmi2, adx, sha, fma, vzeroupper, clflush, clflushopt, hv
Processor Information for all 12 processors :
  Max Mhz: 2100, Current Mhz: 2100, Mhz Limit: 2100

Memory: 4k page, system-wide physical 7501M (41M free)
TotalPageFile size 19556M (AvailPageFile size 0M)
current process WorkingSet (physical memory assigned to process): 205M, peak: 206M
current process commit charge ("private bytes"): 292M, peak: 304M

vm_info: OpenJDK 64-Bit Server VM (17.0.10+7) for windows-amd64 JRE (17.0.10+7), built on Jan 16 2024 23:25:11 by "admin" with MS VC++ 16.10 / 16.11 (VS2019)

END.
