#
# There is insufficient memory for the Java Runtime Environment to continue.
# Native memory allocation (mmap) failed to map 65536 bytes for Failed to commit metaspace.
# Possible reasons:
#   The system is out of physical RAM or swap space
#   The process is running with CompressedOops enabled, and the Java Heap may be blocking the growth of the native heap
# Possible solutions:
#   Reduce memory load on the system
#   Increase physical memory or swap space
#   Check if swap backing store is full
#   Decrease Java heap size (-Xmx/-Xms)
#   Decrease number of Java threads
#   Decrease Java thread stack sizes (-Xss)
#   Set larger code cache with -XX:ReservedCodeCacheSize=
#   JVM is running with Unscaled Compressed Oops mode in which the Java heap is
#     placed in the first 4GB address space. The Java Heap base address is the
#     maximum limit for the native heap growth. Please use -XX:HeapBaseMinAddress
#     to set the Java Heap base and to place the Java Heap above 4GB virtual address.
# This output file may be truncated or incomplete.
#
#  Out of Memory Error (virtualSpaceNode.cpp:110), pid=18516, tid=19696
#
# JRE version: OpenJDK Runtime Environment Temurin-17.0.10+7 (17.0.10+7) (build 17.0.10+7)
# Java VM: OpenJDK 64-Bit Server VM Temurin-17.0.10+7 (17.0.10+7, mixed mode, tiered, compressed oops, compressed class ptrs, parallel gc, windows-amd64)
# No core dump will be written. Minidumps are not enabled by default on client versions of Windows
#

---------------  S U M M A R Y ------------

Command Line: --add-modules=ALL-SYSTEM --add-opens=java.base/java.util=ALL-UNNAMED --add-opens=java.base/java.lang=ALL-UNNAMED --add-opens=java.base/sun.nio.fs=ALL-UNNAMED -Declipse.application=org.eclipse.jdt.ls.core.id1 -Dosgi.bundles.defaultStartLevel=4 -Declipse.product=org.eclipse.jdt.ls.core.product -Djava.import.generatesMetadataFilesAtProjectRoot=false -DDetectVMInstallationsJob.disabled=true -Dfile.encoding=utf8 -XX:+UseParallelGC -XX:GCTimeRatio=4 -XX:AdaptiveSizePolicyWeight=90 -Dsun.zip.disableMemoryMapping=true -Xmx1G -Xms100m -Xlog:disable -javaagent:c:\Users\hp\.vscode\extensions\redhat.java-1.29.2024040108-win32-x64\lombok\lombok-1.18.32.jar -XX:+HeapDumpOnOutOfMemoryError -XX:HeapDumpPath=c:\Users\hp\AppData\Roaming\Code\User\workspaceStorage\8e48fd55813f02b773f8300aef44ea0b\redhat.java -Daether.dependencyCollector.impl=bf c:\Users\hp\.vscode\extensions\redhat.java-1.29.2024040108-win32-x64\server\plugins\org.eclipse.equinox.launcher_1.6.800.v20240304-1850.jar -configuration c:\Users\hp\AppData\Roaming\Code\User\globalStorage\redhat.java\1.29.2024040108\config_win -data c:\Users\hp\AppData\Roaming\Code\User\workspaceStorage\8e48fd55813f02b773f8300aef44ea0b\redhat.java\jdt_ws --pipe=\\.\pipe\lsp-7dd5ca5eb0636410c341efdcd25c07b1-sock

Host: AMD Ryzen 5 5500U with Radeon Graphics         , 12 cores, 7G,  Windows 11 , 64 bit Build 22621 (10.0.22621.3235)
Time: Mon Apr  1 22:48:12 2024 India Standard Time elapsed time: 103.331253 seconds (0d 0h 1m 43s)

---------------  T H R E A D  ---------------

Current thread (0x00000242c1df2d50):  JavaThread "C1 CompilerThread0" daemon [_thread_in_vm, id=19696, stack(0x000000eeee400000,0x000000eeee500000)]


Current CompileTask:
C1: 103331 10214       2       org.eclipse.jdt.internal.compiler.impl.CompilerOptions::updateSeverity (158 bytes)

Stack: [0x000000eeee400000,0x000000eeee500000]
Native frames: (J=compiled Java code, j=interpreted, Vv=VM code, C=native code)
V  [jvm.dll+0x67d2c9]
V  [jvm.dll+0x834afa]
V  [jvm.dll+0x8365be]
V  [jvm.dll+0x836c23]
V  [jvm.dll+0x2477ff]
V  [jvm.dll+0x8307bb]
V  [jvm.dll+0x621d16]
V  [jvm.dll+0x1c183e]
V  [jvm.dll+0x624671]
V  [jvm.dll+0x6226b6]
V  [jvm.dll+0x6339ea]
V  [jvm.dll+0x62c7ca]
V  [jvm.dll+0x1cda30]
V  [jvm.dll+0x1cdc20]
V  [jvm.dll+0x135b8e]
V  [jvm.dll+0x135eb6]
V  [jvm.dll+0x13534a]
V  [jvm.dll+0x137001]
V  [jvm.dll+0x2290de]
V  [jvm.dll+0x2272ac]
V  [jvm.dll+0x7e9bb7]
V  [jvm.dll+0x7e3fba]
V  [jvm.dll+0x67c1b5]
C  [ucrtbase.dll+0x29363]
C  [KERNEL32.DLL+0x1257d]
C  [ntdll.dll+0x5aa58]


---------------  P R O C E S S  ---------------

Threads class SMR info:
_java_thread_list=0x00000242c57ef8d0, length=50, elements={
0x00000242a8da2640, 0x00000242a8e46f50, 0x00000242bcc297b0, 0x00000242a8e4af70,
0x00000242a8e4b940, 0x00000242a8e4c410, 0x00000242c1d8bf20, 0x00000242c1d8cb20,
0x00000242c1df2d50, 0x00000242c1df7290, 0x00000242c1e97e10, 0x00000242c3566c00,
0x00000242c3e76a80, 0x00000242c3e76f90, 0x00000242c3e774a0, 0x00000242c3e77ec0,
0x00000242c3e79810, 0x00000242c5632610, 0x00000242c562df30, 0x00000242c562da20,
0x00000242c56316e0, 0x00000242c5631bf0, 0x00000242c5633f60, 0x00000242c562d510,
0x00000242c562ee60, 0x00000242c562e440, 0x00000242c562e950, 0x00000242c5633540,
0x00000242c5633030, 0x00000242c562f370, 0x00000242c562f880, 0x00000242c5633a50,
0x00000242c562fd90, 0x00000242c56302a0, 0x00000242c5630cc0, 0x00000242c56311d0,
0x00000242c3e783d0, 0x00000242c3e76060, 0x00000242c3e788e0, 0x00000242c3e78df0,
0x00000242c3e76570, 0x00000242c5bda8e0, 0x00000242c5bdadf0, 0x00000242c5bd8a80,
0x00000242c5bd8570, 0x00000242c5bda3d0, 0x00000242c5bdc230, 0x00000242c5bd57e0,
0x00000242c5bd6200, 0x00000242c5bd7640
}

Java Threads: ( => current thread )
  0x00000242a8da2640 JavaThread "main" [_thread_blocked, id=16588, stack(0x000000eeeda00000,0x000000eeedb00000)]
  0x00000242a8e46f50 JavaThread "Reference Handler" daemon [_thread_blocked, id=6996, stack(0x000000eeedd00000,0x000000eeede00000)]
  0x00000242bcc297b0 JavaThread "Finalizer" daemon [_thread_blocked, id=21680, stack(0x000000eeede00000,0x000000eeedf00000)]
  0x00000242a8e4af70 JavaThread "Signal Dispatcher" daemon [_thread_blocked, id=4372, stack(0x000000eeedf00000,0x000000eeee000000)]
  0x00000242a8e4b940 JavaThread "Attach Listener" daemon [_thread_blocked, id=10484, stack(0x000000eeee000000,0x000000eeee100000)]
  0x00000242a8e4c410 JavaThread "Service Thread" daemon [_thread_blocked, id=24244, stack(0x000000eeee100000,0x000000eeee200000)]
  0x00000242c1d8bf20 JavaThread "Monitor Deflation Thread" daemon [_thread_blocked, id=23460, stack(0x000000eeee200000,0x000000eeee300000)]
  0x00000242c1d8cb20 JavaThread "C2 CompilerThread0" daemon [_thread_in_native, id=24536, stack(0x000000eeee300000,0x000000eeee400000)]
=>0x00000242c1df2d50 JavaThread "C1 CompilerThread0" daemon [_thread_in_vm, id=19696, stack(0x000000eeee400000,0x000000eeee500000)]
  0x00000242c1df7290 JavaThread "Sweeper thread" daemon [_thread_blocked, id=8652, stack(0x000000eeee500000,0x000000eeee600000)]
  0x00000242c1e97e10 JavaThread "Common-Cleaner" daemon [_thread_blocked, id=19512, stack(0x000000eeee600000,0x000000eeee700000)]
  0x00000242c3566c00 JavaThread "Notification Thread" daemon [_thread_blocked, id=11044, stack(0x000000eeee700000,0x000000eeee800000)]
  0x00000242c3e76a80 JavaThread "Active Thread: Equinox Container: ff9b30db-eff7-4002-a90f-3aa82b15b1f0" [_thread_blocked, id=8944, stack(0x000000eeef500000,0x000000eeef600000)]
  0x00000242c3e76f90 JavaThread "Framework Event Dispatcher: Equinox Container: ff9b30db-eff7-4002-a90f-3aa82b15b1f0" daemon [_thread_blocked, id=7448, stack(0x000000eeef600000,0x000000eeef700000)]
  0x00000242c3e774a0 JavaThread "Start Level: Equinox Container: ff9b30db-eff7-4002-a90f-3aa82b15b1f0" daemon [_thread_blocked, id=9724, stack(0x000000eeef700000,0x000000eeef800000)]
  0x00000242c3e77ec0 JavaThread "Refresh Thread: Equinox Container: ff9b30db-eff7-4002-a90f-3aa82b15b1f0" daemon [_thread_blocked, id=2444, stack(0x000000eeef900000,0x000000eeefa00000)]
  0x00000242c3e79810 JavaThread "Bundle File Closer" daemon [_thread_blocked, id=10760, stack(0x000000eef0000000,0x000000eef0100000)]
  0x00000242c5632610 JavaThread "SCR Component Actor" daemon [_thread_blocked, id=21368, stack(0x000000eef0400000,0x000000eef0500000)]
  0x00000242c562df30 JavaThread "Worker-JM" [_thread_blocked, id=18676, stack(0x000000eef0600000,0x000000eef0700000)]
  0x00000242c562da20 JavaThread "Worker-0" [_thread_blocked, id=10792, stack(0x000000eeeef00000,0x000000eeef000000)]
  0x00000242c56316e0 JavaThread "Worker-1: Refreshing workspace" [_thread_blocked, id=13068, stack(0x000000eeef000000,0x000000eeef100000)]
  0x00000242c5631bf0 JavaThread "Java indexing" daemon [_thread_blocked, id=19556, stack(0x000000eeef200000,0x000000eeef300000)]
  0x00000242c5633f60 JavaThread "Worker-3" [_thread_blocked, id=9032, stack(0x000000eeef300000,0x000000eeef400000)]
  0x00000242c562d510 JavaThread "Worker-4" [_thread_blocked, id=16116, stack(0x000000eeef400000,0x000000eeef500000)]
  0x00000242c562ee60 JavaThread "JNA Cleaner" daemon [_thread_blocked, id=10304, stack(0x000000eeefa00000,0x000000eeefb00000)]
  0x00000242c562e440 JavaThread "Thread-2" daemon [_thread_in_native, id=20012, stack(0x000000eeefb00000,0x000000eeefc00000)]
  0x00000242c562e950 JavaThread "Thread-3" daemon [_thread_in_native, id=16824, stack(0x000000eeefc00000,0x000000eeefd00000)]
  0x00000242c5633540 JavaThread "Thread-4" daemon [_thread_in_native, id=16520, stack(0x000000eeefd00000,0x000000eeefe00000)]
  0x00000242c5633030 JavaThread "Thread-5" daemon [_thread_in_native, id=9152, stack(0x000000eeefe00000,0x000000eeeff00000)]
  0x00000242c562f370 JavaThread "Thread-6" daemon [_thread_in_native, id=9492, stack(0x000000eeeff00000,0x000000eef0000000)]
  0x00000242c562f880 JavaThread "Thread-7" daemon [_thread_in_native, id=3996, stack(0x000000eef0300000,0x000000eef0400000)]
  0x00000242c5633a50 JavaThread "Thread-8" daemon [_thread_in_native, id=1064, stack(0x000000eef0700000,0x000000eef0800000)]
  0x00000242c562fd90 JavaThread "Thread-9" daemon [_thread_in_native, id=5924, stack(0x000000eef0800000,0x000000eef0900000)]
  0x00000242c56302a0 JavaThread "Thread-10" daemon [_thread_in_native, id=11128, stack(0x000000eef0900000,0x000000eef0a00000)]
  0x00000242c5630cc0 JavaThread "Thread-11" daemon [_thread_in_native, id=18580, stack(0x000000eef0a00000,0x000000eef0b00000)]
  0x00000242c56311d0 JavaThread "Thread-12" daemon [_thread_in_native, id=16416, stack(0x000000eef0b00000,0x000000eef0c00000)]
  0x00000242c3e783d0 JavaThread "Thread-13" daemon [_thread_in_native, id=16144, stack(0x000000eef0c00000,0x000000eef0d00000)]
  0x00000242c3e76060 JavaThread "Thread-14" daemon [_thread_in_native, id=8732, stack(0x000000eef0d00000,0x000000eef0e00000)]
  0x00000242c3e788e0 JavaThread "pool-2-thread-1" [_thread_blocked, id=22312, stack(0x000000eef0e00000,0x000000eef0f00000)]
  0x00000242c3e78df0 JavaThread "Worker-5: Initialize workspace" [_thread_blocked, id=13480, stack(0x000000eef0f00000,0x000000eef1000000)]
  0x00000242c3e76570 JavaThread "Worker-6" [_thread_blocked, id=4724, stack(0x000000eef1000000,0x000000eef1100000)]
  0x00000242c5bda8e0 JavaThread "WorkspaceEventsHandler" [_thread_blocked, id=1784, stack(0x000000eef1100000,0x000000eef1200000)]
  0x00000242c5bdadf0 JavaThread "pool-1-thread-1" [_thread_blocked, id=6304, stack(0x000000eef1200000,0x000000eef1300000)]
  0x00000242c5bd8a80 JavaThread "Timer-0" [_thread_blocked, id=18892, stack(0x000000eef2000000,0x000000eef2100000)]
  0x00000242c5bd8570 JavaThread "Timer-1" [_thread_blocked, id=3804, stack(0x000000eef1600000,0x000000eef1700000)]
  0x00000242c5bda3d0 JavaThread "ForkJoinPool.commonPool-worker-1" daemon [_thread_in_vm, id=15580, stack(0x000000eeed800000,0x000000eeed900000)]
  0x00000242c5bdc230 JavaThread "ForkJoinPool.commonPool-worker-2" daemon [_thread_blocked, id=2968, stack(0x000000eeed900000,0x000000eeeda00000)]
  0x00000242c5bd57e0 JavaThread "ForkJoinPool.commonPool-worker-3" daemon [_thread_blocked, id=6028, stack(0x000000eeef100000,0x000000eeef200000)]
  0x00000242c5bd6200 JavaThread "ForkJoinPool.commonPool-worker-4" daemon [_thread_blocked, id=12164, stack(0x000000eef1700000,0x000000eef1800000)]
  0x00000242c5bd7640 JavaThread "ForkJoinPool.commonPool-worker-5" daemon [_thread_blocked, id=11720, stack(0x000000eef1800000,0x000000eef1900000)]

Other Threads:
  0x00000242a8e46ca0 VMThread "VM Thread" [stack: 0x000000eeedc00000,0x000000eeedd00000] [id=3212]
  0x00000242c35670e0 WatcherThread [stack: 0x000000eeee800000,0x000000eeee900000] [id=6380]
  0x00000242a8db7dc0 GCTaskThread "GC Thread#0" [stack: 0x000000eeedb00000,0x000000eeedc00000] [id=7044]
  0x00000242c3961bf0 GCTaskThread "GC Thread#1" [stack: 0x000000eeee900000,0x000000eeeea00000] [id=2544]
  0x00000242c3960330 GCTaskThread "GC Thread#2" [stack: 0x000000eeeea00000,0x000000eeeeb00000] [id=23836]
  0x00000242c3960070 GCTaskThread "GC Thread#3" [stack: 0x000000eeeeb00000,0x000000eeeec00000] [id=19244]
  0x00000242c39608b0 GCTaskThread "GC Thread#4" [stack: 0x000000eeeec00000,0x000000eeeed00000] [id=344]
  0x00000242c39605f0 GCTaskThread "GC Thread#5" [stack: 0x000000eeeed00000,0x000000eeeee00000] [id=4164]
  0x00000242c3960b70 GCTaskThread "GC Thread#6" [stack: 0x000000eeeee00000,0x000000eeeef00000] [id=19200]
  0x00000242c3960e30 GCTaskThread "GC Thread#7" [stack: 0x000000eeef800000,0x000000eeef900000] [id=21584]
  0x00000242c3961670 GCTaskThread "GC Thread#8" [stack: 0x000000eef0100000,0x000000eef0200000] [id=13532]
  0x00000242c4a426b0 GCTaskThread "GC Thread#9" [stack: 0x000000eef0200000,0x000000eef0300000] [id=24348]

Threads with active compile tasks:
C2 CompilerThread0   103361 10138       4       org.eclipse.jdt.internal.compiler.util.JrtFileSystem$2::visitFile (72 bytes)
C1 CompilerThread0   103361 10214       2       org.eclipse.jdt.internal.compiler.impl.CompilerOptions::updateSeverity (158 bytes)

VM state: not at safepoint (normal execution)

VM Mutex/Monitor currently owned by a thread:  ([mutex/lock_event])
[0x00000242a8d9d5a0] Metaspace_lock - owner thread: 0x00000242c1df2d50
[0x00000242a8d9f840] MethodData_lock - owner thread: 0x00000242c1df2d50

Heap address: 0x00000000c0000000, size: 1024 MB, Compressed Oops mode: 32-bit

CDS archive(s) not mapped
Compressed class space mapped at: 0x0000000100000000-0x0000000140000000, reserved size: 1073741824
Narrow klass base: 0x0000000000000000, Narrow klass shift: 3, Narrow klass range: 0x140000000

GC Precious Log:
 CPUs: 12 total, 12 available
 Memory: 7501M
 Large Page Support: Disabled
 NUMA Support: Disabled
 Compressed Oops: Enabled (32-bit)
 Alignments: Space 512K, Generation 512K, Heap 2M
 Heap Min Capacity: 100M
 Heap Initial Capacity: 100M
 Heap Max Capacity: 1G
 Pre-touch: Disabled
 Parallel Workers: 10

Heap:
 PSYoungGen      total 7680K, used 1195K [0x00000000eab00000, 0x00000000eb400000, 0x0000000100000000)
  eden space 7168K, 10% used [0x00000000eab00000,0x00000000eabbcbb8,0x00000000eb200000)
  from space 512K, 86% used [0x00000000eb300000,0x00000000eb36e1e8,0x00000000eb380000)
  to   space 512K, 0% used [0x00000000eb380000,0x00000000eb380000,0x00000000eb400000)
 ParOldGen       total 68608K, used 55966K [0x00000000c0000000, 0x00000000c4300000, 0x00000000eab00000)
  object space 68608K, 81% used [0x00000000c0000000,0x00000000c36a7bd0,0x00000000c4300000)
 Metaspace       used 68730K, committed 69888K, reserved 1114112K
  class space    used 7798K, committed 8320K, reserved 1048576K

Card table byte_map: [0x00000242a8730000,0x00000242a8940000] _byte_map_base: 0x00000242a8130000

Marking Bits: (ParMarkBitMap*) 0x00007fffbb55d7d0
 Begin Bits: [0x00000242baa30000, 0x00000242bba30000)
 End Bits:   [0x00000242bba30000, 0x00000242bca30000)

Polling page: 0x00000242a6d20000

Metaspace:

Usage:
  Non-class:     59.50 MB used.
      Class:      7.62 MB used.
       Both:     67.12 MB used.

Virtual space:
  Non-class space:       64.00 MB reserved,      60.12 MB ( 94%) committed,  1 nodes.
      Class space:        1.00 GB reserved,       8.12 MB ( <1%) committed,  1 nodes.
             Both:        1.06 GB reserved,      68.25 MB (  6%) committed. 

Chunk freelists:
   Non-Class:  3.23 MB
       Class:  7.76 MB
        Both:  11.00 MB

MaxMetaspaceSize: unlimited
CompressedClassSpaceSize: 1.00 GB
Initial GC threshold: 21.00 MB
Current GC threshold: 97.31 MB
CDS: off
MetaspaceReclaimPolicy: balanced
 - commit_granule_bytes: 65536.
 - commit_granule_words: 8192.
 - virtual_space_node_default_size: 8388608.
 - enlarge_chunks_in_place: 1.
 - new_chunks_are_fully_committed: 0.
 - uncommit_free_chunks: 1.
 - use_allocation_guard: 0.
 - handle_deallocations: 1.


Internal statistics:

num_allocs_failed_limit: 9.
num_arena_births: 748.
num_arena_deaths: 44.
num_vsnodes_births: 2.
num_vsnodes_deaths: 0.
num_space_committed: 1092.
num_space_uncommitted: 0.
num_chunks_returned_to_freelist: 62.
num_chunks_taken_from_freelist: 3542.
num_chunk_merges: 15.
num_chunk_splits: 2189.
num_chunks_enlarged: 1280.
num_inconsistent_stats: 0.

CodeHeap 'non-profiled nmethods': size=120000Kb used=5678Kb max_used=5678Kb free=114321Kb
 bounds [0x00000242b3500000, 0x00000242b3a90000, 0x00000242baa30000]
CodeHeap 'profiled nmethods': size=120000Kb used=16699Kb max_used=16699Kb free=103300Kb
 bounds [0x00000242aba30000, 0x00000242aca90000, 0x00000242b2f60000]
CodeHeap 'non-nmethods': size=5760Kb used=1340Kb max_used=1380Kb free=4419Kb
 bounds [0x00000242b2f60000, 0x00000242b31d0000, 0x00000242b3500000]
 total_blobs=9075 nmethods=8397 adapters=591
 compilation: enabled
              stopped_count=0, restarted_count=0
 full_count=0

Compilation events (20 events):
Event: 103.316 Thread 0x00000242c1df2d50 nmethod 10204 0x00000242aca79f10 code [0x00000242aca7a0e0, 0x00000242aca7a3f8]
Event: 103.316 Thread 0x00000242c1df2d50 10205       2       org.eclipse.core.internal.events.BuildCommand::getArguments (6 bytes)
Event: 103.316 Thread 0x00000242c1df2d50 nmethod 10205 0x00000242aca7a610 code [0x00000242aca7a7c0, 0x00000242aca7a948]
Event: 103.316 Thread 0x00000242c1df2d50 10206   !   2       org.eclipse.core.internal.events.BuildCommand::setBuilders (66 bytes)
Event: 103.317 Thread 0x00000242c1df2d50 nmethod 10206 0x00000242aca7aa90 code [0x00000242aca7ac40, 0x00000242aca7b008]
Event: 103.319 Thread 0x00000242c1df2d50 10207       1       org.eclipse.buildship.core.internal.configuration.GradleProjectValidationResourceDeltaVisitor$GradleProjectValidator::getSettingsFolder (5 bytes)
Event: 103.319 Thread 0x00000242c1df2d50 nmethod 10207 0x00000242b3a8b310 code [0x00000242b3a8b4a0, 0x00000242b3a8b578]
Event: 103.319 Thread 0x00000242c1df2d50 10209       2       org.eclipse.core.internal.events.ResourceDelta::getProjectRelativePath (35 bytes)
Event: 103.320 Thread 0x00000242c1df2d50 nmethod 10209 0x00000242aca7b210 code [0x00000242aca7b3c0, 0x00000242aca7b5e8]
Event: 103.320 Thread 0x00000242c1df2d50 10208       1       org.eclipse.buildship.core.internal.configuration.GradleProjectValidationResourceDeltaVisitor$GradleProjectValidator::getPreferencesFile (5 bytes)
Event: 103.320 Thread 0x00000242c1df2d50 nmethod 10208 0x00000242b3a8b610 code [0x00000242b3a8b7a0, 0x00000242b3a8b878]
Event: 103.320 Thread 0x00000242c1df2d50 10210       2       org.eclipse.buildship.core.internal.configuration.GradleProjectValidationResourceDeltaVisitor::visit (122 bytes)
Event: 103.321 Thread 0x00000242c1df2d50 nmethod 10210 0x00000242aca7b790 code [0x00000242aca7ba00, 0x00000242aca7c158]
Event: 103.321 Thread 0x00000242c1df2d50 10211       3       org.eclipse.core.internal.dtree.AbstractDataTreeNode::assembleWith (502 bytes)
Event: 103.323 Thread 0x00000242c1df2d50 nmethod 10211 0x00000242aca7c810 code [0x00000242aca7cb60, 0x00000242aca7ee18]
Event: 103.323 Thread 0x00000242c1df2d50 10212       2       org.eclipse.core.internal.dtree.DeltaDataTree::getData (135 bytes)
Event: 103.324 Thread 0x00000242c1df2d50 nmethod 10212 0x00000242aca7f810 code [0x00000242aca7fa40, 0x00000242aca80048]
Event: 103.325 Thread 0x00000242c1df2d50 10213       2       java.nio.charset.CharsetDecoder::implReplaceWith (1 bytes)
Event: 103.325 Thread 0x00000242c1df2d50 nmethod 10213 0x00000242abd32690 code [0x00000242abd32820, 0x00000242abd32918]
Event: 103.325 Thread 0x00000242c1df2d50 10214       2       org.eclipse.jdt.internal.compiler.impl.CompilerOptions::updateSeverity (158 bytes)

GC Heap History (20 events):
Event: 101.980 GC heap before
{Heap before GC invocations=203 (full 3):
 PSYoungGen      total 7680K, used 7328K [0x00000000eab00000, 0x00000000eb480000, 0x0000000100000000)
  eden space 7168K, 100% used [0x00000000eab00000,0x00000000eb200000,0x00000000eb200000)
  from space 512K, 31% used [0x00000000eb380000,0x00000000eb3a8000,0x00000000eb400000)
  to   space 512K, 0% used [0x00000000eb400000,0x00000000eb400000,0x00000000eb480000)
 ParOldGen       total 68608K, used 54337K [0x00000000c0000000, 0x00000000c4300000, 0x00000000eab00000)
  object space 68608K, 79% used [0x00000000c0000000,0x00000000c3510628,0x00000000c4300000)
 Metaspace       used 65094K, committed 66240K, reserved 1114112K
  class space    used 7420K, committed 7936K, reserved 1048576K
}
Event: 101.981 GC heap after
{Heap after GC invocations=203 (full 3):
 PSYoungGen      total 7680K, used 192K [0x00000000eab00000, 0x00000000eb480000, 0x0000000100000000)
  eden space 7168K, 0% used [0x00000000eab00000,0x00000000eab00000,0x00000000eb200000)
  from space 512K, 37% used [0x00000000eb400000,0x00000000eb430000,0x00000000eb480000)
  to   space 512K, 0% used [0x00000000eb380000,0x00000000eb380000,0x00000000eb400000)
 ParOldGen       total 68608K, used 54353K [0x00000000c0000000, 0x00000000c4300000, 0x00000000eab00000)
  object space 68608K, 79% used [0x00000000c0000000,0x00000000c3514628,0x00000000c4300000)
 Metaspace       used 65094K, committed 66240K, reserved 1114112K
  class space    used 7420K, committed 7936K, reserved 1048576K
}
Event: 102.006 GC heap before
{Heap before GC invocations=204 (full 3):
 PSYoungGen      total 7680K, used 7360K [0x00000000eab00000, 0x00000000eb480000, 0x0000000100000000)
  eden space 7168K, 100% used [0x00000000eab00000,0x00000000eb200000,0x00000000eb200000)
  from space 512K, 37% used [0x00000000eb400000,0x00000000eb430000,0x00000000eb480000)
  to   space 512K, 0% used [0x00000000eb380000,0x00000000eb380000,0x00000000eb400000)
 ParOldGen       total 68608K, used 54353K [0x00000000c0000000, 0x00000000c4300000, 0x00000000eab00000)
  object space 68608K, 79% used [0x00000000c0000000,0x00000000c3514628,0x00000000c4300000)
 Metaspace       used 65094K, committed 66240K, reserved 1114112K
  class space    used 7420K, committed 7936K, reserved 1048576K
}
Event: 102.007 GC heap after
{Heap after GC invocations=204 (full 3):
 PSYoungGen      total 7680K, used 192K [0x00000000eab00000, 0x00000000eb480000, 0x0000000100000000)
  eden space 7168K, 0% used [0x00000000eab00000,0x00000000eab00000,0x00000000eb200000)
  from space 512K, 37% used [0x00000000eb380000,0x00000000eb3b0000,0x00000000eb400000)
  to   space 512K, 0% used [0x00000000eb400000,0x00000000eb400000,0x00000000eb480000)
 ParOldGen       total 68608K, used 54353K [0x00000000c0000000, 0x00000000c4300000, 0x00000000eab00000)
  object space 68608K, 79% used [0x00000000c0000000,0x00000000c3514628,0x00000000c4300000)
 Metaspace       used 65094K, committed 66240K, reserved 1114112K
  class space    used 7420K, committed 7936K, reserved 1048576K
}
Event: 102.067 GC heap before
{Heap before GC invocations=205 (full 3):
 PSYoungGen      total 7680K, used 7360K [0x00000000eab00000, 0x00000000eb480000, 0x0000000100000000)
  eden space 7168K, 100% used [0x00000000eab00000,0x00000000eb200000,0x00000000eb200000)
  from space 512K, 37% used [0x00000000eb380000,0x00000000eb3b0000,0x00000000eb400000)
  to   space 512K, 0% used [0x00000000eb400000,0x00000000eb400000,0x00000000eb480000)
 ParOldGen       total 68608K, used 54353K [0x00000000c0000000, 0x00000000c4300000, 0x00000000eab00000)
  object space 68608K, 79% used [0x00000000c0000000,0x00000000c3514628,0x00000000c4300000)
 Metaspace       used 65113K, committed 66240K, reserved 1114112K
  class space    used 7424K, committed 7936K, reserved 1048576K
}
Event: 102.068 GC heap after
{Heap after GC invocations=205 (full 3):
 PSYoungGen      total 7680K, used 256K [0x00000000eab00000, 0x00000000eb480000, 0x0000000100000000)
  eden space 7168K, 0% used [0x00000000eab00000,0x00000000eab00000,0x00000000eb200000)
  from space 512K, 50% used [0x00000000eb400000,0x00000000eb440000,0x00000000eb480000)
  to   space 512K, 0% used [0x00000000eb380000,0x00000000eb380000,0x00000000eb400000)
 ParOldGen       total 68608K, used 54361K [0x00000000c0000000, 0x00000000c4300000, 0x00000000eab00000)
  object space 68608K, 79% used [0x00000000c0000000,0x00000000c3516628,0x00000000c4300000)
 Metaspace       used 65113K, committed 66240K, reserved 1114112K
  class space    used 7424K, committed 7936K, reserved 1048576K
}
Event: 102.346 GC heap before
{Heap before GC invocations=206 (full 3):
 PSYoungGen      total 7680K, used 7423K [0x00000000eab00000, 0x00000000eb480000, 0x0000000100000000)
  eden space 7168K, 99% used [0x00000000eab00000,0x00000000eb1ffff8,0x00000000eb200000)
  from space 512K, 50% used [0x00000000eb400000,0x00000000eb440000,0x00000000eb480000)
  to   space 512K, 0% used [0x00000000eb380000,0x00000000eb380000,0x00000000eb400000)
 ParOldGen       total 68608K, used 54361K [0x00000000c0000000, 0x00000000c4300000, 0x00000000eab00000)
  object space 68608K, 79% used [0x00000000c0000000,0x00000000c3516628,0x00000000c4300000)
 Metaspace       used 65359K, committed 66432K, reserved 1114112K
  class space    used 7447K, committed 7936K, reserved 1048576K
}
Event: 102.349 GC heap after
{Heap after GC invocations=206 (full 3):
 PSYoungGen      total 7680K, used 503K [0x00000000eab00000, 0x00000000eb480000, 0x0000000100000000)
  eden space 7168K, 0% used [0x00000000eab00000,0x00000000eab00000,0x00000000eb200000)
  from space 512K, 98% used [0x00000000eb380000,0x00000000eb3fdfa0,0x00000000eb400000)
  to   space 512K, 0% used [0x00000000eb400000,0x00000000eb400000,0x00000000eb480000)
 ParOldGen       total 68608K, used 54449K [0x00000000c0000000, 0x00000000c4300000, 0x00000000eab00000)
  object space 68608K, 79% used [0x00000000c0000000,0x00000000c352c600,0x00000000c4300000)
 Metaspace       used 65359K, committed 66432K, reserved 1114112K
  class space    used 7447K, committed 7936K, reserved 1048576K
}
Event: 102.578 GC heap before
{Heap before GC invocations=207 (full 3):
 PSYoungGen      total 7680K, used 7671K [0x00000000eab00000, 0x00000000eb480000, 0x0000000100000000)
  eden space 7168K, 99% used [0x00000000eab00000,0x00000000eb1fffc0,0x00000000eb200000)
  from space 512K, 98% used [0x00000000eb380000,0x00000000eb3fdfa0,0x00000000eb400000)
  to   space 512K, 0% used [0x00000000eb400000,0x00000000eb400000,0x00000000eb480000)
 ParOldGen       total 68608K, used 54449K [0x00000000c0000000, 0x00000000c4300000, 0x00000000eab00000)
  object space 68608K, 79% used [0x00000000c0000000,0x00000000c352c600,0x00000000c4300000)
 Metaspace       used 66026K, committed 67200K, reserved 1114112K
  class space    used 7513K, committed 8064K, reserved 1048576K
}
Event: 102.579 GC heap after
{Heap after GC invocations=207 (full 3):
 PSYoungGen      total 7680K, used 480K [0x00000000eab00000, 0x00000000eb480000, 0x0000000100000000)
  eden space 7168K, 0% used [0x00000000eab00000,0x00000000eab00000,0x00000000eb200000)
  from space 512K, 93% used [0x00000000eb400000,0x00000000eb478000,0x00000000eb480000)
  to   space 1024K, 0% used [0x00000000eb280000,0x00000000eb280000,0x00000000eb380000)
 ParOldGen       total 68608K, used 54763K [0x00000000c0000000, 0x00000000c4300000, 0x00000000eab00000)
  object space 68608K, 79% used [0x00000000c0000000,0x00000000c357acf0,0x00000000c4300000)
 Metaspace       used 66026K, committed 67200K, reserved 1114112K
  class space    used 7513K, committed 8064K, reserved 1048576K
}
Event: 102.831 GC heap before
{Heap before GC invocations=208 (full 3):
 PSYoungGen      total 7680K, used 7648K [0x00000000eab00000, 0x00000000eb480000, 0x0000000100000000)
  eden space 7168K, 100% used [0x00000000eab00000,0x00000000eb200000,0x00000000eb200000)
  from space 512K, 93% used [0x00000000eb400000,0x00000000eb478000,0x00000000eb480000)
  to   space 1024K, 0% used [0x00000000eb280000,0x00000000eb280000,0x00000000eb380000)
 ParOldGen       total 68608K, used 54763K [0x00000000c0000000, 0x00000000c4300000, 0x00000000eab00000)
  object space 68608K, 79% used [0x00000000c0000000,0x00000000c357acf0,0x00000000c4300000)
 Metaspace       used 66593K, committed 67776K, reserved 1114112K
  class space    used 7586K, committed 8128K, reserved 1048576K
}
Event: 102.833 GC heap after
{Heap after GC invocations=208 (full 3):
 PSYoungGen      total 8192K, used 895K [0x00000000eab00000, 0x00000000eb480000, 0x0000000100000000)
  eden space 7168K, 0% used [0x00000000eab00000,0x00000000eab00000,0x00000000eb200000)
  from space 1024K, 87% used [0x00000000eb280000,0x00000000eb35ff88,0x00000000eb380000)
  to   space 1024K, 0% used [0x00000000eb380000,0x00000000eb380000,0x00000000eb480000)
 ParOldGen       total 68608K, used 54979K [0x00000000c0000000, 0x00000000c4300000, 0x00000000eab00000)
  object space 68608K, 80% used [0x00000000c0000000,0x00000000c35b0ea0,0x00000000c4300000)
 Metaspace       used 66593K, committed 67776K, reserved 1114112K
  class space    used 7586K, committed 8128K, reserved 1048576K
}
Event: 102.948 GC heap before
{Heap before GC invocations=209 (full 3):
 PSYoungGen      total 8192K, used 8063K [0x00000000eab00000, 0x00000000eb480000, 0x0000000100000000)
  eden space 7168K, 100% used [0x00000000eab00000,0x00000000eb200000,0x00000000eb200000)
  from space 1024K, 87% used [0x00000000eb280000,0x00000000eb35ff88,0x00000000eb380000)
  to   space 1024K, 0% used [0x00000000eb380000,0x00000000eb380000,0x00000000eb480000)
 ParOldGen       total 68608K, used 54979K [0x00000000c0000000, 0x00000000c4300000, 0x00000000eab00000)
  object space 68608K, 80% used [0x00000000c0000000,0x00000000c35b0ea0,0x00000000c4300000)
 Metaspace       used 66801K, committed 67968K, reserved 1114112K
  class space    used 7606K, committed 8128K, reserved 1048576K
}
Event: 102.951 GC heap after
{Heap after GC invocations=209 (full 3):
 PSYoungGen      total 7680K, used 448K [0x00000000eab00000, 0x00000000eb400000, 0x0000000100000000)
  eden space 7168K, 0% used [0x00000000eab00000,0x00000000eab00000,0x00000000eb200000)
  from space 512K, 87% used [0x00000000eb380000,0x00000000eb3f0020,0x00000000eb400000)
  to   space 1024K, 0% used [0x00000000eb200000,0x00000000eb200000,0x00000000eb300000)
 ParOldGen       total 68608K, used 55163K [0x00000000c0000000, 0x00000000c4300000, 0x00000000eab00000)
  object space 68608K, 80% used [0x00000000c0000000,0x00000000c35deeb0,0x00000000c4300000)
 Metaspace       used 66801K, committed 67968K, reserved 1114112K
  class space    used 7606K, committed 8128K, reserved 1048576K
}
Event: 102.981 GC heap before
{Heap before GC invocations=210 (full 3):
 PSYoungGen      total 7680K, used 7616K [0x00000000eab00000, 0x00000000eb400000, 0x0000000100000000)
  eden space 7168K, 100% used [0x00000000eab00000,0x00000000eb200000,0x00000000eb200000)
  from space 512K, 87% used [0x00000000eb380000,0x00000000eb3f0020,0x00000000eb400000)
  to   space 1024K, 0% used [0x00000000eb200000,0x00000000eb200000,0x00000000eb300000)
 ParOldGen       total 68608K, used 55163K [0x00000000c0000000, 0x00000000c4300000, 0x00000000eab00000)
  object space 68608K, 80% used [0x00000000c0000000,0x00000000c35deeb0,0x00000000c4300000)
 Metaspace       used 66806K, committed 67968K, reserved 1114112K
  class space    used 7606K, committed 8128K, reserved 1048576K
}
Event: 102.982 GC heap after
{Heap after GC invocations=210 (full 3):
 PSYoungGen      total 8192K, used 352K [0x00000000eab00000, 0x00000000eb400000, 0x0000000100000000)
  eden space 7168K, 0% used [0x00000000eab00000,0x00000000eab00000,0x00000000eb200000)
  from space 1024K, 34% used [0x00000000eb200000,0x00000000eb258000,0x00000000eb300000)
  to   space 512K, 0% used [0x00000000eb380000,0x00000000eb380000,0x00000000eb400000)
 ParOldGen       total 68608K, used 55507K [0x00000000c0000000, 0x00000000c4300000, 0x00000000eab00000)
  object space 68608K, 80% used [0x00000000c0000000,0x00000000c3634ed0,0x00000000c4300000)
 Metaspace       used 66806K, committed 67968K, reserved 1114112K
  class space    used 7606K, committed 8128K, reserved 1048576K
}
Event: 103.122 GC heap before
{Heap before GC invocations=211 (full 3):
 PSYoungGen      total 8192K, used 7520K [0x00000000eab00000, 0x00000000eb400000, 0x0000000100000000)
  eden space 7168K, 100% used [0x00000000eab00000,0x00000000eb200000,0x00000000eb200000)
  from space 1024K, 34% used [0x00000000eb200000,0x00000000eb258000,0x00000000eb300000)
  to   space 512K, 0% used [0x00000000eb380000,0x00000000eb380000,0x00000000eb400000)
 ParOldGen       total 68608K, used 55507K [0x00000000c0000000, 0x00000000c4300000, 0x00000000eab00000)
  object space 68608K, 80% used [0x00000000c0000000,0x00000000c3634ed0,0x00000000c4300000)
 Metaspace       used 67814K, committed 68928K, reserved 1114112K
  class space    used 7686K, committed 8192K, reserved 1048576K
}
Event: 103.123 GC heap after
{Heap after GC invocations=211 (full 3):
 PSYoungGen      total 7680K, used 464K [0x00000000eab00000, 0x00000000eb400000, 0x0000000100000000)
  eden space 7168K, 0% used [0x00000000eab00000,0x00000000eab00000,0x00000000eb200000)
  from space 512K, 90% used [0x00000000eb380000,0x00000000eb3f4010,0x00000000eb400000)
  to   space 512K, 0% used [0x00000000eb300000,0x00000000eb300000,0x00000000eb380000)
 ParOldGen       total 68608K, used 55635K [0x00000000c0000000, 0x00000000c4300000, 0x00000000eab00000)
  object space 68608K, 81% used [0x00000000c0000000,0x00000000c3654ed0,0x00000000c4300000)
 Metaspace       used 67814K, committed 68928K, reserved 1114112K
  class space    used 7686K, committed 8192K, reserved 1048576K
}
Event: 103.306 GC heap before
{Heap before GC invocations=212 (full 3):
 PSYoungGen      total 7680K, used 7632K [0x00000000eab00000, 0x00000000eb400000, 0x0000000100000000)
  eden space 7168K, 100% used [0x00000000eab00000,0x00000000eb200000,0x00000000eb200000)
  from space 512K, 90% used [0x00000000eb380000,0x00000000eb3f4010,0x00000000eb400000)
  to   space 512K, 0% used [0x00000000eb300000,0x00000000eb300000,0x00000000eb380000)
 ParOldGen       total 68608K, used 55635K [0x00000000c0000000, 0x00000000c4300000, 0x00000000eab00000)
  object space 68608K, 81% used [0x00000000c0000000,0x00000000c3654ed0,0x00000000c4300000)
 Metaspace       used 68692K, committed 69888K, reserved 1114112K
  class space    used 7796K, committed 8320K, reserved 1048576K
}
Event: 103.308 GC heap after
{Heap after GC invocations=212 (full 3):
 PSYoungGen      total 7680K, used 440K [0x00000000eab00000, 0x00000000eb400000, 0x0000000100000000)
  eden space 7168K, 0% used [0x00000000eab00000,0x00000000eab00000,0x00000000eb200000)
  from space 512K, 86% used [0x00000000eb300000,0x00000000eb36e1e8,0x00000000eb380000)
  to   space 512K, 0% used [0x00000000eb380000,0x00000000eb380000,0x00000000eb400000)
 ParOldGen       total 68608K, used 55966K [0x00000000c0000000, 0x00000000c4300000, 0x00000000eab00000)
  object space 68608K, 81% used [0x00000000c0000000,0x00000000c36a7bd0,0x00000000c4300000)
 Metaspace       used 68692K, committed 69888K, reserved 1114112K
  class space    used 7796K, committed 8320K, reserved 1048576K
}

Dll operation events (15 events):
Event: 0.017 Loaded shared library c:\Users\hp\.vscode\extensions\redhat.java-1.29.2024040108-win32-x64\jre\17.0.10-win32-x86_64\bin\java.dll
Event: 0.654 Loaded shared library c:\Users\hp\.vscode\extensions\redhat.java-1.29.2024040108-win32-x64\jre\17.0.10-win32-x86_64\bin\zip.dll
Event: 0.664 Loaded shared library C:\Users\hp\.vscode\extensions\redhat.java-1.29.2024040108-win32-x64\jre\17.0.10-win32-x86_64\bin\instrument.dll
Event: 0.820 Loaded shared library C:\Users\hp\.vscode\extensions\redhat.java-1.29.2024040108-win32-x64\jre\17.0.10-win32-x86_64\bin\net.dll
Event: 0.824 Loaded shared library C:\Users\hp\.vscode\extensions\redhat.java-1.29.2024040108-win32-x64\jre\17.0.10-win32-x86_64\bin\nio.dll
Event: 0.839 Loaded shared library C:\Users\hp\.vscode\extensions\redhat.java-1.29.2024040108-win32-x64\jre\17.0.10-win32-x86_64\bin\zip.dll
Event: 0.906 Loaded shared library C:\Users\hp\.vscode\extensions\redhat.java-1.29.2024040108-win32-x64\jre\17.0.10-win32-x86_64\bin\jimage.dll
Event: 1.134 Loaded shared library c:\Users\hp\.vscode\extensions\redhat.java-1.29.2024040108-win32-x64\jre\17.0.10-win32-x86_64\bin\verify.dll
Event: 10.436 Loaded shared library C:\Users\hp\AppData\Roaming\Code\User\globalStorage\redhat.java\1.29.2024040108\config_win\org.eclipse.equinox.launcher\org.eclipse.equinox.launcher.win32.win32.x86_64_1.2.900.v20240213-1244\eclipse_11900.dll
Event: 23.881 Loaded shared library C:\Users\hp\AppData\Local\Temp\jna-3336\jna15326383184792800990.dll
Event: 37.101 Loaded shared library C:\Users\hp\.gradle\native\68d5fa5c4cc2d200863cafc0d521ce42e7d3e7ee720ec0a83991735586a16f82\windows-amd64\native-platform.dll
Event: 42.840 Loaded shared library C:\Users\hp\.vscode\extensions\redhat.java-1.29.2024040108-win32-x64\jre\17.0.10-win32-x86_64\bin\management.dll
Event: 42.855 Loaded shared library C:\Users\hp\.vscode\extensions\redhat.java-1.29.2024040108-win32-x64\jre\17.0.10-win32-x86_64\bin\management_ext.dll
Event: 43.543 Loaded shared library C:\Users\hp\.vscode\extensions\redhat.java-1.29.2024040108-win32-x64\jre\17.0.10-win32-x86_64\bin\extnet.dll
Event: 46.239 Loaded shared library C:\Users\hp\.vscode\extensions\redhat.java-1.29.2024040108-win32-x64\jre\17.0.10-win32-x86_64\bin\sunmscapi.dll

Deoptimization events (20 events):
Event: 103.316 Thread 0x00000242c5bda3d0 Uncommon trap: trap_request=0xffffffde fr.pc=0x00000242b390ade0 relative=0x00000000000006a0
Event: 103.316 Thread 0x00000242c5bda3d0 Uncommon trap: reason=class_check action=maybe_recompile pc=0x00000242b390ade0 method=org.eclipse.core.internal.dtree.DeltaDataTree.getData(Lorg/eclipse/core/runtime/IPath;)Ljava/lang/Object; @ 20 c2
Event: 103.316 Thread 0x00000242c5bda3d0 DEOPT PACKING pc=0x00000242b390ade0 sp=0x000000eeed8fe130
Event: 103.316 Thread 0x00000242c5bda3d0 DEOPT UNPACKING pc=0x00000242b2fb66a3 sp=0x000000eeed8fe0e8 mode 2
Event: 103.321 Thread 0x00000242c5bda3d0 Uncommon trap: trap_request=0xffffffc6 fr.pc=0x00000242b39074d8 relative=0x0000000000000198
Event: 103.321 Thread 0x00000242c5bda3d0 Uncommon trap: reason=bimorphic_or_optimized_type_check action=maybe_recompile pc=0x00000242b39074d8 method=org.eclipse.core.internal.dtree.DeltaDataTree.searchNodeAt(Lorg/eclipse/core/runtime/IPath;)Lorg/eclipse/core/internal/dtree/AbstractDataTreeNode; 
Event: 103.321 Thread 0x00000242c5bda3d0 DEOPT PACKING pc=0x00000242b39074d8 sp=0x000000eeed8fdf00
Event: 103.321 Thread 0x00000242c5bda3d0 DEOPT UNPACKING pc=0x00000242b2fb66a3 sp=0x000000eeed8fde88 mode 2
Event: 103.321 Thread 0x00000242c5bda3d0 Uncommon trap: trap_request=0xffffffc6 fr.pc=0x00000242b39074d8 relative=0x0000000000000198
Event: 103.321 Thread 0x00000242c5bda3d0 Uncommon trap: reason=bimorphic_or_optimized_type_check action=maybe_recompile pc=0x00000242b39074d8 method=org.eclipse.core.internal.dtree.DeltaDataTree.searchNodeAt(Lorg/eclipse/core/runtime/IPath;)Lorg/eclipse/core/internal/dtree/AbstractDataTreeNode; 
Event: 103.321 Thread 0x00000242c5bda3d0 DEOPT PACKING pc=0x00000242b39074d8 sp=0x000000eeed8fdeb0
Event: 103.321 Thread 0x00000242c5bda3d0 DEOPT UNPACKING pc=0x00000242b2fb66a3 sp=0x000000eeed8fde48 mode 2
Event: 103.322 Thread 0x00000242c5bda3d0 Uncommon trap: trap_request=0xffffffde fr.pc=0x00000242b39ebaa4 relative=0x0000000000000084
Event: 103.322 Thread 0x00000242c5bda3d0 Uncommon trap: reason=class_check action=maybe_recompile pc=0x00000242b39ebaa4 method=org.eclipse.core.runtime.ProgressMonitorWrapper.isCanceled()Z @ 4 c2
Event: 103.322 Thread 0x00000242c5bda3d0 DEOPT PACKING pc=0x00000242b39ebaa4 sp=0x000000eeed8fe360
Event: 103.322 Thread 0x00000242c5bda3d0 DEOPT UNPACKING pc=0x00000242b2fb66a3 sp=0x000000eeed8fe300 mode 2
Event: 103.324 Thread 0x00000242c5bda3d0 Uncommon trap: trap_request=0xffffffde fr.pc=0x00000242b39ebaa4 relative=0x0000000000000084
Event: 103.324 Thread 0x00000242c5bda3d0 Uncommon trap: reason=class_check action=maybe_recompile pc=0x00000242b39ebaa4 method=org.eclipse.core.runtime.ProgressMonitorWrapper.isCanceled()Z @ 4 c2
Event: 103.324 Thread 0x00000242c5bda3d0 DEOPT PACKING pc=0x00000242b39ebaa4 sp=0x000000eeed8fe2f0
Event: 103.324 Thread 0x00000242c5bda3d0 DEOPT UNPACKING pc=0x00000242b2fb66a3 sp=0x000000eeed8fe290 mode 2

Classes unloaded (20 events):
Event: 23.419 Thread 0x00000242a8e46ca0 Unloading class 0x0000000100390400 'java/lang/invoke/LambdaForm$MH+0x0000000100390400'
Event: 23.419 Thread 0x00000242a8e46ca0 Unloading class 0x000000010038f800 'java/lang/invoke/LambdaForm$MH+0x000000010038f800'
Event: 23.419 Thread 0x00000242a8e46ca0 Unloading class 0x000000010038f400 'java/lang/invoke/LambdaForm$DMH+0x000000010038f400'
Event: 23.419 Thread 0x00000242a8e46ca0 Unloading class 0x000000010038e800 'java/lang/invoke/LambdaForm$MH+0x000000010038e800'
Event: 23.419 Thread 0x00000242a8e46ca0 Unloading class 0x000000010038e000 'java/lang/invoke/LambdaForm$MH+0x000000010038e000'
Event: 23.419 Thread 0x00000242a8e46ca0 Unloading class 0x000000010038a400 'java/lang/invoke/LambdaForm$MH+0x000000010038a400'
Event: 23.419 Thread 0x00000242a8e46ca0 Unloading class 0x0000000100389c00 'java/lang/invoke/LambdaForm$MH+0x0000000100389c00'
Event: 23.419 Thread 0x00000242a8e46ca0 Unloading class 0x0000000100389400 'java/lang/invoke/LambdaForm$MH+0x0000000100389400'
Event: 23.419 Thread 0x00000242a8e46ca0 Unloading class 0x0000000100388c00 'java/lang/invoke/LambdaForm$MH+0x0000000100388c00'
Event: 23.419 Thread 0x00000242a8e46ca0 Unloading class 0x0000000100388400 'java/lang/invoke/LambdaForm$MH+0x0000000100388400'
Event: 23.419 Thread 0x00000242a8e46ca0 Unloading class 0x0000000100381c00 'java/lang/invoke/LambdaForm$MH+0x0000000100381c00'
Event: 23.419 Thread 0x00000242a8e46ca0 Unloading class 0x0000000100381400 'java/lang/invoke/LambdaForm$MH+0x0000000100381400'
Event: 23.419 Thread 0x00000242a8e46ca0 Unloading class 0x0000000100381000 'java/lang/invoke/LambdaForm$MH+0x0000000100381000'
Event: 23.419 Thread 0x00000242a8e46ca0 Unloading class 0x0000000100280000 'java/lang/invoke/LambdaForm$MH+0x0000000100280000'
Event: 23.419 Thread 0x00000242a8e46ca0 Unloading class 0x000000010023fc00 'java/lang/invoke/LambdaForm$MH+0x000000010023fc00'
Event: 23.419 Thread 0x00000242a8e46ca0 Unloading class 0x000000010023f800 'java/lang/invoke/LambdaForm$MH+0x000000010023f800'
Event: 23.419 Thread 0x00000242a8e46ca0 Unloading class 0x000000010023f400 'java/lang/invoke/LambdaForm$MH+0x000000010023f400'
Event: 23.419 Thread 0x00000242a8e46ca0 Unloading class 0x000000010023f000 'java/lang/invoke/LambdaForm$BMH+0x000000010023f000'
Event: 23.419 Thread 0x00000242a8e46ca0 Unloading class 0x000000010023ec00 'java/lang/invoke/LambdaForm$DMH+0x000000010023ec00'
Event: 23.419 Thread 0x00000242a8e46ca0 Unloading class 0x000000010023c400 'java/lang/invoke/LambdaForm$DMH+0x000000010023c400'

Classes redefined (0 events):
No events

Internal exceptions (20 events):
Event: 101.885 Thread 0x00000242c5633f60 Exception <a 'sun/nio/fs/WindowsException'{0x00000000ead758b8}> (0x00000000ead758b8) 
thrown [s\src\hotspot\share\prims\jni.cpp, line 516]
Event: 101.886 Thread 0x00000242c5633f60 Exception <a 'sun/nio/fs/WindowsException'{0x00000000ead9f060}> (0x00000000ead9f060) 
thrown [s\src\hotspot\share\prims\jni.cpp, line 516]
Event: 101.886 Thread 0x00000242c5633f60 Exception <a 'sun/nio/fs/WindowsException'{0x00000000eadb46b8}> (0x00000000eadb46b8) 
thrown [s\src\hotspot\share\prims\jni.cpp, line 516]
Event: 101.886 Thread 0x00000242c5633f60 Exception <a 'sun/nio/fs/WindowsException'{0x00000000eadc9f88}> (0x00000000eadc9f88) 
thrown [s\src\hotspot\share\prims\jni.cpp, line 516]
Event: 101.887 Thread 0x00000242c5633f60 Exception <a 'sun/nio/fs/WindowsException'{0x00000000eaddee58}> (0x00000000eaddee58) 
thrown [s\src\hotspot\share\prims\jni.cpp, line 516]
Event: 101.887 Thread 0x00000242c5633f60 Exception <a 'sun/nio/fs/WindowsException'{0x00000000eadf4078}> (0x00000000eadf4078) 
thrown [s\src\hotspot\share\prims\jni.cpp, line 516]
Event: 101.887 Thread 0x00000242c5633f60 Exception <a 'sun/nio/fs/WindowsException'{0x00000000eae08e10}> (0x00000000eae08e10) 
thrown [s\src\hotspot\share\prims\jni.cpp, line 516]
Event: 102.032 Thread 0x00000242c5633f60 Exception <a 'sun/nio/fs/WindowsException'{0x00000000eb1e2768}> (0x00000000eb1e2768) 
thrown [s\src\hotspot\share\prims\jni.cpp, line 516]
Event: 102.114 Thread 0x00000242c5633f60 Exception <a 'sun/nio/fs/WindowsException'{0x00000000eab1f080}> (0x00000000eab1f080) 
thrown [s\src\hotspot\share\prims\jni.cpp, line 516]
Event: 102.129 Thread 0x00000242c5633f60 Exception <a 'sun/nio/fs/WindowsException'{0x00000000eab3ef88}> (0x00000000eab3ef88) 
thrown [s\src\hotspot\share\prims\jni.cpp, line 516]
Event: 102.275 Thread 0x00000242c5bdadf0 Exception <a 'sun/nio/fs/WindowsException'{0x00000000eadfb510}> (0x00000000eadfb510) 
thrown [s\src\hotspot\share\prims\jni.cpp, line 516]
Event: 102.308 Thread 0x00000242c5bdadf0 Implicit null exception at 0x00000242b38e64ef to 0x00000242b38e696c
Event: 102.318 Thread 0x00000242c5bdadf0 Exception <a 'sun/nio/fs/WindowsException'{0x00000000eb06e0a0}> (0x00000000eb06e0a0) 
thrown [s\src\hotspot\share\prims\jni.cpp, line 516]
Event: 102.331 Thread 0x00000242c5bdadf0 Exception <a 'java/lang/NoSuchMethodError'{0x00000000eb1123d0}: 'java.lang.Object java.lang.invoke.DirectMethodHandle$Holder.invokeStatic(java.lang.Object, java.lang.Object, int, java.lang.Object)'> (0x00000000eb1123d0) 
thrown [s\src\hotspot\share\interpreter\linkResolver.cpp, line 759]
Event: 102.641 Thread 0x00000242c5bda3d0 Exception <a 'java/io/FileNotFoundException'{0x00000000eac7a220}> (0x00000000eac7a220) 
thrown [s\src\hotspot\share\prims\jni.cpp, line 516]
Event: 102.641 Thread 0x00000242c5bda3d0 Exception <a 'java/io/FileNotFoundException'{0x00000000eac7b238}> (0x00000000eac7b238) 
thrown [s\src\hotspot\share\prims\jni.cpp, line 516]
Event: 102.759 Thread 0x00000242c5bd6200 Exception <a 'java/lang/NoSuchMethodError'{0x00000000eaf30438}: 'java.lang.Object java.lang.invoke.DirectMethodHandle$Holder.invokeInterface(java.lang.Object, java.lang.Object, java.lang.Object)'> (0x00000000eaf30438) 
thrown [s\src\hotspot\share\interpreter\linkResolver.cpp, line 759]
Event: 102.829 Thread 0x00000242c5bda3d0 Exception <a 'java/lang/NoSuchMethodError'{0x00000000eb1f1420}: 'java.lang.Object java.lang.invoke.DirectMethodHandle$Holder.newInvokeSpecial(java.lang.Object, java.lang.Object, java.lang.Object, java.lang.Object, java.lang.Object, java.lang.Object)'> (0x00000000eb1f1420) 
thrown [s\src\hotspot\share\interpreter\linkResolver.cpp, line 759]
Event: 102.838 Thread 0x00000242c5bda3d0 Exception <a 'java/lang/NoSuchMethodError'{0x00000000eab387c8}: 'int java.lang.invoke.DirectMethodHandle$Holder.invokeStatic(java.lang.Object)'> (0x00000000eab387c8) 
thrown [s\src\hotspot\share\interpreter\linkResolver.cpp, line 759]
Event: 102.985 Thread 0x00000242c5bda3d0 Exception <a 'java/lang/NoSuchMethodError'{0x00000000eabfc088}: 'java.lang.Object java.lang.invoke.DirectMethodHandle$Holder.invokeVirtual(java.lang.Object, java.lang.Object, java.lang.Object)'> (0x00000000eabfc088) 
thrown [s\src\hotspot\share\interpreter\linkResolver.cpp, line 759]

VM Operations (20 events):
Event: 102.345 Executing VM operation: ParallelGCFailedAllocation
Event: 102.349 Executing VM operation: ParallelGCFailedAllocation done
Event: 102.363 Executing VM operation: HandshakeAllThreads
Event: 102.363 Executing VM operation: HandshakeAllThreads done
Event: 102.365 Executing VM operation: HandshakeAllThreads
Event: 102.365 Executing VM operation: HandshakeAllThreads done
Event: 102.577 Executing VM operation: ParallelGCFailedAllocation
Event: 102.579 Executing VM operation: ParallelGCFailedAllocation done
Event: 102.831 Executing VM operation: ParallelGCFailedAllocation
Event: 102.833 Executing VM operation: ParallelGCFailedAllocation done
Event: 102.948 Executing VM operation: ParallelGCFailedAllocation
Event: 102.951 Executing VM operation: ParallelGCFailedAllocation done
Event: 102.981 Executing VM operation: ParallelGCFailedAllocation
Event: 102.982 Executing VM operation: ParallelGCFailedAllocation done
Event: 103.122 Executing VM operation: ParallelGCFailedAllocation
Event: 103.123 Executing VM operation: ParallelGCFailedAllocation done
Event: 103.294 Executing VM operation: HandshakeAllThreads
Event: 103.294 Executing VM operation: HandshakeAllThreads done
Event: 103.306 Executing VM operation: ParallelGCFailedAllocation
Event: 103.308 Executing VM operation: ParallelGCFailedAllocation done

Events (20 events):
Event: 102.383 loading class java/util/Collections$SynchronizedList
Event: 102.385 loading class java/util/Collections$SynchronizedList done
Event: 102.385 loading class java/util/Collections$SynchronizedRandomAccessList done
Event: 102.414 loading class java/util/concurrent/CompletableFuture$Signaller
Event: 102.415 loading class java/util/concurrent/CompletableFuture$Signaller done
Event: 102.520 loading class java/util/Hashtable$KeySet
Event: 102.520 loading class java/util/Hashtable$KeySet done
Event: 102.600 loading class java/io/SequenceInputStream
Event: 102.600 loading class java/io/SequenceInputStream done
Event: 102.661 Thread 0x00000242c5bdc230 Thread added: 0x00000242c5bdc230
Event: 102.668 loading class java/util/concurrent/CompletableFuture$UniAccept
Event: 102.668 loading class java/util/concurrent/CompletableFuture$UniAccept done
Event: 102.668 loading class java/util/concurrent/CompletableFuture$UniExceptionally
Event: 102.669 loading class java/util/concurrent/CompletableFuture$UniExceptionally done
Event: 102.670 Thread 0x00000242c5bd57e0 Thread added: 0x00000242c5bd57e0
Event: 102.678 Thread 0x00000242c5bd6200 Thread added: 0x00000242c5bd6200
Event: 102.687 Thread 0x00000242c5bd7640 Thread added: 0x00000242c5bd7640
Event: 103.252 Thread 0x00000242c5bd8f90 Thread exited: 0x00000242c5bd8f90
Event: 103.252 Thread 0x00000242c5bdb300 Thread exited: 0x00000242c5bdb300
Event: 103.263 Thread 0x00000242c5bd6710 Thread exited: 0x00000242c5bd6710


Dynamic libraries:
0x00007ff702250000 - 0x00007ff70225e000 	c:\Users\hp\.vscode\extensions\redhat.java-1.29.2024040108-win32-x64\jre\17.0.10-win32-x86_64\bin\java.exe
0x00007ff869d50000 - 0x00007ff869f66000 	C:\WINDOWS\SYSTEM32\ntdll.dll
0x00007ff8697b0000 - 0x00007ff869874000 	C:\WINDOWS\System32\KERNEL32.DLL
0x00007ff8673d0000 - 0x00007ff867776000 	C:\WINDOWS\System32\KERNELBASE.dll
0x00007ff867780000 - 0x00007ff867891000 	C:\WINDOWS\System32\ucrtbase.dll
0x00007ff82c930000 - 0x00007ff82c94b000 	c:\Users\hp\.vscode\extensions\redhat.java-1.29.2024040108-win32-x64\jre\17.0.10-win32-x86_64\bin\VCRUNTIME140.dll
0x00007ff82eca0000 - 0x00007ff82ecb7000 	c:\Users\hp\.vscode\extensions\redhat.java-1.29.2024040108-win32-x64\jre\17.0.10-win32-x86_64\bin\jli.dll
0x00007ff869a80000 - 0x00007ff869c2d000 	C:\WINDOWS\System32\USER32.dll
0x00007ff867a70000 - 0x00007ff867a96000 	C:\WINDOWS\System32\win32u.dll
0x00007ff8699f0000 - 0x00007ff869a19000 	C:\WINDOWS\System32\GDI32.dll
0x00007ff8672b0000 - 0x00007ff8673c8000 	C:\WINDOWS\System32\gdi32full.dll
0x00007ff8678a0000 - 0x00007ff86793a000 	C:\WINDOWS\System32\msvcp_win.dll
0x00007ff848380000 - 0x00007ff848613000 	C:\WINDOWS\WinSxS\amd64_microsoft.windows.common-controls_6595b64144ccf1df_6.0.22621.3235_none_270f74e173860f98\COMCTL32.dll
0x00007ff867aa0000 - 0x00007ff867b47000 	C:\WINDOWS\System32\msvcrt.dll
0x00007ff867b50000 - 0x00007ff867b81000 	C:\WINDOWS\System32\IMM32.DLL
0x00007ff84f2c0000 - 0x00007ff84f2cc000 	c:\Users\hp\.vscode\extensions\redhat.java-1.29.2024040108-win32-x64\jre\17.0.10-win32-x86_64\bin\vcruntime140_1.dll
0x00007ff81a8c0000 - 0x00007ff81a94d000 	c:\Users\hp\.vscode\extensions\redhat.java-1.29.2024040108-win32-x64\jre\17.0.10-win32-x86_64\bin\msvcp140.dll
0x00007fffba9c0000 - 0x00007fffbb622000 	c:\Users\hp\.vscode\extensions\redhat.java-1.29.2024040108-win32-x64\jre\17.0.10-win32-x86_64\bin\server\jvm.dll
0x00007ff869670000 - 0x00007ff869722000 	C:\WINDOWS\System32\ADVAPI32.dll
0x00007ff8693e0000 - 0x00007ff869488000 	C:\WINDOWS\System32\sechost.dll
0x00007ff867200000 - 0x00007ff867228000 	C:\WINDOWS\System32\bcrypt.dll
0x00007ff868af0000 - 0x00007ff868c05000 	C:\WINDOWS\System32\RPCRT4.dll
0x00007ff8669c0000 - 0x00007ff866a0d000 	C:\WINDOWS\SYSTEM32\POWRPROF.dll
0x00007ff84f0b0000 - 0x00007ff84f0b9000 	C:\WINDOWS\SYSTEM32\WSOCK32.dll
0x00007ff8695f0000 - 0x00007ff869661000 	C:\WINDOWS\System32\WS2_32.dll
0x00007ff85fa40000 - 0x00007ff85fa74000 	C:\WINDOWS\SYSTEM32\WINMM.dll
0x00007ff85f720000 - 0x00007ff85f72a000 	C:\WINDOWS\SYSTEM32\VERSION.dll
0x00007ff866940000 - 0x00007ff866953000 	C:\WINDOWS\SYSTEM32\UMPDC.dll
0x00007ff8660d0000 - 0x00007ff8660e8000 	C:\WINDOWS\SYSTEM32\kernel.appcore.dll
0x00007ff84f280000 - 0x00007ff84f28a000 	c:\Users\hp\.vscode\extensions\redhat.java-1.29.2024040108-win32-x64\jre\17.0.10-win32-x86_64\bin\jimage.dll
0x00007ff853f10000 - 0x00007ff854143000 	C:\WINDOWS\SYSTEM32\DBGHELP.DLL
0x00007ff868c10000 - 0x00007ff868f98000 	C:\WINDOWS\System32\combase.dll
0x00007ff869c30000 - 0x00007ff869d07000 	C:\WINDOWS\System32\OLEAUT32.dll
0x00007ff854960000 - 0x00007ff854992000 	C:\WINDOWS\SYSTEM32\dbgcore.DLL
0x00007ff867230000 - 0x00007ff8672aa000 	C:\WINDOWS\System32\bcryptPrimitives.dll
0x00007ff84f110000 - 0x00007ff84f11e000 	c:\Users\hp\.vscode\extensions\redhat.java-1.29.2024040108-win32-x64\jre\17.0.10-win32-x86_64\bin\instrument.dll
0x00007ff82a420000 - 0x00007ff82a445000 	c:\Users\hp\.vscode\extensions\redhat.java-1.29.2024040108-win32-x64\jre\17.0.10-win32-x86_64\bin\java.dll
0x00007ff82c8e0000 - 0x00007ff82c8f8000 	c:\Users\hp\.vscode\extensions\redhat.java-1.29.2024040108-win32-x64\jre\17.0.10-win32-x86_64\bin\zip.dll
0x00007ff867dc0000 - 0x00007ff86861d000 	C:\WINDOWS\System32\SHELL32.dll
0x00007ff85ebe0000 - 0x00007ff85f4d8000 	C:\WINDOWS\SYSTEM32\windows.storage.dll
0x00007ff861f00000 - 0x00007ff86203e000 	C:\WINDOWS\SYSTEM32\wintypes.dll
0x00007ff867c40000 - 0x00007ff867d33000 	C:\WINDOWS\System32\SHCORE.dll
0x00007ff869990000 - 0x00007ff8699ee000 	C:\WINDOWS\System32\shlwapi.dll
0x00007ff866fc0000 - 0x00007ff866fe6000 	C:\WINDOWS\SYSTEM32\profapi.dll
0x00007ff82c490000 - 0x00007ff82c4a9000 	C:\Users\hp\.vscode\extensions\redhat.java-1.29.2024040108-win32-x64\jre\17.0.10-win32-x86_64\bin\net.dll
0x00007ff861610000 - 0x00007ff861747000 	C:\WINDOWS\SYSTEM32\WINHTTP.dll
0x00007ff866550000 - 0x00007ff8665b9000 	C:\WINDOWS\system32\mswsock.dll
0x00007ff8274b0000 - 0x00007ff8274c6000 	C:\Users\hp\.vscode\extensions\redhat.java-1.29.2024040108-win32-x64\jre\17.0.10-win32-x86_64\bin\nio.dll
0x00007ff84c750000 - 0x00007ff84c760000 	c:\Users\hp\.vscode\extensions\redhat.java-1.29.2024040108-win32-x64\jre\17.0.10-win32-x86_64\bin\verify.dll
0x00007ff826910000 - 0x00007ff82694e000 	C:\Users\hp\AppData\Roaming\Code\User\globalStorage\redhat.java\1.29.2024040108\config_win\org.eclipse.equinox.launcher\org.eclipse.equinox.launcher.win32.win32.x86_64_1.2.900.v20240213-1244\eclipse_11900.dll
0x00007ff869030000 - 0x00007ff8691cf000 	C:\WINDOWS\System32\ole32.dll
0x00007ff866820000 - 0x00007ff86683b000 	C:\WINDOWS\SYSTEM32\CRYPTSP.dll
0x00007ff866030000 - 0x00007ff866065000 	C:\WINDOWS\system32\rsaenh.dll
0x00007ff8666b0000 - 0x00007ff8666dc000 	C:\WINDOWS\SYSTEM32\USERENV.dll
0x00007ff866810000 - 0x00007ff86681c000 	C:\WINDOWS\SYSTEM32\CRYPTBASE.dll
0x00007ff865b50000 - 0x00007ff865b7d000 	C:\WINDOWS\SYSTEM32\IPHLPAPI.DLL
0x00007ff869200000 - 0x00007ff869209000 	C:\WINDOWS\System32\NSI.dll
0x00007ff8615f0000 - 0x00007ff861609000 	C:\WINDOWS\SYSTEM32\dhcpcsvc6.DLL
0x00007ff85f730000 - 0x00007ff85f74f000 	C:\WINDOWS\SYSTEM32\dhcpcsvc.DLL
0x00007ff865b80000 - 0x00007ff865c79000 	C:\WINDOWS\SYSTEM32\DNSAPI.dll
0x00007ff817f90000 - 0x00007ff817fd5000 	C:\Users\hp\AppData\Local\Temp\jna-3336\jna15326383184792800990.dll
0x00007ff869880000 - 0x00007ff869888000 	C:\WINDOWS\System32\PSAPI.DLL
0x00007ff840310000 - 0x00007ff840337000 	C:\Users\hp\.gradle\native\68d5fa5c4cc2d200863cafc0d521ce42e7d3e7ee720ec0a83991735586a16f82\windows-amd64\native-platform.dll
0x00007ff852b40000 - 0x00007ff852b49000 	C:\Users\hp\.vscode\extensions\redhat.java-1.29.2024040108-win32-x64\jre\17.0.10-win32-x86_64\bin\management.dll
0x00007ff845d10000 - 0x00007ff845d1b000 	C:\Users\hp\.vscode\extensions\redhat.java-1.29.2024040108-win32-x64\jre\17.0.10-win32-x86_64\bin\management_ext.dll
0x00007ff845900000 - 0x00007ff845909000 	C:\Users\hp\.vscode\extensions\redhat.java-1.29.2024040108-win32-x64\jre\17.0.10-win32-x86_64\bin\extnet.dll
0x00007ff843620000 - 0x00007ff84362e000 	C:\Users\hp\.vscode\extensions\redhat.java-1.29.2024040108-win32-x64\jre\17.0.10-win32-x86_64\bin\sunmscapi.dll
0x00007ff867090000 - 0x00007ff8671f6000 	C:\WINDOWS\System32\CRYPT32.dll
0x00007ff866a50000 - 0x00007ff866a7e000 	C:\WINDOWS\SYSTEM32\ncrypt.dll
0x00007ff866a10000 - 0x00007ff866a47000 	C:\WINDOWS\SYSTEM32\NTASN1.dll
0x00007ff845100000 - 0x00007ff845108000 	C:\WINDOWS\system32\wshunix.dll

dbghelp: loaded successfully - version: 4.0.5 - missing functions: none
symbol engine: initialized successfully - sym options: 0x614 - pdb path: .;c:\Users\hp\.vscode\extensions\redhat.java-1.29.2024040108-win32-x64\jre\17.0.10-win32-x86_64\bin;C:\WINDOWS\SYSTEM32;C:\WINDOWS\WinSxS\amd64_microsoft.windows.common-controls_6595b64144ccf1df_6.0.22621.3235_none_270f74e173860f98;c:\Users\hp\.vscode\extensions\redhat.java-1.29.2024040108-win32-x64\jre\17.0.10-win32-x86_64\bin\server;C:\Users\hp\AppData\Roaming\Code\User\globalStorage\redhat.java\1.29.2024040108\config_win\org.eclipse.equinox.launcher\org.eclipse.equinox.launcher.win32.win32.x86_64_1.2.900.v20240213-1244;C:\Users\hp\AppData\Local\Temp\jna-3336;C:\Users\hp\.gradle\native\68d5fa5c4cc2d200863cafc0d521ce42e7d3e7ee720ec0a83991735586a16f82\windows-amd64

VM Arguments:
jvm_args: --add-modules=ALL-SYSTEM --add-opens=java.base/java.util=ALL-UNNAMED --add-opens=java.base/java.lang=ALL-UNNAMED --add-opens=java.base/sun.nio.fs=ALL-UNNAMED -Declipse.application=org.eclipse.jdt.ls.core.id1 -Dosgi.bundles.defaultStartLevel=4 -Declipse.product=org.eclipse.jdt.ls.core.product -Djava.import.generatesMetadataFilesAtProjectRoot=false -DDetectVMInstallationsJob.disabled=true -Dfile.encoding=utf8 -XX:+UseParallelGC -XX:GCTimeRatio=4 -XX:AdaptiveSizePolicyWeight=90 -Dsun.zip.disableMemoryMapping=true -Xmx1G -Xms100m -Xlog:disable -javaagent:c:\Users\hp\.vscode\extensions\redhat.java-1.29.2024040108-win32-x64\lombok\lombok-1.18.32.jar -XX:+HeapDumpOnOutOfMemoryError -XX:HeapDumpPath=c:\Users\hp\AppData\Roaming\Code\User\workspaceStorage\8e48fd55813f02b773f8300aef44ea0b\redhat.java -Daether.dependencyCollector.impl=bf 
java_command: c:\Users\hp\.vscode\extensions\redhat.java-1.29.2024040108-win32-x64\server\plugins\org.eclipse.equinox.launcher_1.6.800.v20240304-1850.jar -configuration c:\Users\hp\AppData\Roaming\Code\User\globalStorage\redhat.java\1.29.2024040108\config_win -data c:\Users\hp\AppData\Roaming\Code\User\workspaceStorage\8e48fd55813f02b773f8300aef44ea0b\redhat.java\jdt_ws --pipe=\\.\pipe\lsp-7dd5ca5eb0636410c341efdcd25c07b1-sock
java_class_path (initial): c:\Users\hp\.vscode\extensions\redhat.java-1.29.2024040108-win32-x64\server\plugins\org.eclipse.equinox.launcher_1.6.800.v20240304-1850.jar
Launcher Type: SUN_STANDARD

[Global flags]
    uintx AdaptiveSizePolicyWeight                 = 90                                        {product} {command line}
     intx CICompilerCount                          = 4                                         {product} {ergonomic}
    uintx GCTimeRatio                              = 4                                         {product} {command line}
     bool HeapDumpOnOutOfMemoryError               = true                                   {manageable} {command line}
    ccstr HeapDumpPath                             = c:\Users\hp\AppData\Roaming\Code\User\workspaceStorage\8e48fd55813f02b773f8300aef44ea0b\redhat.java         {manageable} {command line}
   size_t InitialHeapSize                          = 104857600                                 {product} {command line}
   size_t MaxHeapSize                              = 1073741824                                {product} {command line}
   size_t MaxNewSize                               = 357564416                                 {product} {ergonomic}
   size_t MinHeapDeltaBytes                        = 524288                                    {product} {ergonomic}
   size_t MinHeapSize                              = 104857600                                 {product} {command line}
   size_t NewSize                                  = 34603008                                  {product} {ergonomic}
    uintx NonNMethodCodeHeapSize                   = 5839372                                {pd product} {ergonomic}
    uintx NonProfiledCodeHeapSize                  = 122909434                              {pd product} {ergonomic}
   size_t OldSize                                  = 70254592                                  {product} {ergonomic}
    uintx ProfiledCodeHeapSize                     = 122909434                              {pd product} {ergonomic}
    uintx ReservedCodeCacheSize                    = 251658240                              {pd product} {ergonomic}
     bool SegmentedCodeCache                       = true                                      {product} {ergonomic}
   size_t SoftMaxHeapSize                          = 1073741824                             {manageable} {ergonomic}
     bool UseCompressedClassPointers               = true                           {product lp64_product} {ergonomic}
     bool UseCompressedOops                        = true                           {product lp64_product} {ergonomic}
     bool UseLargePagesIndividualAllocation        = false                                  {pd product} {ergonomic}
     bool UseParallelGC                            = true                                      {product} {command line}

Logging:
Log output configuration:
 #0: stdout all=off uptime,level,tags
 #1: stderr all=off uptime,level,tags

Environment Variables:
JAVA_HOME=C:\Program Files\Java\jdk-17
PATH=C:\ffmpeg\bin;C:\ffmpeg\bin;C:\ffmpeg\bin;C:\Program Files\Java\jdk-17\bin;C:\Program Files\Common Files\Oracle;C:\Program Files\Microsoft\jdk-11.0.20.8-hotspot\bin;C:\WINDOWS\system32;C:\WINDOWS;C:\WINDOWS\System32\Wbem;C:\WINDOWS\System32\WindowsPowerShell\v1.0\;C:\WINDOWS\System32\OpenSSH\;C:\Program Files\Git\cmd;C:\sqlite;C:\ProgramData\chocolatey\bin;C:\Program Files\nodejs\;C:\Users\hp\AppData\Local\Android\Sdk\platform-tools\;C:\Users\hp\AppData\Local\jdk-11.0.2\bin;C:\Users\hp\AppData\Local\jdk-11.0.2\bin;C:\Users\hp\AppData\Local\Android\Sdk\tools;C:\Users\hp\AppData\Local\Android\Sdk\tools;C:\Users\hp\AppData\Local\Android\Sdk\tools;C:\Users\hp\AppData\Roaming\npm;C:\Program Files (x86)\Microsoft VS Code\bin;C:\Users\hp\AppData\Local\Programs\Microsoft VS Code\bin;D:\xampp\mysql\bin;;C:\Program Files\Docker\Docker\resources\bin;C:\Users\hp\.cargo\bin;C:\Users\hp\AppData\Local\Programs\Python\Launcher\;C:\Users\hp\AppData\Local\jdk-11.0.2\bin;C:\Users\hp\AppData\Local\jdk-11.0.2\bin;C:\Users\hp\AppData\Local\Android\Sdk\platform-tools;C:\Users\hp\AppData\Local\Android\Sdk\tools;C:\Users\hp\AppData\Local\Android\Sdk\platform-tools;C:\Users\hp\AppData\Local\Android\Sdk\tools;C:\Users\hp\AppData\Local\Android\Sdk\tools;C:\Program Files\Microsoft\jdk-11.0.20.8-hotspot\bin;C:\WINDOWS\system32;C:\WINDOWS;C:\WINDOWS\System32\Wbem;C:\WINDOWS\System32\WindowsPowerShell\v1.0\;C:\WINDOWS\System32\OpenSSH\;C:\Program Files\Git\cmd;C:\sqlite;C:\ProgramData\chocolatey\bin;C:\Program Files\nodejs\;C:\Users\hp\AppData\Local\Android\Sdk\platform-tools\;C:\Users\hp\AppData\Roaming\npm;C:\Program Files (x86)\Microsoft VS Code\bin;C:\Users\hp\AppData\Local\Programs\Microsoft VS Code\bin;D:\xampp\mysql\bin;C:\Users\hp\AppData\Local\Programs\Python\Python312\Scripts;C:\Users\hp\AppData\Local\Programs\Python\Python312;
USERNAME=hp
OS=Windows_NT
PROCESSOR_IDENTIFIER=AMD64 Family 23 Model 104 Stepping 1, AuthenticAMD
TMP=C:\Users\hp\AppData\Local\Temp
TEMP=C:\Users\hp\AppData\Local\Temp



Periodic native trim disabled


---------------  S Y S T E M  ---------------

OS:
 Windows 11 , 64 bit Build 22621 (10.0.22621.3235)
OS uptime: 3 days 11:12 hours
Hyper-V role detected

CPU: total 12 (initial active 12) (12 cores per cpu, 2 threads per core) family 23 model 104 stepping 1 microcode 0x0, cx8, cmov, fxsr, ht, mmx, 3dnowpref, sse, sse2, sse3, ssse3, sse4a, sse4.1, sse4.2, popcnt, lzcnt, tsc, tscinvbit, avx, avx2, aes, clmul, bmi1, bmi2, adx, sha, fma, vzeroupper, clflush, clflushopt, hv
Processor Information for all 12 processors :
  Max Mhz: 2100, Current Mhz: 2100, Mhz Limit: 2100

Memory: 4k page, system-wide physical 7501M (190M free)
TotalPageFile size 19556M (AvailPageFile size 0M)
current process WorkingSet (physical memory assigned to process): 200M, peak: 261M
current process commit charge ("private bytes"): 316M, peak: 342M

vm_info: OpenJDK 64-Bit Server VM (17.0.10+7) for windows-amd64 JRE (17.0.10+7), built on Jan 16 2024 23:25:11 by "admin" with MS VC++ 16.10 / 16.11 (VS2019)

END.
