#
# There is insufficient memory for the Java Runtime Environment to continue.
# Native memory allocation (malloc) failed to allocate 1448976 bytes for Chunk::new
# Possible reasons:
#   The system is out of physical RAM or swap space
#   The process is running with CompressedOops enabled, and the Java Heap may be blocking the growth of the native heap
# Possible solutions:
#   Reduce memory load on the system
#   Increase physical memory or swap space
#   Check if swap backing store is full
#   Decrease Java heap size (-Xmx/-Xms)
#   Decrease number of Java threads
#   Decrease Java thread stack sizes (-Xss)
#   Set larger code cache with -XX:ReservedCodeCacheSize=
#   JVM is running with Unscaled Compressed Oops mode in which the Java heap is
#     placed in the first 4GB address space. The Java Heap base address is the
#     maximum limit for the native heap growth. Please use -XX:HeapBaseMinAddress
#     to set the Java Heap base and to place the Java Heap above 4GB virtual address.
# This output file may be truncated or incomplete.
#
#  Out of Memory Error (arena.cpp:191), pid=25024, tid=15076
#
# JRE version: OpenJDK Runtime Environment Temurin-17.0.10+7 (17.0.10+7) (build 17.0.10+7)
# Java VM: OpenJDK 64-Bit Server VM Temurin-17.0.10+7 (17.0.10+7, mixed mode, tiered, compressed oops, compressed class ptrs, parallel gc, windows-amd64)
# No core dump will be written. Minidumps are not enabled by default on client versions of Windows
#

---------------  S U M M A R Y ------------

Command Line: --add-modules=ALL-SYSTEM --add-opens=java.base/java.util=ALL-UNNAMED --add-opens=java.base/java.lang=ALL-UNNAMED --add-opens=java.base/sun.nio.fs=ALL-UNNAMED -Declipse.application=org.eclipse.jdt.ls.core.id1 -Dosgi.bundles.defaultStartLevel=4 -Declipse.product=org.eclipse.jdt.ls.core.product -Djava.import.generatesMetadataFilesAtProjectRoot=false -DDetectVMInstallationsJob.disabled=true -Dfile.encoding=utf8 -XX:+UseParallelGC -XX:GCTimeRatio=4 -XX:AdaptiveSizePolicyWeight=90 -Dsun.zip.disableMemoryMapping=true -Xmx1G -Xms100m -Xlog:disable -javaagent:c:\Users\hp\.vscode\extensions\redhat.java-1.29.2024040108-win32-x64\lombok\lombok-1.18.32.jar -XX:+HeapDumpOnOutOfMemoryError -XX:HeapDumpPath=c:\Users\hp\AppData\Roaming\Code\User\workspaceStorage\8e48fd55813f02b773f8300aef44ea0b\redhat.java -Daether.dependencyCollector.impl=bf c:\Users\hp\.vscode\extensions\redhat.java-1.29.2024040108-win32-x64\server\plugins\org.eclipse.equinox.launcher_1.6.800.v20240304-1850.jar -configuration c:\Users\hp\AppData\Roaming\Code\User\globalStorage\redhat.java\1.29.2024040108\config_win -data c:\Users\hp\AppData\Roaming\Code\User\workspaceStorage\8e48fd55813f02b773f8300aef44ea0b\redhat.java\jdt_ws --pipe=\\.\pipe\lsp-9dc40d5c88f47cd1bedbb543dcc83d67-sock

Host: AMD Ryzen 5 5500U with Radeon Graphics         , 12 cores, 7G,  Windows 11 , 64 bit Build 22621 (10.0.22621.3235)
Time: Mon Apr  1 23:00:42 2024 India Standard Time elapsed time: 6.046491 seconds (0d 0h 0m 6s)

---------------  T H R E A D  ---------------

Current thread (0x000001a247ea0260):  JavaThread "C2 CompilerThread0" daemon [_thread_in_native, id=15076, stack(0x000000559a200000,0x000000559a300000)]


Current CompileTask:
C2:   6046 4803       4       org.eclipse.osgi.internal.loader.ModuleClassLoader::toString (80 bytes)

Stack: [0x000000559a200000,0x000000559a300000]
Native frames: (J=compiled Java code, j=interpreted, Vv=VM code, C=native code)
V  [jvm.dll+0x67d2c9]
V  [jvm.dll+0x834afa]
V  [jvm.dll+0x8365be]
V  [jvm.dll+0x836c23]
V  [jvm.dll+0x2477ff]
V  [jvm.dll+0xac514]
V  [jvm.dll+0xacb5c]
V  [jvm.dll+0x366782]
V  [jvm.dll+0x330bfa]
V  [jvm.dll+0x33009a]
V  [jvm.dll+0x219ef1]
V  [jvm.dll+0x219311]
V  [jvm.dll+0x1a502d]
V  [jvm.dll+0x2290de]
V  [jvm.dll+0x2272ac]
V  [jvm.dll+0x7e9bb7]
V  [jvm.dll+0x7e3fba]
V  [jvm.dll+0x67c1b5]
C  [ucrtbase.dll+0x29363]
C  [KERNEL32.DLL+0x1257d]
C  [ntdll.dll+0x5aa58]


---------------  P R O C E S S  ---------------

Threads class SMR info:
_java_thread_list=0x000001a24c711090, length=41, elements={
0x000001a22eed5db0, 0x000001a242d44f20, 0x000001a242d49240, 0x000001a242d4bf70,
0x000001a242d4cc00, 0x000001a242d4d990, 0x000001a242d4e4c0, 0x000001a247ea0260,
0x000001a247ea1310, 0x000001a247ea2460, 0x000001a247fbd3a0, 0x000001a2496ca980,
0x000001a24b099ed0, 0x000001a24b02e8f0, 0x000001a249e0e3c0, 0x000001a24b43bf90,
0x000001a24b513a00, 0x000001a24b54e3c0, 0x000001a24b5baa80, 0x000001a2496fe5e0,
0x000001a24b5bd810, 0x000001a24b5ba060, 0x000001a24b5ba570, 0x000001a24b5bb9b0,
0x000001a24b5bbec0, 0x000001a24b5bc3d0, 0x000001a24b5bcdf0, 0x000001a24a64d610,
0x000001a24a653b50, 0x000001a24a652710, 0x000001a24a64fe90, 0x000001a24a64db20,
0x000001a24a64e540, 0x000001a24a651cf0, 0x000001a24a652c20, 0x000001a24a6517e0,
0x000001a24a653130, 0x000001a24a6508b0, 0x000001a24a652200, 0x000001a24a64ea50,
0x000001a24a6512d0
}

Java Threads: ( => current thread )
  0x000001a22eed5db0 JavaThread "main" [_thread_blocked, id=11296, stack(0x0000005599900000,0x0000005599a00000)]
  0x000001a242d44f20 JavaThread "Reference Handler" daemon [_thread_blocked, id=18084, stack(0x0000005599c00000,0x0000005599d00000)]
  0x000001a242d49240 JavaThread "Finalizer" daemon [_thread_blocked, id=15492, stack(0x0000005599d00000,0x0000005599e00000)]
  0x000001a242d4bf70 JavaThread "Signal Dispatcher" daemon [_thread_blocked, id=25564, stack(0x0000005599e00000,0x0000005599f00000)]
  0x000001a242d4cc00 JavaThread "Attach Listener" daemon [_thread_blocked, id=13008, stack(0x0000005599f00000,0x000000559a000000)]
  0x000001a242d4d990 JavaThread "Service Thread" daemon [_thread_blocked, id=7564, stack(0x000000559a000000,0x000000559a100000)]
  0x000001a242d4e4c0 JavaThread "Monitor Deflation Thread" daemon [_thread_blocked, id=10388, stack(0x000000559a100000,0x000000559a200000)]
=>0x000001a247ea0260 JavaThread "C2 CompilerThread0" daemon [_thread_in_native, id=15076, stack(0x000000559a200000,0x000000559a300000)]
  0x000001a247ea1310 JavaThread "C1 CompilerThread0" daemon [_thread_blocked, id=15632, stack(0x000000559a300000,0x000000559a400000)]
  0x000001a247ea2460 JavaThread "Sweeper thread" daemon [_thread_blocked, id=13692, stack(0x000000559a400000,0x000000559a500000)]
  0x000001a247fbd3a0 JavaThread "Common-Cleaner" daemon [_thread_blocked, id=12416, stack(0x000000559a500000,0x000000559a600000)]
  0x000001a2496ca980 JavaThread "Notification Thread" daemon [_thread_blocked, id=25480, stack(0x000000559a600000,0x000000559a700000)]
  0x000001a24b099ed0 JavaThread "Active Thread: Equinox Container: b0cf15c3-f77f-468a-8c5b-6c66088ef9c3" [_thread_blocked, id=23304, stack(0x000000559af00000,0x000000559b000000)]
  0x000001a24b02e8f0 JavaThread "Framework Event Dispatcher: Equinox Container: b0cf15c3-f77f-468a-8c5b-6c66088ef9c3" daemon [_thread_blocked, id=15092, stack(0x000000559b000000,0x000000559b100000)]
  0x000001a249e0e3c0 JavaThread "Start Level: Equinox Container: b0cf15c3-f77f-468a-8c5b-6c66088ef9c3" daemon [_thread_blocked, id=8280, stack(0x000000559b100000,0x000000559b200000)]
  0x000001a24b43bf90 JavaThread "Bundle File Closer" daemon [_thread_blocked, id=24236, stack(0x000000559b300000,0x000000559b400000)]
  0x000001a24b513a00 JavaThread "SCR Component Actor" daemon [_thread_blocked, id=20104, stack(0x000000559b400000,0x000000559b500000)]
  0x000001a24b54e3c0 JavaThread "SCR Component Registry" daemon [_thread_blocked, id=6404, stack(0x000000559b700000,0x000000559b800000)]
  0x000001a24b5baa80 JavaThread "Worker-JM" [_thread_blocked, id=20956, stack(0x000000559b800000,0x000000559b900000)]
  0x000001a2496fe5e0 JavaThread "C2 CompilerThread1" daemon [_thread_in_native, id=6960, stack(0x000000559a800000,0x000000559a900000)]
  0x000001a24b5bd810 JavaThread "Worker-0: Repository registry initialization" [_thread_blocked, id=22320, stack(0x000000559b900000,0x000000559ba00000)]
  0x000001a24b5ba060 JavaThread "Worker-1: Updating Maven Dependencies" [_thread_in_Java, id=9640, stack(0x000000559ba00000,0x000000559bb00000)]
  0x000001a24b5ba570 JavaThread "Java indexing" daemon [_thread_blocked, id=16504, stack(0x000000559bb00000,0x000000559bc00000)]
  0x000001a24b5bb9b0 JavaThread "JNA Cleaner" daemon [_thread_blocked, id=24384, stack(0x000000559bc00000,0x000000559bd00000)]
  0x000001a24b5bbec0 JavaThread "Worker-2" [_thread_blocked, id=25364, stack(0x000000559bd00000,0x000000559be00000)]
  0x000001a24b5bc3d0 JavaThread "Thread-2" daemon [_thread_in_native, id=24496, stack(0x000000559be00000,0x000000559bf00000)]
  0x000001a24b5bcdf0 JavaThread "Thread-3" daemon [_thread_in_native, id=19500, stack(0x000000559bf00000,0x000000559c000000)]
  0x000001a24a64d610 JavaThread "Thread-4" daemon [_thread_in_native, id=20052, stack(0x000000559c000000,0x000000559c100000)]
  0x000001a24a653b50 JavaThread "Thread-5" daemon [_thread_in_native, id=22148, stack(0x000000559c100000,0x000000559c200000)]
  0x000001a24a652710 JavaThread "Thread-6" daemon [_thread_in_native, id=25348, stack(0x000000559c200000,0x000000559c300000)]
  0x000001a24a64fe90 JavaThread "Thread-7" daemon [_thread_in_native, id=1588, stack(0x000000559c300000,0x000000559c400000)]
  0x000001a24a64db20 JavaThread "Thread-8" daemon [_thread_in_native, id=15224, stack(0x000000559c400000,0x000000559c500000)]
  0x000001a24a64e540 JavaThread "Thread-9" daemon [_thread_in_native, id=25536, stack(0x000000559c500000,0x000000559c600000)]
  0x000001a24a651cf0 JavaThread "Thread-10" daemon [_thread_in_native, id=12028, stack(0x000000559c600000,0x000000559c700000)]
  0x000001a24a652c20 JavaThread "Thread-11" daemon [_thread_in_native, id=22608, stack(0x000000559c700000,0x000000559c800000)]
  0x000001a24a6517e0 JavaThread "Thread-12" daemon [_thread_in_native, id=4352, stack(0x000000559c800000,0x000000559c900000)]
  0x000001a24a653130 JavaThread "Thread-13" daemon [_thread_in_native, id=14984, stack(0x000000559c900000,0x000000559ca00000)]
  0x000001a24a6508b0 JavaThread "Thread-14" daemon [_thread_in_native, id=19980, stack(0x000000559ca00000,0x000000559cb00000)]
  0x000001a24a652200 JavaThread "pool-2-thread-1" [_thread_blocked, id=24824, stack(0x000000559cb00000,0x000000559cc00000)]
  0x000001a24a64ea50 JavaThread "WorkspaceEventsHandler" [_thread_blocked, id=13960, stack(0x000000559cc00000,0x000000559cd00000)]
  0x000001a24a6512d0 JavaThread "pool-1-thread-1" [_thread_blocked, id=22460, stack(0x000000559cd00000,0x000000559ce00000)]

Other Threads:
  0x000001a242d42c60 VMThread "VM Thread" [stack: 0x0000005599b00000,0x0000005599c00000] [id=3768]
  0x000001a2496cae60 WatcherThread [stack: 0x000000559a700000,0x000000559a800000] [id=25508]
  0x000001a22eee6560 GCTaskThread "GC Thread#0" [stack: 0x0000005599a00000,0x0000005599b00000] [id=10792]
  0x000001a24ae51070 GCTaskThread "GC Thread#1" [stack: 0x000000559a900000,0x000000559aa00000] [id=3300]
  0x000001a24ae51330 GCTaskThread "GC Thread#2" [stack: 0x000000559aa00000,0x000000559ab00000] [id=7448]
  0x000001a249a307b0 GCTaskThread "GC Thread#3" [stack: 0x000000559ab00000,0x000000559ac00000] [id=25464]
  0x000001a249a30a70 GCTaskThread "GC Thread#4" [stack: 0x000000559ac00000,0x000000559ad00000] [id=22760]
  0x000001a24ae81a30 GCTaskThread "GC Thread#5" [stack: 0x000000559ad00000,0x000000559ae00000] [id=11832]
  0x000001a24ae81cf0 GCTaskThread "GC Thread#6" [stack: 0x000000559ae00000,0x000000559af00000] [id=10092]
  0x000001a24af8c850 GCTaskThread "GC Thread#7" [stack: 0x000000559b200000,0x000000559b300000] [id=6708]
  0x000001a24b750290 GCTaskThread "GC Thread#8" [stack: 0x000000559b500000,0x000000559b600000] [id=5092]
  0x000001a24b2d8800 GCTaskThread "GC Thread#9" [stack: 0x000000559b600000,0x000000559b700000] [id=18236]

Threads with active compile tasks:
C2 CompilerThread0     6059 4803       4       org.eclipse.osgi.internal.loader.ModuleClassLoader::toString (80 bytes)
C2 CompilerThread1     6059 5078       4       jdk.internal.org.objectweb.asm.SymbolTable::addConstantUtf8 (98 bytes)

VM state: not at safepoint (normal execution)

VM Mutex/Monitor currently owned by a thread: None

Heap address: 0x00000000c0000000, size: 1024 MB, Compressed Oops mode: 32-bit

CDS archive(s) not mapped
Compressed class space mapped at: 0x0000000100000000-0x0000000140000000, reserved size: 1073741824
Narrow klass base: 0x0000000000000000, Narrow klass shift: 3, Narrow klass range: 0x140000000

GC Precious Log:
 CPUs: 12 total, 12 available
 Memory: 7501M
 Large Page Support: Disabled
 NUMA Support: Disabled
 Compressed Oops: Enabled (32-bit)
 Alignments: Space 512K, Generation 512K, Heap 2M
 Heap Min Capacity: 100M
 Heap Initial Capacity: 100M
 Heap Max Capacity: 1G
 Pre-touch: Disabled
 Parallel Workers: 10

Heap:
 PSYoungGen      total 22528K, used 3476K [0x00000000eab00000, 0x00000000ec780000, 0x0000000100000000)
  eden space 22016K, 13% used [0x00000000eab00000,0x00000000eade5078,0x00000000ec080000)
  from space 512K, 100% used [0x00000000ec700000,0x00000000ec780000,0x00000000ec780000)
  to   space 2048K, 0% used [0x00000000ec380000,0x00000000ec380000,0x00000000ec580000)
 ParOldGen       total 68608K, used 19969K [0x00000000c0000000, 0x00000000c4300000, 0x00000000eab00000)
  object space 68608K, 29% used [0x00000000c0000000,0x00000000c1380730,0x00000000c4300000)
 Metaspace       used 46866K, committed 47872K, reserved 1114112K
  class space    used 4963K, committed 5440K, reserved 1048576K

Card table byte_map: [0x000001a22e850000,0x000001a22ea60000] _byte_map_base: 0x000001a22e250000

Marking Bits: (ParMarkBitMap*) 0x00007fffbb55d7d0
 Begin Bits: [0x000001a240b50000, 0x000001a241b50000)
 End Bits:   [0x000001a241b50000, 0x000001a242b50000)

Polling page: 0x000001a22cd20000

Metaspace:

Usage:
  Non-class:     40.92 MB used.
      Class:      4.85 MB used.
       Both:     45.77 MB used.

Virtual space:
  Non-class space:       64.00 MB reserved,      41.44 MB ( 65%) committed,  1 nodes.
      Class space:        1.00 GB reserved,       5.31 MB ( <1%) committed,  1 nodes.
             Both:        1.06 GB reserved,      46.75 MB (  4%) committed. 

Chunk freelists:
   Non-Class:  6.25 MB
       Class:  10.67 MB
        Both:  16.92 MB

MaxMetaspaceSize: unlimited
CompressedClassSpaceSize: 1.00 GB
Initial GC threshold: 21.00 MB
Current GC threshold: 58.38 MB
CDS: off
MetaspaceReclaimPolicy: balanced
 - commit_granule_bytes: 65536.
 - commit_granule_words: 8192.
 - virtual_space_node_default_size: 8388608.
 - enlarge_chunks_in_place: 1.
 - new_chunks_are_fully_committed: 0.
 - uncommit_free_chunks: 1.
 - use_allocation_guard: 0.
 - handle_deallocations: 1.


Internal statistics:

num_allocs_failed_limit: 6.
num_arena_births: 512.
num_arena_deaths: 14.
num_vsnodes_births: 2.
num_vsnodes_deaths: 0.
num_space_committed: 748.
num_space_uncommitted: 0.
num_chunks_returned_to_freelist: 20.
num_chunks_taken_from_freelist: 2190.
num_chunk_merges: 5.
num_chunk_splits: 1385.
num_chunks_enlarged: 851.
num_inconsistent_stats: 0.

CodeHeap 'non-profiled nmethods': size=120000Kb used=2134Kb max_used=2423Kb free=117865Kb
 bounds [0x000001a239620000, 0x000001a239890000, 0x000001a240b50000]
CodeHeap 'profiled nmethods': size=120000Kb used=8293Kb max_used=10310Kb free=111706Kb
 bounds [0x000001a231b50000, 0x000001a232570000, 0x000001a239080000]
CodeHeap 'non-nmethods': size=5760Kb used=1289Kb max_used=1336Kb free=4470Kb
 bounds [0x000001a239080000, 0x000001a2392f0000, 0x000001a239620000]
 total_blobs=4954 nmethods=4332 adapters=535
 compilation: enabled
              stopped_count=0, restarted_count=0
 full_count=0

Compilation events (20 events):
Event: 6.042 Thread 0x000001a247ea1310 nmethod 5083 0x000001a231ddfe10 code [0x000001a231ddffe0, 0x000001a231de04f8]
Event: 6.042 Thread 0x000001a247ea1310 5089       3       com.google.common.cache.LocalCache$LoadingValueReference::set (9 bytes)
Event: 6.042 Thread 0x000001a247ea1310 nmethod 5089 0x000001a231d5cc10 code [0x000001a231d5cdc0, 0x000001a231d5cf68]
Event: 6.042 Thread 0x000001a247ea1310 5090       3       com.google.common.cache.LocalCache$Segment::drainReferenceQueues (29 bytes)
Event: 6.042 Thread 0x000001a247ea1310 nmethod 5090 0x000001a231e80090 code [0x000001a231e80260, 0x000001a231e805f8]
Event: 6.042 Thread 0x000001a247ea1310 5091       3       com.google.common.cache.LocalCache$EntryFactory$1::newEntry (12 bytes)
Event: 6.042 Thread 0x000001a247ea1310 nmethod 5091 0x000001a232185910 code [0x000001a232185ac0, 0x000001a232185df8]
Event: 6.042 Thread 0x000001a247ea1310 5092       3       com.google.common.cache.LocalCache$StrongEntry::<init> (27 bytes)
Event: 6.042 Thread 0x000001a247ea1310 nmethod 5092 0x000001a231f8fe90 code [0x000001a231f90040, 0x000001a231f902b8]
Event: 6.042 Thread 0x000001a247ea1310 5095       3       java.util.concurrent.atomic.AtomicReferenceArray::set (13 bytes)
Event: 6.043 Thread 0x000001a2496fe5e0 nmethod 5065 0x000001a2396bea90 code [0x000001a2396bec40, 0x000001a2396bf1a8]
Event: 6.043 Thread 0x000001a2496fe5e0 5078       4       jdk.internal.org.objectweb.asm.SymbolTable::addConstantUtf8 (98 bytes)
Event: 6.043 Thread 0x000001a247ea1310 nmethod 5095 0x000001a23211cb10 code [0x000001a23211ce00, 0x000001a23211de28]
Event: 6.043 Thread 0x000001a247ea1310 5096       3       java.lang.invoke.VarHandleGuards::guard_LIL_V (137 bytes)
Event: 6.045 Thread 0x000001a247ea1310 nmethod 5096 0x000001a2322c0890 code [0x000001a2322c0ca0, 0x000001a2322c3398]
Event: 6.045 Thread 0x000001a247ea1310 5101       3       java.lang.Class::annotationData (44 bytes)
Event: 6.045 Thread 0x000001a247ea1310 nmethod 5101 0x000001a231e3c210 code [0x000001a231e3c3e0, 0x000001a231e3c6d8]
Event: 6.045 Thread 0x000001a247ea1310 5093       3       java.util.Collections$EmptyMap::values (4 bytes)
Event: 6.045 Thread 0x000001a247ea1310 nmethod 5093 0x000001a231f06410 code [0x000001a231f065a0, 0x000001a231f06718]
Event: 6.045 Thread 0x000001a247ea1310 5097       3       java.lang.invoke.VarHandleReferences$Array::setVolatile (61 bytes)

GC Heap History (20 events):
Event: 4.080 GC heap before
{Heap before GC invocations=9 (full 1):
 PSYoungGen      total 28672K, used 28640K [0x00000000eab00000, 0x00000000ece00000, 0x0000000100000000)
  eden space 24576K, 100% used [0x00000000eab00000,0x00000000ec300000,0x00000000ec300000)
  from space 4096K, 99% used [0x00000000ec400000,0x00000000ec7f8148,0x00000000ec800000)
  to   space 5632K, 0% used [0x00000000ec880000,0x00000000ec880000,0x00000000ece00000)
 ParOldGen       total 68608K, used 11357K [0x00000000c0000000, 0x00000000c4300000, 0x00000000eab00000)
  object space 68608K, 16% used [0x00000000c0000000,0x00000000c0b174c8,0x00000000c4300000)
 Metaspace       used 29305K, committed 29952K, reserved 1114112K
  class space    used 2899K, committed 3136K, reserved 1048576K
}
Event: 4.082 GC heap after
{Heap after GC invocations=9 (full 1):
 PSYoungGen      total 28672K, used 4379K [0x00000000eab00000, 0x00000000ecd00000, 0x0000000100000000)
  eden space 24064K, 0% used [0x00000000eab00000,0x00000000eab00000,0x00000000ec280000)
  from space 4608K, 95% used [0x00000000ec880000,0x00000000eccc6eb8,0x00000000ecd00000)
  to   space 4608K, 0% used [0x00000000ec400000,0x00000000ec400000,0x00000000ec880000)
 ParOldGen       total 68608K, used 11365K [0x00000000c0000000, 0x00000000c4300000, 0x00000000eab00000)
  object space 68608K, 16% used [0x00000000c0000000,0x00000000c0b194c8,0x00000000c4300000)
 Metaspace       used 29305K, committed 29952K, reserved 1114112K
  class space    used 2899K, committed 3136K, reserved 1048576K
}
Event: 4.241 GC heap before
{Heap before GC invocations=10 (full 1):
 PSYoungGen      total 28672K, used 28443K [0x00000000eab00000, 0x00000000ecd00000, 0x0000000100000000)
  eden space 24064K, 100% used [0x00000000eab00000,0x00000000ec280000,0x00000000ec280000)
  from space 4608K, 95% used [0x00000000ec880000,0x00000000eccc6eb8,0x00000000ecd00000)
  to   space 4608K, 0% used [0x00000000ec400000,0x00000000ec400000,0x00000000ec880000)
 ParOldGen       total 68608K, used 11365K [0x00000000c0000000, 0x00000000c4300000, 0x00000000eab00000)
  object space 68608K, 16% used [0x00000000c0000000,0x00000000c0b194c8,0x00000000c4300000)
 Metaspace       used 32231K, committed 32896K, reserved 1114112K
  class space    used 3124K, committed 3392K, reserved 1048576K
}
Event: 4.245 GC heap after
{Heap after GC invocations=10 (full 1):
 PSYoungGen      total 28160K, used 4294K [0x00000000eab00000, 0x00000000ecb00000, 0x0000000100000000)
  eden space 23552K, 0% used [0x00000000eab00000,0x00000000eab00000,0x00000000ec200000)
  from space 4608K, 93% used [0x00000000ec400000,0x00000000ec8318d8,0x00000000ec880000)
  to   space 2560K, 0% used [0x00000000ec880000,0x00000000ec880000,0x00000000ecb00000)
 ParOldGen       total 68608K, used 13446K [0x00000000c0000000, 0x00000000c4300000, 0x00000000eab00000)
  object space 68608K, 19% used [0x00000000c0000000,0x00000000c0d218f0,0x00000000c4300000)
 Metaspace       used 32231K, committed 32896K, reserved 1114112K
  class space    used 3124K, committed 3392K, reserved 1048576K
}
Event: 4.559 GC heap before
{Heap before GC invocations=11 (full 1):
 PSYoungGen      total 28160K, used 27846K [0x00000000eab00000, 0x00000000ecb00000, 0x0000000100000000)
  eden space 23552K, 100% used [0x00000000eab00000,0x00000000ec200000,0x00000000ec200000)
  from space 4608K, 93% used [0x00000000ec400000,0x00000000ec8318d8,0x00000000ec880000)
  to   space 2560K, 0% used [0x00000000ec880000,0x00000000ec880000,0x00000000ecb00000)
 ParOldGen       total 68608K, used 13446K [0x00000000c0000000, 0x00000000c4300000, 0x00000000eab00000)
  object space 68608K, 19% used [0x00000000c0000000,0x00000000c0d218f0,0x00000000c4300000)
 Metaspace       used 34390K, committed 35136K, reserved 1114112K
  class space    used 3329K, committed 3648K, reserved 1048576K
}
Event: 4.562 GC heap after
{Heap after GC invocations=11 (full 1):
 PSYoungGen      total 25600K, used 2081K [0x00000000eab00000, 0x00000000ecb00000, 0x0000000100000000)
  eden space 23040K, 0% used [0x00000000eab00000,0x00000000eab00000,0x00000000ec180000)
  from space 2560K, 81% used [0x00000000ec880000,0x00000000eca886e8,0x00000000ecb00000)
  to   space 3072K, 0% used [0x00000000ec500000,0x00000000ec500000,0x00000000ec800000)
 ParOldGen       total 68608K, used 16432K [0x00000000c0000000, 0x00000000c4300000, 0x00000000eab00000)
  object space 68608K, 23% used [0x00000000c0000000,0x00000000c100c3a0,0x00000000c4300000)
 Metaspace       used 34390K, committed 35136K, reserved 1114112K
  class space    used 3329K, committed 3648K, reserved 1048576K
}
Event: 4.659 GC heap before
{Heap before GC invocations=12 (full 1):
 PSYoungGen      total 25600K, used 6064K [0x00000000eab00000, 0x00000000ecb00000, 0x0000000100000000)
  eden space 23040K, 17% used [0x00000000eab00000,0x00000000eaee3b80,0x00000000ec180000)
  from space 2560K, 81% used [0x00000000ec880000,0x00000000eca886e8,0x00000000ecb00000)
  to   space 3072K, 0% used [0x00000000ec500000,0x00000000ec500000,0x00000000ec800000)
 ParOldGen       total 68608K, used 16432K [0x00000000c0000000, 0x00000000c4300000, 0x00000000eab00000)
  object space 68608K, 23% used [0x00000000c0000000,0x00000000c100c3a0,0x00000000c4300000)
 Metaspace       used 35128K, committed 35840K, reserved 1114112K
  class space    used 3422K, committed 3712K, reserved 1048576K
}
Event: 4.662 GC heap after
{Heap after GC invocations=12 (full 1):
 PSYoungGen      total 23552K, used 416K [0x00000000eab00000, 0x00000000ec900000, 0x0000000100000000)
  eden space 23040K, 0% used [0x00000000eab00000,0x00000000eab00000,0x00000000ec180000)
  from space 512K, 81% used [0x00000000ec500000,0x00000000ec568000,0x00000000ec580000)
  to   space 1536K, 0% used [0x00000000ec780000,0x00000000ec780000,0x00000000ec900000)
 ParOldGen       total 68608K, used 18441K [0x00000000c0000000, 0x00000000c4300000, 0x00000000eab00000)
  object space 68608K, 26% used [0x00000000c0000000,0x00000000c12026e8,0x00000000c4300000)
 Metaspace       used 35128K, committed 35840K, reserved 1114112K
  class space    used 3422K, committed 3712K, reserved 1048576K
}
Event: 4.662 GC heap before
{Heap before GC invocations=13 (full 2):
 PSYoungGen      total 23552K, used 416K [0x00000000eab00000, 0x00000000ec900000, 0x0000000100000000)
  eden space 23040K, 0% used [0x00000000eab00000,0x00000000eab00000,0x00000000ec180000)
  from space 512K, 81% used [0x00000000ec500000,0x00000000ec568000,0x00000000ec580000)
  to   space 1536K, 0% used [0x00000000ec780000,0x00000000ec780000,0x00000000ec900000)
 ParOldGen       total 68608K, used 18441K [0x00000000c0000000, 0x00000000c4300000, 0x00000000eab00000)
  object space 68608K, 26% used [0x00000000c0000000,0x00000000c12026e8,0x00000000c4300000)
 Metaspace       used 35128K, committed 35840K, reserved 1114112K
  class space    used 3422K, committed 3712K, reserved 1048576K
}
Event: 4.689 GC heap after
{Heap after GC invocations=13 (full 2):
 PSYoungGen      total 23552K, used 0K [0x00000000eab00000, 0x00000000ec900000, 0x0000000100000000)
  eden space 23040K, 0% used [0x00000000eab00000,0x00000000eab00000,0x00000000ec180000)
  from space 512K, 0% used [0x00000000ec500000,0x00000000ec500000,0x00000000ec580000)
  to   space 1536K, 0% used [0x00000000ec780000,0x00000000ec780000,0x00000000ec900000)
 ParOldGen       total 68608K, used 17010K [0x00000000c0000000, 0x00000000c4300000, 0x00000000eab00000)
  object space 68608K, 24% used [0x00000000c0000000,0x00000000c109cbb0,0x00000000c4300000)
 Metaspace       used 35115K, committed 35840K, reserved 1114112K
  class space    used 3418K, committed 3712K, reserved 1048576K
}
Event: 4.941 GC heap before
{Heap before GC invocations=14 (full 2):
 PSYoungGen      total 23552K, used 23040K [0x00000000eab00000, 0x00000000ec900000, 0x0000000100000000)
  eden space 23040K, 100% used [0x00000000eab00000,0x00000000ec180000,0x00000000ec180000)
  from space 512K, 0% used [0x00000000ec500000,0x00000000ec500000,0x00000000ec580000)
  to   space 1536K, 0% used [0x00000000ec780000,0x00000000ec780000,0x00000000ec900000)
 ParOldGen       total 68608K, used 17010K [0x00000000c0000000, 0x00000000c4300000, 0x00000000eab00000)
  object space 68608K, 24% used [0x00000000c0000000,0x00000000c109cbb0,0x00000000c4300000)
 Metaspace       used 37533K, committed 38400K, reserved 1114112K
  class space    used 3711K, committed 4096K, reserved 1048576K
}
Event: 4.943 GC heap after
{Heap after GC invocations=14 (full 2):
 PSYoungGen      total 24064K, used 1043K [0x00000000eab00000, 0x00000000ec900000, 0x0000000100000000)
  eden space 22528K, 0% used [0x00000000eab00000,0x00000000eab00000,0x00000000ec100000)
  from space 1536K, 67% used [0x00000000ec780000,0x00000000ec884c48,0x00000000ec900000)
  to   space 1536K, 0% used [0x00000000ec600000,0x00000000ec600000,0x00000000ec780000)
 ParOldGen       total 68608K, used 17018K [0x00000000c0000000, 0x00000000c4300000, 0x00000000eab00000)
  object space 68608K, 24% used [0x00000000c0000000,0x00000000c109ebb0,0x00000000c4300000)
 Metaspace       used 37533K, committed 38400K, reserved 1114112K
  class space    used 3711K, committed 4096K, reserved 1048576K
}
Event: 5.128 GC heap before
{Heap before GC invocations=15 (full 2):
 PSYoungGen      total 24064K, used 23571K [0x00000000eab00000, 0x00000000ec900000, 0x0000000100000000)
  eden space 22528K, 100% used [0x00000000eab00000,0x00000000ec100000,0x00000000ec100000)
  from space 1536K, 67% used [0x00000000ec780000,0x00000000ec884c48,0x00000000ec900000)
  to   space 1536K, 0% used [0x00000000ec600000,0x00000000ec600000,0x00000000ec780000)
 ParOldGen       total 68608K, used 17018K [0x00000000c0000000, 0x00000000c4300000, 0x00000000eab00000)
  object space 68608K, 24% used [0x00000000c0000000,0x00000000c109ebb0,0x00000000c4300000)
 Metaspace       used 40331K, committed 41216K, reserved 1114112K
  class space    used 4115K, committed 4480K, reserved 1048576K
}
Event: 5.130 GC heap after
{Heap after GC invocations=15 (full 2):
 PSYoungGen      total 23040K, used 608K [0x00000000eab00000, 0x00000000ec800000, 0x0000000100000000)
  eden space 22016K, 0% used [0x00000000eab00000,0x00000000eab00000,0x00000000ec080000)
  from space 1024K, 59% used [0x00000000ec600000,0x00000000ec698000,0x00000000ec700000)
  to   space 1024K, 0% used [0x00000000ec700000,0x00000000ec700000,0x00000000ec800000)
 ParOldGen       total 68608K, used 17881K [0x00000000c0000000, 0x00000000c4300000, 0x00000000eab00000)
  object space 68608K, 26% used [0x00000000c0000000,0x00000000c1176730,0x00000000c4300000)
 Metaspace       used 40331K, committed 41216K, reserved 1114112K
  class space    used 4115K, committed 4480K, reserved 1048576K
}
Event: 5.290 GC heap before
{Heap before GC invocations=16 (full 2):
 PSYoungGen      total 23040K, used 22607K [0x00000000eab00000, 0x00000000ec800000, 0x0000000100000000)
  eden space 22016K, 99% used [0x00000000eab00000,0x00000000ec07be58,0x00000000ec080000)
  from space 1024K, 59% used [0x00000000ec600000,0x00000000ec698000,0x00000000ec700000)
  to   space 1024K, 0% used [0x00000000ec700000,0x00000000ec700000,0x00000000ec800000)
 ParOldGen       total 68608K, used 17881K [0x00000000c0000000, 0x00000000c4300000, 0x00000000eab00000)
  object space 68608K, 26% used [0x00000000c0000000,0x00000000c1176730,0x00000000c4300000)
 Metaspace       used 41978K, committed 42944K, reserved 1114112K
  class space    used 4330K, committed 4800K, reserved 1048576K
}
Event: 5.291 GC heap after
{Heap after GC invocations=16 (full 2):
 PSYoungGen      total 23040K, used 865K [0x00000000eab00000, 0x00000000ec800000, 0x0000000100000000)
  eden space 22016K, 0% used [0x00000000eab00000,0x00000000eab00000,0x00000000ec080000)
  from space 1024K, 84% used [0x00000000ec700000,0x00000000ec7d8710,0x00000000ec800000)
  to   space 1024K, 0% used [0x00000000ec600000,0x00000000ec600000,0x00000000ec700000)
 ParOldGen       total 68608K, used 18393K [0x00000000c0000000, 0x00000000c4300000, 0x00000000eab00000)
  object space 68608K, 26% used [0x00000000c0000000,0x00000000c11f6730,0x00000000c4300000)
 Metaspace       used 41978K, committed 42944K, reserved 1114112K
  class space    used 4330K, committed 4800K, reserved 1048576K
}
Event: 5.607 GC heap before
{Heap before GC invocations=17 (full 2):
 PSYoungGen      total 23040K, used 22881K [0x00000000eab00000, 0x00000000ec800000, 0x0000000100000000)
  eden space 22016K, 100% used [0x00000000eab00000,0x00000000ec080000,0x00000000ec080000)
  from space 1024K, 84% used [0x00000000ec700000,0x00000000ec7d8710,0x00000000ec800000)
  to   space 1024K, 0% used [0x00000000ec600000,0x00000000ec600000,0x00000000ec700000)
 ParOldGen       total 68608K, used 18393K [0x00000000c0000000, 0x00000000c4300000, 0x00000000eab00000)
  object space 68608K, 26% used [0x00000000c0000000,0x00000000c11f6730,0x00000000c4300000)
 Metaspace       used 43990K, committed 44992K, reserved 1114112K
  class space    used 4591K, committed 5056K, reserved 1048576K
}
Event: 5.609 GC heap after
{Heap after GC invocations=17 (full 2):
 PSYoungGen      total 23040K, used 704K [0x00000000eab00000, 0x00000000ec780000, 0x0000000100000000)
  eden space 22016K, 0% used [0x00000000eab00000,0x00000000eab00000,0x00000000ec080000)
  from space 1024K, 68% used [0x00000000ec600000,0x00000000ec6b0000,0x00000000ec700000)
  to   space 512K, 0% used [0x00000000ec700000,0x00000000ec700000,0x00000000ec780000)
 ParOldGen       total 68608K, used 18953K [0x00000000c0000000, 0x00000000c4300000, 0x00000000eab00000)
  object space 68608K, 27% used [0x00000000c0000000,0x00000000c1282730,0x00000000c4300000)
 Metaspace       used 43990K, committed 44992K, reserved 1114112K
  class space    used 4591K, committed 5056K, reserved 1048576K
}
Event: 6.013 GC heap before
{Heap before GC invocations=18 (full 2):
 PSYoungGen      total 23040K, used 22720K [0x00000000eab00000, 0x00000000ec780000, 0x0000000100000000)
  eden space 22016K, 100% used [0x00000000eab00000,0x00000000ec080000,0x00000000ec080000)
  from space 1024K, 68% used [0x00000000ec600000,0x00000000ec6b0000,0x00000000ec700000)
  to   space 512K, 0% used [0x00000000ec700000,0x00000000ec700000,0x00000000ec780000)
 ParOldGen       total 68608K, used 18953K [0x00000000c0000000, 0x00000000c4300000, 0x00000000eab00000)
  object space 68608K, 27% used [0x00000000c0000000,0x00000000c1282730,0x00000000c4300000)
 Metaspace       used 46602K, committed 47552K, reserved 1114112K
  class space    used 4923K, committed 5376K, reserved 1048576K
}
Event: 6.014 GC heap after
{Heap after GC invocations=18 (full 2):
 PSYoungGen      total 22528K, used 512K [0x00000000eab00000, 0x00000000ec780000, 0x0000000100000000)
  eden space 22016K, 0% used [0x00000000eab00000,0x00000000eab00000,0x00000000ec080000)
  from space 512K, 100% used [0x00000000ec700000,0x00000000ec780000,0x00000000ec780000)
  to   space 2048K, 0% used [0x00000000ec380000,0x00000000ec380000,0x00000000ec580000)
 ParOldGen       total 68608K, used 19969K [0x00000000c0000000, 0x00000000c4300000, 0x00000000eab00000)
  object space 68608K, 29% used [0x00000000c0000000,0x00000000c1380730,0x00000000c4300000)
 Metaspace       used 46602K, committed 47552K, reserved 1114112K
  class space    used 4923K, committed 5376K, reserved 1048576K
}

Dll operation events (10 events):
Event: 0.013 Loaded shared library c:\Users\hp\.vscode\extensions\redhat.java-1.29.2024040108-win32-x64\jre\17.0.10-win32-x86_64\bin\java.dll
Event: 0.231 Loaded shared library c:\Users\hp\.vscode\extensions\redhat.java-1.29.2024040108-win32-x64\jre\17.0.10-win32-x86_64\bin\zip.dll
Event: 0.253 Loaded shared library C:\Users\hp\.vscode\extensions\redhat.java-1.29.2024040108-win32-x64\jre\17.0.10-win32-x86_64\bin\instrument.dll
Event: 0.272 Loaded shared library C:\Users\hp\.vscode\extensions\redhat.java-1.29.2024040108-win32-x64\jre\17.0.10-win32-x86_64\bin\net.dll
Event: 0.275 Loaded shared library C:\Users\hp\.vscode\extensions\redhat.java-1.29.2024040108-win32-x64\jre\17.0.10-win32-x86_64\bin\nio.dll
Event: 0.285 Loaded shared library C:\Users\hp\.vscode\extensions\redhat.java-1.29.2024040108-win32-x64\jre\17.0.10-win32-x86_64\bin\zip.dll
Event: 0.309 Loaded shared library C:\Users\hp\.vscode\extensions\redhat.java-1.29.2024040108-win32-x64\jre\17.0.10-win32-x86_64\bin\jimage.dll
Event: 0.424 Loaded shared library c:\Users\hp\.vscode\extensions\redhat.java-1.29.2024040108-win32-x64\jre\17.0.10-win32-x86_64\bin\verify.dll
Event: 1.735 Loaded shared library C:\Users\hp\AppData\Roaming\Code\User\globalStorage\redhat.java\1.29.2024040108\config_win\org.eclipse.equinox.launcher\org.eclipse.equinox.launcher.win32.win32.x86_64_1.2.900.v20240213-1244\eclipse_11900.dll
Event: 4.802 Loaded shared library C:\Users\hp\AppData\Local\Temp\jna-3336\jna15073297261055554097.dll

Deoptimization events (20 events):
Event: 5.957 Thread 0x000001a24b5ba060 DEOPT PACKING pc=0x000001a239804fc0 sp=0x000000559bafdef0
Event: 5.957 Thread 0x000001a24b5ba060 DEOPT UNPACKING pc=0x000001a2390d66a3 sp=0x000000559bafde18 mode 2
Event: 5.957 Thread 0x000001a24b5ba060 Uncommon trap: trap_request=0xffffffde fr.pc=0x000001a239804fc0 relative=0x0000000000000760
Event: 5.957 Thread 0x000001a24b5ba060 Uncommon trap: reason=class_check action=maybe_recompile pc=0x000001a239804fc0 method=java.util.TreeMap.put(Ljava/lang/Object;Ljava/lang/Object;Z)Ljava/lang/Object; @ 118 c2
Event: 5.957 Thread 0x000001a24b5ba060 DEOPT PACKING pc=0x000001a239804fc0 sp=0x000000559bafdef0
Event: 5.957 Thread 0x000001a24b5ba060 DEOPT UNPACKING pc=0x000001a2390d66a3 sp=0x000000559bafde18 mode 2
Event: 5.957 Thread 0x000001a24b5ba060 Uncommon trap: trap_request=0xffffffde fr.pc=0x000001a239804fc0 relative=0x0000000000000760
Event: 5.957 Thread 0x000001a24b5ba060 Uncommon trap: reason=class_check action=maybe_recompile pc=0x000001a239804fc0 method=java.util.TreeMap.put(Ljava/lang/Object;Ljava/lang/Object;Z)Ljava/lang/Object; @ 118 c2
Event: 5.957 Thread 0x000001a24b5ba060 DEOPT PACKING pc=0x000001a239804fc0 sp=0x000000559bafdef0
Event: 5.957 Thread 0x000001a24b5ba060 DEOPT UNPACKING pc=0x000001a2390d66a3 sp=0x000000559bafde18 mode 2
Event: 5.982 Thread 0x000001a24b5ba060 Uncommon trap: trap_request=0xffffff45 fr.pc=0x000001a239740648 relative=0x00000000000001a8
Event: 5.982 Thread 0x000001a24b5ba060 Uncommon trap: reason=unstable_if action=reinterpret pc=0x000001a239740648 method=java.lang.ClassLoader.checkName(Ljava/lang/String;)Z @ 1 c2
Event: 5.982 Thread 0x000001a24b5ba060 DEOPT PACKING pc=0x000001a239740648 sp=0x000000559bafdc80
Event: 5.982 Thread 0x000001a24b5ba060 DEOPT UNPACKING pc=0x000001a2390d66a3 sp=0x000000559bafdc18 mode 2
Event: 5.982 Thread 0x000001a24b5ba060 Uncommon trap: trap_request=0xffffff45 fr.pc=0x000001a2396b6b54 relative=0x0000000000001414
Event: 5.982 Thread 0x000001a24b5ba060 Uncommon trap: reason=unstable_if action=reinterpret pc=0x000001a2396b6b54 method=lombok.patcher.ScriptManager$OurClassFileTransformer.transform(Ljava/lang/ClassLoader;Ljava/lang/String;Ljava/lang/Class;Ljava/security/ProtectionDomain;[B)[B @ 1 c2
Event: 5.982 Thread 0x000001a24b5ba060 DEOPT PACKING pc=0x000001a2396b6b54 sp=0x000000559bafc770
Event: 5.982 Thread 0x000001a24b5ba060 DEOPT UNPACKING pc=0x000001a2390d66a3 sp=0x000000559bafc6f8 mode 2
Event: 6.020 Thread 0x000001a24b5ba060 DEOPT PACKING pc=0x000001a231bbec3f sp=0x000000559bafbcc0
Event: 6.020 Thread 0x000001a24b5ba060 DEOPT UNPACKING pc=0x000001a2390d6e43 sp=0x000000559bafb1c8 mode 0

Classes unloaded (7 events):
Event: 4.666 Thread 0x000001a242d42c60 Unloading class 0x0000000100250400 'java/lang/invoke/LambdaForm$MH+0x0000000100250400'
Event: 4.666 Thread 0x000001a242d42c60 Unloading class 0x0000000100250000 'java/lang/invoke/LambdaForm$MH+0x0000000100250000'
Event: 4.666 Thread 0x000001a242d42c60 Unloading class 0x000000010024fc00 'java/lang/invoke/LambdaForm$MH+0x000000010024fc00'
Event: 4.666 Thread 0x000001a242d42c60 Unloading class 0x000000010024f800 'java/lang/invoke/LambdaForm$MH+0x000000010024f800'
Event: 4.666 Thread 0x000001a242d42c60 Unloading class 0x000000010024f400 'java/lang/invoke/LambdaForm$BMH+0x000000010024f400'
Event: 4.666 Thread 0x000001a242d42c60 Unloading class 0x000000010024f000 'java/lang/invoke/LambdaForm$DMH+0x000000010024f000'
Event: 4.666 Thread 0x000001a242d42c60 Unloading class 0x000000010024c400 'java/lang/invoke/LambdaForm$DMH+0x000000010024c400'

Classes redefined (0 events):
No events

Internal exceptions (20 events):
Event: 4.874 Thread 0x000001a24b5ba060 Exception <a 'java/lang/NoSuchMethodError'{0x00000000eb38c8c0}: 'int java.lang.invoke.DirectMethodHandle$Holder.invokeStaticInit(java.lang.Object, double, double)'> (0x00000000eb38c8c0) 
thrown [s\src\hotspot\share\interpreter\linkResolver.cpp, line 759]
Event: 4.874 Thread 0x000001a24b5ba060 Exception <a 'java/lang/NoSuchMethodError'{0x00000000eb3911a8}: 'int java.lang.invoke.DirectMethodHandle$Holder.invokeStatic(java.lang.Object, long)'> (0x00000000eb3911a8) 
thrown [s\src\hotspot\share\interpreter\linkResolver.cpp, line 759]
Event: 4.879 Thread 0x000001a24b5ba060 Exception <a 'java/lang/NoSuchMethodError'{0x00000000eb415fc8}: 'int java.lang.invoke.Invokers$Holder.linkToTargetMethod(java.lang.Object, java.lang.Object)'> (0x00000000eb415fc8) 
thrown [s\src\hotspot\share\interpreter\linkResolver.cpp, line 759]
Event: 4.911 Thread 0x000001a24b5ba060 Exception <a 'java/lang/NoSuchMethodError'{0x00000000eb795620}: 'java.lang.Object java.lang.invoke.DirectMethodHandle$Holder.invokeSpecialIFC(java.lang.Object, java.lang.Object, java.lang.Object, java.lang.Object)'> (0x00000000eb795620) 
thrown [s\src\hotspot\share\interpreter\linkResolver.cpp, line 759]
Event: 4.921 Thread 0x000001a24b5bd810 Exception <a 'java/lang/NoSuchMethodError'{0x00000000ebba1038}: 'int java.lang.invoke.DirectMethodHandle$Holder.invokeSpecial(java.lang.Object, java.lang.Object, java.lang.Object, java.lang.Object)'> (0x00000000ebba1038) 
thrown [s\src\hotspot\share\interpreter\linkResolver.cpp, line 759]
Event: 4.926 Thread 0x000001a24b5bd810 Exception <a 'java/lang/NoSuchMethodError'{0x00000000ebd877d0}: 'java.lang.Object java.lang.invoke.DirectMethodHandle$Holder.invokeStatic(java.lang.Object, int, java.lang.Object, java.lang.Object)'> (0x00000000ebd877d0) 
thrown [s\src\hotspot\share\interpreter\linkResolver.cpp, line 759]
Event: 4.926 Thread 0x000001a24b5bd810 Exception <a 'java/lang/NoSuchMethodError'{0x00000000ebdd90d0}: 'java.lang.Object java.lang.invoke.DelegatingMethodHandle$Holder.delegate(java.lang.Object, int, java.lang.Object, java.lang.Object)'> (0x00000000ebdd90d0) 
thrown [s\src\hotspot\share\interpreter\linkResolver.cpp, line 759]
Event: 4.929 Thread 0x000001a24b5bd810 Exception <a 'java/lang/NoSuchMethodError'{0x00000000ebf3bb48}: 'int java.lang.invoke.Invokers$Holder.linkToTargetMethod(java.lang.Object, java.lang.Object, java.lang.Object)'> (0x00000000ebf3bb48) 
thrown [s\src\hotspot\share\interpreter\linkResolver.cpp, line 759]
Event: 4.946 Thread 0x000001a22eed5db0 Exception <a 'java/lang/NoSuchMethodError'{0x00000000eab86a38}: 'java.lang.Object java.lang.invoke.DirectMethodHandle$Holder.invokeStatic(java.lang.Object, java.lang.Object, long, java.lang.Object)'> (0x00000000eab86a38) 
thrown [s\src\hotspot\share\interpreter\linkResolver.cpp, line 759]
Event: 4.947 Thread 0x000001a22eed5db0 Exception <a 'java/lang/NoSuchMethodError'{0x00000000eab8a4d0}: 'java.lang.Object java.lang.invoke.DirectMethodHandle$Holder.invokeStaticInit(java.lang.Object, java.lang.Object, long, java.lang.Object)'> (0x00000000eab8a4d0) 
thrown [s\src\hotspot\share\interpreter\linkResolver.cpp, line 759]
Event: 4.947 Thread 0x000001a22eed5db0 Exception <a 'java/lang/NoSuchMethodError'{0x00000000eab90ae0}: 'java.lang.Object java.lang.invoke.DirectMethodHandle$Holder.newInvokeSpecial(java.lang.Object, java.lang.Object, long)'> (0x00000000eab90ae0) 
thrown [s\src\hotspot\share\interpreter\linkResolver.cpp, line 759]
Event: 5.050 Thread 0x000001a24b5ba060 Exception <a 'java/lang/NoSuchMethodError'{0x00000000eb88ee08}: 'int java.lang.invoke.DirectMethodHandle$Holder.invokeSpecialIFC(java.lang.Object, java.lang.Object, java.lang.Object, java.lang.Object, java.lang.Object)'> (0x00000000eb88ee08) 
thrown [s\src\hotspot\share\interpreter\linkResolver.cpp, line 759]
Event: 5.172 Thread 0x000001a24b5ba060 Exception <a 'java/lang/NoClassDefFoundError'{0x00000000eb0a9808}: javax/enterprise/inject/Typed> (0x00000000eb0a9808) 
thrown [s\src\hotspot\share\classfile\systemDictionary.cpp, line 245]
Event: 5.185 Thread 0x000001a22eed5db0 Exception <a 'java/lang/NoSuchMethodError'{0x00000000eb25b4a0}: 'void java.lang.invoke.DirectMethodHandle$Holder.invokeSpecial(java.lang.Object, java.lang.Object, java.lang.Object, java.lang.Object, java.lang.Object, java.lang.Object)'> (0x00000000eb25b4a0) 
thrown [s\src\hotspot\share\interpreter\linkResolver.cpp, line 759]
Event: 5.187 Thread 0x000001a22eed5db0 Exception <a 'java/lang/IncompatibleClassChangeError'{0x00000000eb264cd0}: Found class java.lang.Object, but interface was expected> (0x00000000eb264cd0) 
thrown [s\src\hotspot\share\interpreter\linkResolver.cpp, line 826]
Event: 5.948 Thread 0x000001a24b5ba060 Exception <a 'java/lang/NoSuchMethodError'{0x00000000ebcc7898}: 'void java.lang.invoke.DirectMethodHandle$Holder.invokeStaticInit(java.lang.Object, java.lang.Object, java.lang.Object)'> (0x00000000ebcc7898) 
thrown [s\src\hotspot\share\interpreter\linkResolver.cpp, line 759]
Event: 5.953 Thread 0x000001a24b5ba060 Exception <a 'java/lang/ExceptionInInitializerError'{0x00000000ebcfe008}> (0x00000000ebcfe008) 
thrown [s\src\hotspot\share\oops\instanceKlass.cpp, line 1218]
Event: 5.982 Thread 0x000001a24b5ba060 Implicit null exception at 0x000001a2397404af to 0x000001a23974063c
Event: 5.982 Thread 0x000001a24b5ba060 Implicit null exception at 0x000001a2396b5789 to 0x000001a2396b6b34
Event: 5.984 Thread 0x000001a24b5ba060 Exception <a 'java/lang/NoSuchMethodError'{0x00000000ebe875c0}: 'java.lang.Object java.lang.invoke.Invokers$Holder.invokeExact_MT(java.lang.Object, int, java.lang.Object)'> (0x00000000ebe875c0) 
thrown [s\src\hotspot\share\interpreter\linkResolver.cpp, line 759]

VM Operations (20 events):
Event: 5.161 Executing VM operation: HandshakeAllThreads
Event: 5.161 Executing VM operation: HandshakeAllThreads done
Event: 5.290 Executing VM operation: ParallelGCFailedAllocation
Event: 5.291 Executing VM operation: ParallelGCFailedAllocation done
Event: 5.533 Executing VM operation: HandshakeAllThreads
Event: 5.533 Executing VM operation: HandshakeAllThreads done
Event: 5.607 Executing VM operation: ParallelGCFailedAllocation
Event: 5.609 Executing VM operation: ParallelGCFailedAllocation done
Event: 5.719 Executing VM operation: HandshakeAllThreads
Event: 5.719 Executing VM operation: HandshakeAllThreads done
Event: 5.719 Executing VM operation: HandshakeAllThreads
Event: 5.719 Executing VM operation: HandshakeAllThreads done
Event: 5.761 Executing VM operation: HandshakeAllThreads
Event: 5.761 Executing VM operation: HandshakeAllThreads done
Event: 5.814 Executing VM operation: HandshakeAllThreads
Event: 5.814 Executing VM operation: HandshakeAllThreads done
Event: 6.013 Executing VM operation: ParallelGCFailedAllocation
Event: 6.014 Executing VM operation: ParallelGCFailedAllocation done
Event: 6.018 Executing VM operation: HandshakeAllThreads
Event: 6.018 Executing VM operation: HandshakeAllThreads done

Events (20 events):
Event: 5.824 Thread 0x000001a247ea2460 flushing nmethod 0x000001a2324b8990
Event: 5.824 Thread 0x000001a247ea2460 flushing nmethod 0x000001a2324ba690
Event: 5.824 Thread 0x000001a247ea2460 flushing nmethod 0x000001a2324ca590
Event: 5.824 Thread 0x000001a247ea2460 flushing nmethod 0x000001a2324cb610
Event: 5.824 Thread 0x000001a247ea2460 flushing nmethod 0x000001a2324ccc90
Event: 5.824 Thread 0x000001a247ea2460 flushing nmethod 0x000001a2324cd290
Event: 5.824 Thread 0x000001a247ea2460 flushing nmethod 0x000001a2324d8310
Event: 5.824 Thread 0x000001a247ea2460 flushing nmethod 0x000001a2324dd810
Event: 5.824 Thread 0x000001a247ea2460 flushing nmethod 0x000001a2324e6c90
Event: 5.824 Thread 0x000001a247ea2460 flushing nmethod 0x000001a2324fa910
Event: 5.824 Thread 0x000001a247ea2460 flushing nmethod 0x000001a2324fe290
Event: 5.825 Thread 0x000001a247ea2460 flushing nmethod 0x000001a232514110
Event: 5.837 loading class sun/reflect/generics/repository/FieldRepository
Event: 5.837 loading class sun/reflect/generics/repository/FieldRepository done
Event: 5.856 loading class java/io/UncheckedIOException
Event: 5.856 loading class java/io/UncheckedIOException done
Event: 5.952 loading class java/lang/ExceptionInInitializerError
Event: 5.952 loading class java/lang/ExceptionInInitializerError done
Event: 5.983 loading class java/util/function/ToIntFunction
Event: 5.983 loading class java/util/function/ToIntFunction done


Dynamic libraries:
0x00007ff7bb020000 - 0x00007ff7bb02e000 	c:\Users\hp\.vscode\extensions\redhat.java-1.29.2024040108-win32-x64\jre\17.0.10-win32-x86_64\bin\java.exe
0x00007ff869d50000 - 0x00007ff869f66000 	C:\WINDOWS\SYSTEM32\ntdll.dll
0x00007ff8697b0000 - 0x00007ff869874000 	C:\WINDOWS\System32\KERNEL32.DLL
0x00007ff8673d0000 - 0x00007ff867776000 	C:\WINDOWS\System32\KERNELBASE.dll
0x00007ff867780000 - 0x00007ff867891000 	C:\WINDOWS\System32\ucrtbase.dll
0x00007ff82ff00000 - 0x00007ff82ff17000 	c:\Users\hp\.vscode\extensions\redhat.java-1.29.2024040108-win32-x64\jre\17.0.10-win32-x86_64\bin\jli.dll
0x00007ff82fb90000 - 0x00007ff82fbab000 	c:\Users\hp\.vscode\extensions\redhat.java-1.29.2024040108-win32-x64\jre\17.0.10-win32-x86_64\bin\VCRUNTIME140.dll
0x00007ff869a80000 - 0x00007ff869c2d000 	C:\WINDOWS\System32\USER32.dll
0x00007ff848380000 - 0x00007ff848613000 	C:\WINDOWS\WinSxS\amd64_microsoft.windows.common-controls_6595b64144ccf1df_6.0.22621.3235_none_270f74e173860f98\COMCTL32.dll
0x00007ff867a70000 - 0x00007ff867a96000 	C:\WINDOWS\System32\win32u.dll
0x00007ff867aa0000 - 0x00007ff867b47000 	C:\WINDOWS\System32\msvcrt.dll
0x00007ff8699f0000 - 0x00007ff869a19000 	C:\WINDOWS\System32\GDI32.dll
0x00007ff8672b0000 - 0x00007ff8673c8000 	C:\WINDOWS\System32\gdi32full.dll
0x00007ff8678a0000 - 0x00007ff86793a000 	C:\WINDOWS\System32\msvcp_win.dll
0x00007ff867b50000 - 0x00007ff867b81000 	C:\WINDOWS\System32\IMM32.DLL
0x00007ff851ca0000 - 0x00007ff851cac000 	c:\Users\hp\.vscode\extensions\redhat.java-1.29.2024040108-win32-x64\jre\17.0.10-win32-x86_64\bin\vcruntime140_1.dll
0x00007ff822410000 - 0x00007ff82249d000 	c:\Users\hp\.vscode\extensions\redhat.java-1.29.2024040108-win32-x64\jre\17.0.10-win32-x86_64\bin\msvcp140.dll
0x00007fffba9c0000 - 0x00007fffbb622000 	c:\Users\hp\.vscode\extensions\redhat.java-1.29.2024040108-win32-x64\jre\17.0.10-win32-x86_64\bin\server\jvm.dll
0x00007ff869670000 - 0x00007ff869722000 	C:\WINDOWS\System32\ADVAPI32.dll
0x00007ff8693e0000 - 0x00007ff869488000 	C:\WINDOWS\System32\sechost.dll
0x00007ff867200000 - 0x00007ff867228000 	C:\WINDOWS\System32\bcrypt.dll
0x00007ff868af0000 - 0x00007ff868c05000 	C:\WINDOWS\System32\RPCRT4.dll
0x00007ff84f0b0000 - 0x00007ff84f0b9000 	C:\WINDOWS\SYSTEM32\WSOCK32.dll
0x00007ff8669c0000 - 0x00007ff866a0d000 	C:\WINDOWS\SYSTEM32\POWRPROF.dll
0x00007ff85fa40000 - 0x00007ff85fa74000 	C:\WINDOWS\SYSTEM32\WINMM.dll
0x00007ff8695f0000 - 0x00007ff869661000 	C:\WINDOWS\System32\WS2_32.dll
0x00007ff85f720000 - 0x00007ff85f72a000 	C:\WINDOWS\SYSTEM32\VERSION.dll
0x00007ff866940000 - 0x00007ff866953000 	C:\WINDOWS\SYSTEM32\UMPDC.dll
0x00007ff8660d0000 - 0x00007ff8660e8000 	C:\WINDOWS\SYSTEM32\kernel.appcore.dll
0x00007ff84f280000 - 0x00007ff84f28a000 	c:\Users\hp\.vscode\extensions\redhat.java-1.29.2024040108-win32-x64\jre\17.0.10-win32-x86_64\bin\jimage.dll
0x00007ff853f10000 - 0x00007ff854143000 	C:\WINDOWS\SYSTEM32\DBGHELP.DLL
0x00007ff868c10000 - 0x00007ff868f98000 	C:\WINDOWS\System32\combase.dll
0x00007ff869c30000 - 0x00007ff869d07000 	C:\WINDOWS\System32\OLEAUT32.dll
0x00007ff854960000 - 0x00007ff854992000 	C:\WINDOWS\SYSTEM32\dbgcore.DLL
0x00007ff867230000 - 0x00007ff8672aa000 	C:\WINDOWS\System32\bcryptPrimitives.dll
0x00007ff84f110000 - 0x00007ff84f11e000 	c:\Users\hp\.vscode\extensions\redhat.java-1.29.2024040108-win32-x64\jre\17.0.10-win32-x86_64\bin\instrument.dll
0x00007ff82c920000 - 0x00007ff82c945000 	c:\Users\hp\.vscode\extensions\redhat.java-1.29.2024040108-win32-x64\jre\17.0.10-win32-x86_64\bin\java.dll
0x00007ff82ef60000 - 0x00007ff82ef78000 	c:\Users\hp\.vscode\extensions\redhat.java-1.29.2024040108-win32-x64\jre\17.0.10-win32-x86_64\bin\zip.dll
0x00007ff867dc0000 - 0x00007ff86861d000 	C:\WINDOWS\System32\SHELL32.dll
0x00007ff85ebe0000 - 0x00007ff85f4d8000 	C:\WINDOWS\SYSTEM32\windows.storage.dll
0x00007ff861f00000 - 0x00007ff86203e000 	C:\WINDOWS\SYSTEM32\wintypes.dll
0x00007ff867c40000 - 0x00007ff867d33000 	C:\WINDOWS\System32\SHCORE.dll
0x00007ff869990000 - 0x00007ff8699ee000 	C:\WINDOWS\System32\shlwapi.dll
0x00007ff866fc0000 - 0x00007ff866fe6000 	C:\WINDOWS\SYSTEM32\profapi.dll
0x00007ff82c8e0000 - 0x00007ff82c8f9000 	C:\Users\hp\.vscode\extensions\redhat.java-1.29.2024040108-win32-x64\jre\17.0.10-win32-x86_64\bin\net.dll
0x00007ff861610000 - 0x00007ff861747000 	C:\WINDOWS\SYSTEM32\WINHTTP.dll
0x00007ff866550000 - 0x00007ff8665b9000 	C:\WINDOWS\system32\mswsock.dll
0x00007ff82c490000 - 0x00007ff82c4a6000 	C:\Users\hp\.vscode\extensions\redhat.java-1.29.2024040108-win32-x64\jre\17.0.10-win32-x86_64\bin\nio.dll
0x00007ff84c750000 - 0x00007ff84c760000 	c:\Users\hp\.vscode\extensions\redhat.java-1.29.2024040108-win32-x64\jre\17.0.10-win32-x86_64\bin\verify.dll
0x00007ff82edc0000 - 0x00007ff82edfe000 	C:\Users\hp\AppData\Roaming\Code\User\globalStorage\redhat.java\1.29.2024040108\config_win\org.eclipse.equinox.launcher\org.eclipse.equinox.launcher.win32.win32.x86_64_1.2.900.v20240213-1244\eclipse_11900.dll
0x00007ff869030000 - 0x00007ff8691cf000 	C:\WINDOWS\System32\ole32.dll
0x00007ff866820000 - 0x00007ff86683b000 	C:\WINDOWS\SYSTEM32\CRYPTSP.dll
0x00007ff866030000 - 0x00007ff866065000 	C:\WINDOWS\system32\rsaenh.dll
0x00007ff8666b0000 - 0x00007ff8666dc000 	C:\WINDOWS\SYSTEM32\USERENV.dll
0x00007ff866810000 - 0x00007ff86681c000 	C:\WINDOWS\SYSTEM32\CRYPTBASE.dll
0x00007ff865b50000 - 0x00007ff865b7d000 	C:\WINDOWS\SYSTEM32\IPHLPAPI.DLL
0x00007ff869200000 - 0x00007ff869209000 	C:\WINDOWS\System32\NSI.dll
0x00007ff8615f0000 - 0x00007ff861609000 	C:\WINDOWS\SYSTEM32\dhcpcsvc6.DLL
0x00007ff85f730000 - 0x00007ff85f74f000 	C:\WINDOWS\SYSTEM32\dhcpcsvc.DLL
0x00007ff865b80000 - 0x00007ff865c79000 	C:\WINDOWS\SYSTEM32\DNSAPI.dll
0x00007ff82a020000 - 0x00007ff82a065000 	C:\Users\hp\AppData\Local\Temp\jna-3336\jna15073297261055554097.dll
0x00007ff869880000 - 0x00007ff869888000 	C:\WINDOWS\System32\PSAPI.DLL

dbghelp: loaded successfully - version: 4.0.5 - missing functions: none
symbol engine: initialized successfully - sym options: 0x614 - pdb path: .;c:\Users\hp\.vscode\extensions\redhat.java-1.29.2024040108-win32-x64\jre\17.0.10-win32-x86_64\bin;C:\WINDOWS\SYSTEM32;C:\WINDOWS\WinSxS\amd64_microsoft.windows.common-controls_6595b64144ccf1df_6.0.22621.3235_none_270f74e173860f98;c:\Users\hp\.vscode\extensions\redhat.java-1.29.2024040108-win32-x64\jre\17.0.10-win32-x86_64\bin\server;C:\Users\hp\AppData\Roaming\Code\User\globalStorage\redhat.java\1.29.2024040108\config_win\org.eclipse.equinox.launcher\org.eclipse.equinox.launcher.win32.win32.x86_64_1.2.900.v20240213-1244;C:\Users\hp\AppData\Local\Temp\jna-3336

VM Arguments:
jvm_args: --add-modules=ALL-SYSTEM --add-opens=java.base/java.util=ALL-UNNAMED --add-opens=java.base/java.lang=ALL-UNNAMED --add-opens=java.base/sun.nio.fs=ALL-UNNAMED -Declipse.application=org.eclipse.jdt.ls.core.id1 -Dosgi.bundles.defaultStartLevel=4 -Declipse.product=org.eclipse.jdt.ls.core.product -Djava.import.generatesMetadataFilesAtProjectRoot=false -DDetectVMInstallationsJob.disabled=true -Dfile.encoding=utf8 -XX:+UseParallelGC -XX:GCTimeRatio=4 -XX:AdaptiveSizePolicyWeight=90 -Dsun.zip.disableMemoryMapping=true -Xmx1G -Xms100m -Xlog:disable -javaagent:c:\Users\hp\.vscode\extensions\redhat.java-1.29.2024040108-win32-x64\lombok\lombok-1.18.32.jar -XX:+HeapDumpOnOutOfMemoryError -XX:HeapDumpPath=c:\Users\hp\AppData\Roaming\Code\User\workspaceStorage\8e48fd55813f02b773f8300aef44ea0b\redhat.java -Daether.dependencyCollector.impl=bf 
java_command: c:\Users\hp\.vscode\extensions\redhat.java-1.29.2024040108-win32-x64\server\plugins\org.eclipse.equinox.launcher_1.6.800.v20240304-1850.jar -configuration c:\Users\hp\AppData\Roaming\Code\User\globalStorage\redhat.java\1.29.2024040108\config_win -data c:\Users\hp\AppData\Roaming\Code\User\workspaceStorage\8e48fd55813f02b773f8300aef44ea0b\redhat.java\jdt_ws --pipe=\\.\pipe\lsp-9dc40d5c88f47cd1bedbb543dcc83d67-sock
java_class_path (initial): c:\Users\hp\.vscode\extensions\redhat.java-1.29.2024040108-win32-x64\server\plugins\org.eclipse.equinox.launcher_1.6.800.v20240304-1850.jar
Launcher Type: SUN_STANDARD

[Global flags]
    uintx AdaptiveSizePolicyWeight                 = 90                                        {product} {command line}
     intx CICompilerCount                          = 4                                         {product} {ergonomic}
    uintx GCTimeRatio                              = 4                                         {product} {command line}
     bool HeapDumpOnOutOfMemoryError               = true                                   {manageable} {command line}
    ccstr HeapDumpPath                             = c:\Users\hp\AppData\Roaming\Code\User\workspaceStorage\8e48fd55813f02b773f8300aef44ea0b\redhat.java         {manageable} {command line}
   size_t InitialHeapSize                          = 104857600                                 {product} {command line}
   size_t MaxHeapSize                              = 1073741824                                {product} {command line}
   size_t MaxNewSize                               = 357564416                                 {product} {ergonomic}
   size_t MinHeapDeltaBytes                        = 524288                                    {product} {ergonomic}
   size_t MinHeapSize                              = 104857600                                 {product} {command line}
   size_t NewSize                                  = 34603008                                  {product} {ergonomic}
    uintx NonNMethodCodeHeapSize                   = 5839372                                {pd product} {ergonomic}
    uintx NonProfiledCodeHeapSize                  = 122909434                              {pd product} {ergonomic}
   size_t OldSize                                  = 70254592                                  {product} {ergonomic}
    uintx ProfiledCodeHeapSize                     = 122909434                              {pd product} {ergonomic}
    uintx ReservedCodeCacheSize                    = 251658240                              {pd product} {ergonomic}
     bool SegmentedCodeCache                       = true                                      {product} {ergonomic}
   size_t SoftMaxHeapSize                          = 1073741824                             {manageable} {ergonomic}
     bool UseCompressedClassPointers               = true                           {product lp64_product} {ergonomic}
     bool UseCompressedOops                        = true                           {product lp64_product} {ergonomic}
     bool UseLargePagesIndividualAllocation        = false                                  {pd product} {ergonomic}
     bool UseParallelGC                            = true                                      {product} {command line}

Logging:
Log output configuration:
 #0: stdout all=off uptime,level,tags
 #1: stderr all=off uptime,level,tags

Environment Variables:
JAVA_HOME=C:\Program Files\Java\jdk-17
PATH=C:\ffmpeg\bin;C:\ffmpeg\bin;C:\ffmpeg\bin;C:\Program Files\Java\jdk-17\bin;C:\Program Files\Common Files\Oracle;C:\Program Files\Microsoft\jdk-11.0.20.8-hotspot\bin;C:\WINDOWS\system32;C:\WINDOWS;C:\WINDOWS\System32\Wbem;C:\WINDOWS\System32\WindowsPowerShell\v1.0\;C:\WINDOWS\System32\OpenSSH\;C:\Program Files\Git\cmd;C:\sqlite;C:\ProgramData\chocolatey\bin;C:\Program Files\nodejs\;C:\Users\hp\AppData\Local\Android\Sdk\platform-tools\;C:\Users\hp\AppData\Local\jdk-11.0.2\bin;C:\Users\hp\AppData\Local\jdk-11.0.2\bin;C:\Users\hp\AppData\Local\Android\Sdk\tools;C:\Users\hp\AppData\Local\Android\Sdk\tools;C:\Users\hp\AppData\Local\Android\Sdk\tools;C:\Users\hp\AppData\Roaming\npm;C:\Program Files (x86)\Microsoft VS Code\bin;C:\Users\hp\AppData\Local\Programs\Microsoft VS Code\bin;D:\xampp\mysql\bin;;C:\Program Files\Docker\Docker\resources\bin;C:\Users\hp\.cargo\bin;C:\Users\hp\AppData\Local\Programs\Python\Launcher\;C:\Users\hp\AppData\Local\jdk-11.0.2\bin;C:\Users\hp\AppData\Local\jdk-11.0.2\bin;C:\Users\hp\AppData\Local\Android\Sdk\platform-tools;C:\Users\hp\AppData\Local\Android\Sdk\tools;C:\Users\hp\AppData\Local\Android\Sdk\platform-tools;C:\Users\hp\AppData\Local\Android\Sdk\tools;C:\Users\hp\AppData\Local\Android\Sdk\tools;C:\Program Files\Microsoft\jdk-11.0.20.8-hotspot\bin;C:\WINDOWS\system32;C:\WINDOWS;C:\WINDOWS\System32\Wbem;C:\WINDOWS\System32\WindowsPowerShell\v1.0\;C:\WINDOWS\System32\OpenSSH\;C:\Program Files\Git\cmd;C:\sqlite;C:\ProgramData\chocolatey\bin;C:\Program Files\nodejs\;C:\Users\hp\AppData\Local\Android\Sdk\platform-tools\;C:\Users\hp\AppData\Roaming\npm;C:\Program Files (x86)\Microsoft VS Code\bin;C:\Users\hp\AppData\Local\Programs\Microsoft VS Code\bin;D:\xampp\mysql\bin;C:\Users\hp\AppData\Local\Programs\Python\Python312\Scripts;C:\Users\hp\AppData\Local\Programs\Python\Python312;
USERNAME=hp
OS=Windows_NT
PROCESSOR_IDENTIFIER=AMD64 Family 23 Model 104 Stepping 1, AuthenticAMD
TMP=C:\Users\hp\AppData\Local\Temp
TEMP=C:\Users\hp\AppData\Local\Temp



Periodic native trim disabled


---------------  S Y S T E M  ---------------

OS:
 Windows 11 , 64 bit Build 22621 (10.0.22621.3235)
OS uptime: 3 days 11:25 hours
Hyper-V role detected

CPU: total 12 (initial active 12) (12 cores per cpu, 2 threads per core) family 23 model 104 stepping 1 microcode 0x0, cx8, cmov, fxsr, ht, mmx, 3dnowpref, sse, sse2, sse3, ssse3, sse4a, sse4.1, sse4.2, popcnt, lzcnt, tsc, tscinvbit, avx, avx2, aes, clmul, bmi1, bmi2, adx, sha, fma, vzeroupper, clflush, clflushopt, hv
Processor Information for all 12 processors :
  Max Mhz: 2100, Current Mhz: 2100, Mhz Limit: 2100

Memory: 4k page, system-wide physical 7501M (493M free)
TotalPageFile size 19556M (AvailPageFile size 5M)
current process WorkingSet (physical memory assigned to process): 192M, peak: 194M
current process commit charge ("private bytes"): 290M, peak: 293M

vm_info: OpenJDK 64-Bit Server VM (17.0.10+7) for windows-amd64 JRE (17.0.10+7), built on Jan 16 2024 23:25:11 by "admin" with MS VC++ 16.10 / 16.11 (VS2019)

END.
