#
# There is insufficient memory for the Java Runtime Environment to continue.
# Native memory allocation (malloc) failed to allocate 160704 bytes for Chunk::new
# Possible reasons:
#   The system is out of physical RAM or swap space
#   The process is running with CompressedOops enabled, and the Java Heap may be blocking the growth of the native heap
# Possible solutions:
#   Reduce memory load on the system
#   Increase physical memory or swap space
#   Check if swap backing store is full
#   Decrease Java heap size (-Xmx/-Xms)
#   Decrease number of Java threads
#   Decrease Java thread stack sizes (-Xss)
#   Set larger code cache with -XX:ReservedCodeCacheSize=
#   JVM is running with Unscaled Compressed Oops mode in which the Java heap is
#     placed in the first 4GB address space. The Java Heap base address is the
#     maximum limit for the native heap growth. Please use -XX:HeapBaseMinAddress
#     to set the Java Heap base and to place the Java Heap above 4GB virtual address.
# This output file may be truncated or incomplete.
#
#  Out of Memory Error (arena.cpp:191), pid=6544, tid=18412
#
# JRE version: OpenJDK Runtime Environment Temurin-17.0.10+7 (17.0.10+7) (build 17.0.10+7)
# Java VM: OpenJDK 64-Bit Server VM Temurin-17.0.10+7 (17.0.10+7, mixed mode, tiered, compressed oops, compressed class ptrs, parallel gc, windows-amd64)
# No core dump will be written. Minidumps are not enabled by default on client versions of Windows
#

---------------  S U M M A R Y ------------

Command Line: --add-modules=ALL-SYSTEM --add-opens=java.base/java.util=ALL-UNNAMED --add-opens=java.base/java.lang=ALL-UNNAMED --add-opens=java.base/sun.nio.fs=ALL-UNNAMED -Declipse.application=org.eclipse.jdt.ls.core.id1 -Dosgi.bundles.defaultStartLevel=4 -Declipse.product=org.eclipse.jdt.ls.core.product -Djava.import.generatesMetadataFilesAtProjectRoot=false -DDetectVMInstallationsJob.disabled=true -Dfile.encoding=utf8 -XX:+UseParallelGC -XX:GCTimeRatio=4 -XX:AdaptiveSizePolicyWeight=90 -Dsun.zip.disableMemoryMapping=true -Xmx1G -Xms100m -Xlog:disable -javaagent:c:\Users\hp\.vscode\extensions\redhat.java-1.30.2024041108-win32-x64\lombok\lombok-1.18.32.jar -XX:+HeapDumpOnOutOfMemoryError -XX:HeapDumpPath=c:\Users\hp\AppData\Roaming\Code\User\workspaceStorage\8e48fd55813f02b773f8300aef44ea0b\redhat.java -Daether.dependencyCollector.impl=bf c:\Users\hp\.vscode\extensions\redhat.java-1.30.2024041108-win32-x64\server\plugins\org.eclipse.equinox.launcher_1.6.800.v20240327-1824.jar -configuration c:\Users\hp\AppData\Roaming\Code\User\globalStorage\redhat.java\1.30.2024041108\config_win -data c:\Users\hp\AppData\Roaming\Code\User\workspaceStorage\8e48fd55813f02b773f8300aef44ea0b\redhat.java\jdt_ws --pipe=\\.\pipe\lsp-bb61737b91eb9bbcf83fbf2727f396a3-sock

Host: AMD Ryzen 5 5500U with Radeon Graphics         , 12 cores, 7G,  Windows 11 , 64 bit Build 22621 (10.0.22621.3235)
Time: Fri Apr 12 09:08:12 2024 India Standard Time elapsed time: 14.039358 seconds (0d 0h 0m 14s)

---------------  T H R E A D  ---------------

Current thread (0x000001674b5db870):  JavaThread "C2 CompilerThread1" daemon [_thread_in_native, id=18412, stack(0x00000024a9a00000,0x00000024a9b00000)]


Current CompileTask:
C2:  14039 3521       4       org.lombokweb.asm.ClassReader::readClass (7 bytes)

Stack: [0x00000024a9a00000,0x00000024a9b00000]
Native frames: (J=compiled Java code, j=interpreted, Vv=VM code, C=native code)
V  [jvm.dll+0x67d2c9]
V  [jvm.dll+0x834afa]
V  [jvm.dll+0x8365be]
V  [jvm.dll+0x836c23]
V  [jvm.dll+0x2477ff]
V  [jvm.dll+0xac514]
V  [jvm.dll+0xacb5c]
V  [jvm.dll+0x3667d7]
V  [jvm.dll+0x330bfa]
V  [jvm.dll+0x33009a]
V  [jvm.dll+0x219ef1]
V  [jvm.dll+0x219311]
V  [jvm.dll+0x1a502d]
V  [jvm.dll+0x2290de]
V  [jvm.dll+0x2272ac]
V  [jvm.dll+0x7e9bb7]
V  [jvm.dll+0x7e3fba]
V  [jvm.dll+0x67c1b5]
C  [ucrtbase.dll+0x29363]
C  [KERNEL32.DLL+0x1257d]
C  [ntdll.dll+0x5aa58]


---------------  P R O C E S S  ---------------

Threads class SMR info:
_java_thread_list=0x000001674d97c4e0, length=22, elements={
0x0000016730412ca0, 0x0000016746200010, 0x0000016746202190, 0x0000016746209fe0,
0x000001674620a9b0, 0x000001674620bd60, 0x000001674b2cbf20, 0x000001674b2cde70,
0x000001674b2e3b40, 0x000001674b2fcfb0, 0x000001674b4313b0, 0x000001674b5e7790,
0x000001674b61eae0, 0x000001674d079030, 0x000001674d051030, 0x000001674d1bd8e0,
0x000001674d8d6ad0, 0x000001674cd5d460, 0x000001674ce54830, 0x000001674ce55250,
0x000001674ce55760, 0x000001674b5db870
}

Java Threads: ( => current thread )
  0x0000016730412ca0 JavaThread "main" [_thread_blocked, id=8308, stack(0x00000024a7900000,0x00000024a7a00000)]
  0x0000016746200010 JavaThread "Reference Handler" daemon [_thread_blocked, id=16980, stack(0x00000024a7c00000,0x00000024a7d00000)]
  0x0000016746202190 JavaThread "Finalizer" daemon [_thread_blocked, id=19864, stack(0x00000024a7d00000,0x00000024a7e00000)]
  0x0000016746209fe0 JavaThread "Signal Dispatcher" daemon [_thread_blocked, id=5128, stack(0x00000024a7e00000,0x00000024a7f00000)]
  0x000001674620a9b0 JavaThread "Attach Listener" daemon [_thread_blocked, id=17004, stack(0x00000024a7f00000,0x00000024a8000000)]
  0x000001674620bd60 JavaThread "Service Thread" daemon [_thread_blocked, id=16304, stack(0x00000024a8000000,0x00000024a8100000)]
  0x000001674b2cbf20 JavaThread "Monitor Deflation Thread" daemon [_thread_blocked, id=6336, stack(0x00000024a8100000,0x00000024a8200000)]
  0x000001674b2cde70 JavaThread "C2 CompilerThread0" daemon [_thread_in_native, id=15152, stack(0x00000024a8200000,0x00000024a8300000)]
  0x000001674b2e3b40 JavaThread "C1 CompilerThread0" daemon [_thread_blocked, id=16608, stack(0x00000024a8300000,0x00000024a8400000)]
  0x000001674b2fcfb0 JavaThread "Sweeper thread" daemon [_thread_blocked, id=18728, stack(0x00000024a8400000,0x00000024a8500000)]
  0x000001674b4313b0 JavaThread "Common-Cleaner" daemon [_thread_blocked, id=16296, stack(0x00000024a8500000,0x00000024a8600000)]
  0x000001674b5e7790 JavaThread "Notification Thread" daemon [_thread_blocked, id=8360, stack(0x00000024a8600000,0x00000024a8700000)]
  0x000001674b61eae0 JavaThread "Active Thread: Equinox Container: b353a5f3-f7e4-4702-8343-1f9dc89861da" [_thread_blocked, id=17952, stack(0x00000024a8e00000,0x00000024a8f00000)]
  0x000001674d079030 JavaThread "Framework Event Dispatcher: Equinox Container: b353a5f3-f7e4-4702-8343-1f9dc89861da" daemon [_thread_blocked, id=16816, stack(0x00000024a9000000,0x00000024a9100000)]
  0x000001674d051030 JavaThread "Start Level: Equinox Container: b353a5f3-f7e4-4702-8343-1f9dc89861da" daemon [_thread_in_native, id=19644, stack(0x00000024a9100000,0x00000024a9200000)]
  0x000001674d1bd8e0 JavaThread "Bundle File Closer" daemon [_thread_blocked, id=16032, stack(0x00000024a8f00000,0x00000024a9000000)]
  0x000001674d8d6ad0 JavaThread "SCR Component Actor" daemon [_thread_blocked, id=1484, stack(0x00000024a9300000,0x00000024a9400000)]
  0x000001674cd5d460 JavaThread "SCR Component Registry" daemon [_thread_blocked, id=10964, stack(0x00000024a9600000,0x00000024a9700000)]
  0x000001674ce54830 JavaThread "Worker-JM" [_thread_blocked, id=10712, stack(0x00000024a9700000,0x00000024a9800000)]
  0x000001674ce55250 JavaThread "Worker-0" [_thread_blocked, id=4616, stack(0x00000024a9800000,0x00000024a9900000)]
  0x000001674ce55760 JavaThread "Worker-1" [_thread_blocked, id=15568, stack(0x00000024a9900000,0x00000024a9a00000)]
=>0x000001674b5db870 JavaThread "C2 CompilerThread1" daemon [_thread_in_native, id=18412, stack(0x00000024a9a00000,0x00000024a9b00000)]

Other Threads:
  0x00000167304becd0 VMThread "VM Thread" [stack: 0x00000024a7b00000,0x00000024a7c00000] [id=6264]
  0x000001674b5e7c70 WatcherThread [stack: 0x00000024a8700000,0x00000024a8800000] [id=8932]
  0x0000016730428420 GCTaskThread "GC Thread#0" [stack: 0x00000024a7a00000,0x00000024a7b00000] [id=17096]
  0x000001674cfea200 GCTaskThread "GC Thread#1" [stack: 0x00000024a8800000,0x00000024a8900000] [id=11104]
  0x000001674ccb19c0 GCTaskThread "GC Thread#2" [stack: 0x00000024a8900000,0x00000024a8a00000] [id=14812]
  0x000001674d1d7010 GCTaskThread "GC Thread#3" [stack: 0x00000024a8a00000,0x00000024a8b00000] [id=17924]
  0x000001674d1d72d0 GCTaskThread "GC Thread#4" [stack: 0x00000024a8b00000,0x00000024a8c00000] [id=15808]
  0x000001674d1d7590 GCTaskThread "GC Thread#5" [stack: 0x00000024a8c00000,0x00000024a8d00000] [id=4252]
  0x000001674d1d7850 GCTaskThread "GC Thread#6" [stack: 0x00000024a8d00000,0x00000024a8e00000] [id=3492]
  0x000001674d3f6e90 GCTaskThread "GC Thread#7" [stack: 0x00000024a9200000,0x00000024a9300000] [id=7728]
  0x000001674ce59e80 GCTaskThread "GC Thread#8" [stack: 0x00000024a9400000,0x00000024a9500000] [id=8580]
  0x000001674d1c7b40 GCTaskThread "GC Thread#9" [stack: 0x00000024a9500000,0x00000024a9600000] [id=8540]

Threads with active compile tasks:
C2 CompilerThread0    14064 3558       4       org.lombokweb.asm.SymbolTable::addConstantNameAndType (28 bytes)
C2 CompilerThread1    14064 3521       4       org.lombokweb.asm.ClassReader::readClass (7 bytes)

VM state: not at safepoint (normal execution)

VM Mutex/Monitor currently owned by a thread:  ([mutex/lock_event])
[0x000001673040f990] MethodCompileQueue_lock - owner thread: 0x0000000000000000

Heap address: 0x00000000c0000000, size: 1024 MB, Compressed Oops mode: 32-bit

CDS archive(s) not mapped
Compressed class space mapped at: 0x0000000100000000-0x0000000140000000, reserved size: 1073741824
Narrow klass base: 0x0000000000000000, Narrow klass shift: 3, Narrow klass range: 0x140000000

GC Precious Log:
 CPUs: 12 total, 12 available
 Memory: 7501M
 Large Page Support: Disabled
 NUMA Support: Disabled
 Compressed Oops: Enabled (32-bit)
 Alignments: Space 512K, Generation 512K, Heap 2M
 Heap Min Capacity: 100M
 Heap Initial Capacity: 100M
 Heap Max Capacity: 1G
 Pre-touch: Disabled
 Parallel Workers: 10

Heap:
 PSYoungGen      total 29184K, used 24008K [0x00000000eab00000, 0x00000000ed000000, 0x0000000100000000)
  eden space 24576K, 78% used [0x00000000eab00000,0x00000000ebdf3278,0x00000000ec300000)
  from space 4608K, 99% used [0x00000000ec480000,0x00000000ec8fefc0,0x00000000ec900000)
  to   space 6656K, 0% used [0x00000000ec980000,0x00000000ec980000,0x00000000ed000000)
 ParOldGen       total 68608K, used 12067K [0x00000000c0000000, 0x00000000c4300000, 0x00000000eab00000)
  object space 68608K, 17% used [0x00000000c0000000,0x00000000c0bc8ed0,0x00000000c4300000)
 Metaspace       used 28010K, committed 28608K, reserved 1114112K
  class space    used 2834K, committed 3072K, reserved 1048576K

Card table byte_map: [0x0000016743aa0000,0x0000016743cb0000] _byte_map_base: 0x00000167434a0000

Marking Bits: (ParMarkBitMap*) 0x00007ffc733bd7d0
 Begin Bits: [0x0000016743e10000, 0x0000016744e10000)
 End Bits:   [0x0000016744e10000, 0x0000016745e10000)

Polling page: 0x0000016730150000

Metaspace:

Usage:
  Non-class:     24.59 MB used.
      Class:      2.77 MB used.
       Both:     27.35 MB used.

Virtual space:
  Non-class space:       64.00 MB reserved,      24.94 MB ( 39%) committed,  1 nodes.
      Class space:        1.00 GB reserved,       3.00 MB ( <1%) committed,  1 nodes.
             Both:        1.06 GB reserved,      27.94 MB (  3%) committed. 

Chunk freelists:
   Non-Class:  6.47 MB
       Class:  13.00 MB
        Both:  19.47 MB

MaxMetaspaceSize: unlimited
CompressedClassSpaceSize: 1.00 GB
Initial GC threshold: 21.00 MB
Current GC threshold: 35.00 MB
CDS: off
MetaspaceReclaimPolicy: balanced
 - commit_granule_bytes: 65536.
 - commit_granule_words: 8192.
 - virtual_space_node_default_size: 8388608.
 - enlarge_chunks_in_place: 1.
 - new_chunks_are_fully_committed: 0.
 - uncommit_free_chunks: 1.
 - use_allocation_guard: 0.
 - handle_deallocations: 1.


Internal statistics:

num_allocs_failed_limit: 3.
num_arena_births: 332.
num_arena_deaths: 14.
num_vsnodes_births: 2.
num_vsnodes_deaths: 0.
num_space_committed: 447.
num_space_uncommitted: 0.
num_chunks_returned_to_freelist: 17.
num_chunks_taken_from_freelist: 1116.
num_chunk_merges: 9.
num_chunk_splits: 710.
num_chunks_enlarged: 493.
num_inconsistent_stats: 0.

CodeHeap 'non-profiled nmethods': size=120000Kb used=1584Kb max_used=1584Kb free=118416Kb
 bounds [0x000001673c390000, 0x000001673c600000, 0x00000167438c0000]
CodeHeap 'profiled nmethods': size=120000Kb used=7409Kb max_used=7409Kb free=112590Kb
 bounds [0x00000167348c0000, 0x0000016735000000, 0x000001673bdf0000]
CodeHeap 'non-nmethods': size=5760Kb used=1205Kb max_used=1238Kb free=4554Kb
 bounds [0x000001673bdf0000, 0x000001673c060000, 0x000001673c390000]
 total_blobs=4074 nmethods=3559 adapters=428
 compilation: enabled
              stopped_count=0, restarted_count=0
 full_count=0

Compilation events (20 events):
Event: 14.034 Thread 0x000001674b2e3b40 nmethod 3528 0x0000016734fe9810 code [0x0000016734fe9a00, 0x0000016734fe9d88]
Event: 14.034 Thread 0x000001674b2e3b40 3529       3       org.lombokweb.asm.FieldVisitor::<init> (7 bytes)
Event: 14.034 Thread 0x000001674b2e3b40 nmethod 3529 0x0000016734fe9f90 code [0x0000016734fea140, 0x0000016734fea288]
Event: 14.034 Thread 0x000001674b2e3b40 3530       3       org.lombokweb.asm.FieldVisitor::<init> (94 bytes)
Event: 14.035 Thread 0x000001674b2e3b40 nmethod 3530 0x0000016734fea310 code [0x0000016734fea560, 0x0000016734feae28]
Event: 14.035 Thread 0x000001674b2e3b40 3531       3       org.lombokweb.asm.FieldWriter::visitEnd (1 bytes)
Event: 14.035 Thread 0x000001674b2e3b40 nmethod 3531 0x0000016734feb110 code [0x0000016734feb2a0, 0x0000016734feb3b8]
Event: 14.035 Thread 0x000001674b2e3b40 3532       3       org.lombokweb.asm.ClassVisitor::visitField (24 bytes)
Event: 14.035 Thread 0x000001674b2e3b40 nmethod 3532 0x0000016734feb490 code [0x0000016734feb640, 0x0000016734feb868]
Event: 14.035 Thread 0x000001674b2e3b40 3534       3       org.lombokweb.asm.Label::<init> (5 bytes)
Event: 14.035 Thread 0x000001674b2e3b40 nmethod 3534 0x0000016734feb990 code [0x0000016734febb20, 0x0000016734febc78]
Event: 14.035 Thread 0x000001674b2e3b40 3524       3       org.lombokweb.asm.SymbolTable::hash (19 bytes)
Event: 14.035 Thread 0x000001674b2e3b40 nmethod 3524 0x0000016734febd10 code [0x0000016734febec0, 0x0000016734fec058]
Event: 14.035 Thread 0x000001674b2e3b40 3537       3       org.lombokweb.asm.Handle::hashCode (43 bytes)
Event: 14.035 Thread 0x000001674b2e3b40 nmethod 3537 0x0000016734fec190 code [0x0000016734fec360, 0x0000016734fec5a8]
Event: 14.035 Thread 0x000001674b2e3b40 3538       3       java.util.regex.Pattern$CharPropertyGreedy::match (160 bytes)
Event: 14.036 Thread 0x000001674b2e3b40 nmethod 3538 0x0000016734fec710 code [0x0000016734fec940, 0x0000016734fed308]
Event: 14.036 Thread 0x000001674b2e3b40 3540       3       org.lombokweb.asm.Label::addLineNumber (106 bytes)
Event: 14.036 Thread 0x000001674b2e3b40 nmethod 3540 0x0000016734fed610 code [0x0000016734fed7e0, 0x0000016734fedc88]
Event: 14.036 Thread 0x000001674b2e3b40 3544       3       org.lombokweb.asm.AnnotationWriter::putAnnotations (67 bytes)

GC Heap History (16 events):
Event: 1.205 GC heap before
{Heap before GC invocations=1 (full 0):
 PSYoungGen      total 29696K, used 25600K [0x00000000eab00000, 0x00000000ecc00000, 0x0000000100000000)
  eden space 25600K, 100% used [0x00000000eab00000,0x00000000ec400000,0x00000000ec400000)
  from space 4096K, 0% used [0x00000000ec800000,0x00000000ec800000,0x00000000ecc00000)
  to   space 4096K, 0% used [0x00000000ec400000,0x00000000ec400000,0x00000000ec800000)
 ParOldGen       total 68608K, used 0K [0x00000000c0000000, 0x00000000c4300000, 0x00000000eab00000)
  object space 68608K, 0% used [0x00000000c0000000,0x00000000c0000000,0x00000000c4300000)
 Metaspace       used 11008K, committed 11200K, reserved 1114112K
  class space    used 1098K, committed 1216K, reserved 1048576K
}
Event: 1.215 GC heap after
{Heap after GC invocations=1 (full 0):
 PSYoungGen      total 29696K, used 3156K [0x00000000eab00000, 0x00000000ecc00000, 0x0000000100000000)
  eden space 25600K, 0% used [0x00000000eab00000,0x00000000eab00000,0x00000000ec400000)
  from space 4096K, 77% used [0x00000000ec400000,0x00000000ec715278,0x00000000ec800000)
  to   space 4096K, 0% used [0x00000000ec800000,0x00000000ec800000,0x00000000ecc00000)
 ParOldGen       total 68608K, used 16K [0x00000000c0000000, 0x00000000c4300000, 0x00000000eab00000)
  object space 68608K, 0% used [0x00000000c0000000,0x00000000c0004000,0x00000000c4300000)
 Metaspace       used 11008K, committed 11200K, reserved 1114112K
  class space    used 1098K, committed 1216K, reserved 1048576K
}
Event: 4.665 GC heap before
{Heap before GC invocations=2 (full 0):
 PSYoungGen      total 29696K, used 28756K [0x00000000eab00000, 0x00000000ecc00000, 0x0000000100000000)
  eden space 25600K, 100% used [0x00000000eab00000,0x00000000ec400000,0x00000000ec400000)
  from space 4096K, 77% used [0x00000000ec400000,0x00000000ec715278,0x00000000ec800000)
  to   space 4096K, 0% used [0x00000000ec800000,0x00000000ec800000,0x00000000ecc00000)
 ParOldGen       total 68608K, used 16K [0x00000000c0000000, 0x00000000c4300000, 0x00000000eab00000)
  object space 68608K, 0% used [0x00000000c0000000,0x00000000c0004000,0x00000000c4300000)
 Metaspace       used 14624K, committed 14912K, reserved 1114112K
  class space    used 1462K, committed 1600K, reserved 1048576K
}
Event: 4.681 GC heap after
{Heap after GC invocations=2 (full 0):
 PSYoungGen      total 29696K, used 4077K [0x00000000eab00000, 0x00000000ecc00000, 0x0000000100000000)
  eden space 25600K, 0% used [0x00000000eab00000,0x00000000eab00000,0x00000000ec400000)
  from space 4096K, 99% used [0x00000000ec800000,0x00000000ecbfb700,0x00000000ecc00000)
  to   space 4096K, 0% used [0x00000000ec400000,0x00000000ec400000,0x00000000ec800000)
 ParOldGen       total 68608K, used 1442K [0x00000000c0000000, 0x00000000c4300000, 0x00000000eab00000)
  object space 68608K, 2% used [0x00000000c0000000,0x00000000c0168840,0x00000000c4300000)
 Metaspace       used 14624K, committed 14912K, reserved 1114112K
  class space    used 1462K, committed 1600K, reserved 1048576K
}
Event: 11.749 GC heap before
{Heap before GC invocations=3 (full 0):
 PSYoungGen      total 29696K, used 29677K [0x00000000eab00000, 0x00000000ecc00000, 0x0000000100000000)
  eden space 25600K, 100% used [0x00000000eab00000,0x00000000ec400000,0x00000000ec400000)
  from space 4096K, 99% used [0x00000000ec800000,0x00000000ecbfb700,0x00000000ecc00000)
  to   space 4096K, 0% used [0x00000000ec400000,0x00000000ec400000,0x00000000ec800000)
 ParOldGen       total 68608K, used 1442K [0x00000000c0000000, 0x00000000c4300000, 0x00000000eab00000)
  object space 68608K, 2% used [0x00000000c0000000,0x00000000c0168840,0x00000000c4300000)
 Metaspace       used 16145K, committed 16384K, reserved 1114112K
  class space    used 1618K, committed 1728K, reserved 1048576K
}
Event: 11.755 GC heap after
{Heap after GC invocations=3 (full 0):
 PSYoungGen      total 29696K, used 4076K [0x00000000eab00000, 0x00000000ecc00000, 0x0000000100000000)
  eden space 25600K, 0% used [0x00000000eab00000,0x00000000eab00000,0x00000000ec400000)
  from space 4096K, 99% used [0x00000000ec400000,0x00000000ec7fb200,0x00000000ec800000)
  to   space 4096K, 0% used [0x00000000ec800000,0x00000000ec800000,0x00000000ecc00000)
 ParOldGen       total 68608K, used 5248K [0x00000000c0000000, 0x00000000c4300000, 0x00000000eab00000)
  object space 68608K, 7% used [0x00000000c0000000,0x00000000c0520330,0x00000000c4300000)
 Metaspace       used 16145K, committed 16384K, reserved 1114112K
  class space    used 1618K, committed 1728K, reserved 1048576K
}
Event: 12.290 GC heap before
{Heap before GC invocations=4 (full 0):
 PSYoungGen      total 29696K, used 29676K [0x00000000eab00000, 0x00000000ecc00000, 0x0000000100000000)
  eden space 25600K, 100% used [0x00000000eab00000,0x00000000ec400000,0x00000000ec400000)
  from space 4096K, 99% used [0x00000000ec400000,0x00000000ec7fb200,0x00000000ec800000)
  to   space 4096K, 0% used [0x00000000ec800000,0x00000000ec800000,0x00000000ecc00000)
 ParOldGen       total 68608K, used 5248K [0x00000000c0000000, 0x00000000c4300000, 0x00000000eab00000)
  object space 68608K, 7% used [0x00000000c0000000,0x00000000c0520330,0x00000000c4300000)
 Metaspace       used 20733K, committed 21184K, reserved 1114112K
  class space    used 2099K, committed 2304K, reserved 1048576K
}
Event: 12.294 GC heap after
{Heap after GC invocations=4 (full 0):
 PSYoungGen      total 29696K, used 4094K [0x00000000eab00000, 0x00000000ecc00000, 0x0000000100000000)
  eden space 25600K, 0% used [0x00000000eab00000,0x00000000eab00000,0x00000000ec400000)
  from space 4096K, 99% used [0x00000000ec800000,0x00000000ecbff868,0x00000000ecc00000)
  to   space 4096K, 0% used [0x00000000ec400000,0x00000000ec400000,0x00000000ec800000)
 ParOldGen       total 68608K, used 6280K [0x00000000c0000000, 0x00000000c4300000, 0x00000000eab00000)
  object space 68608K, 9% used [0x00000000c0000000,0x00000000c0622390,0x00000000c4300000)
 Metaspace       used 20733K, committed 21184K, reserved 1114112K
  class space    used 2099K, committed 2304K, reserved 1048576K
}
Event: 12.367 GC heap before
{Heap before GC invocations=5 (full 0):
 PSYoungGen      total 29696K, used 7449K [0x00000000eab00000, 0x00000000ecc00000, 0x0000000100000000)
  eden space 25600K, 13% used [0x00000000eab00000,0x00000000eae46ce8,0x00000000ec400000)
  from space 4096K, 99% used [0x00000000ec800000,0x00000000ecbff868,0x00000000ecc00000)
  to   space 4096K, 0% used [0x00000000ec400000,0x00000000ec400000,0x00000000ec800000)
 ParOldGen       total 68608K, used 6280K [0x00000000c0000000, 0x00000000c4300000, 0x00000000eab00000)
  object space 68608K, 9% used [0x00000000c0000000,0x00000000c0622390,0x00000000c4300000)
 Metaspace       used 21099K, committed 21504K, reserved 1114112K
  class space    used 2140K, committed 2304K, reserved 1048576K
}
Event: 12.370 GC heap after
{Heap after GC invocations=5 (full 0):
 PSYoungGen      total 29696K, used 4095K [0x00000000eab00000, 0x00000000ece00000, 0x0000000100000000)
  eden space 25600K, 0% used [0x00000000eab00000,0x00000000eab00000,0x00000000ec400000)
  from space 4096K, 99% used [0x00000000ec400000,0x00000000ec7fff60,0x00000000ec800000)
  to   space 5120K, 0% used [0x00000000ec900000,0x00000000ec900000,0x00000000ece00000)
 ParOldGen       total 68608K, used 6658K [0x00000000c0000000, 0x00000000c4300000, 0x00000000eab00000)
  object space 68608K, 9% used [0x00000000c0000000,0x00000000c0680ae8,0x00000000c4300000)
 Metaspace       used 21099K, committed 21504K, reserved 1114112K
  class space    used 2140K, committed 2304K, reserved 1048576K
}
Event: 12.370 GC heap before
{Heap before GC invocations=6 (full 1):
 PSYoungGen      total 29696K, used 4095K [0x00000000eab00000, 0x00000000ece00000, 0x0000000100000000)
  eden space 25600K, 0% used [0x00000000eab00000,0x00000000eab00000,0x00000000ec400000)
  from space 4096K, 99% used [0x00000000ec400000,0x00000000ec7fff60,0x00000000ec800000)
  to   space 5120K, 0% used [0x00000000ec900000,0x00000000ec900000,0x00000000ece00000)
 ParOldGen       total 68608K, used 6658K [0x00000000c0000000, 0x00000000c4300000, 0x00000000eab00000)
  object space 68608K, 9% used [0x00000000c0000000,0x00000000c0680ae8,0x00000000c4300000)
 Metaspace       used 21099K, committed 21504K, reserved 1114112K
  class space    used 2140K, committed 2304K, reserved 1048576K
}
Event: 12.396 GC heap after
{Heap after GC invocations=6 (full 1):
 PSYoungGen      total 29696K, used 0K [0x00000000eab00000, 0x00000000ece00000, 0x0000000100000000)
  eden space 25600K, 0% used [0x00000000eab00000,0x00000000eab00000,0x00000000ec400000)
  from space 4096K, 0% used [0x00000000ec400000,0x00000000ec400000,0x00000000ec800000)
  to   space 5120K, 0% used [0x00000000ec900000,0x00000000ec900000,0x00000000ece00000)
 ParOldGen       total 68608K, used 10499K [0x00000000c0000000, 0x00000000c4300000, 0x00000000eab00000)
  object space 68608K, 15% used [0x00000000c0000000,0x00000000c0a40ed0,0x00000000c4300000)
 Metaspace       used 21086K, committed 21504K, reserved 1114112K
  class space    used 2136K, committed 2304K, reserved 1048576K
}
Event: 13.602 GC heap before
{Heap before GC invocations=7 (full 1):
 PSYoungGen      total 29696K, used 25600K [0x00000000eab00000, 0x00000000ece00000, 0x0000000100000000)
  eden space 25600K, 100% used [0x00000000eab00000,0x00000000ec400000,0x00000000ec400000)
  from space 4096K, 0% used [0x00000000ec400000,0x00000000ec400000,0x00000000ec800000)
  to   space 5120K, 0% used [0x00000000ec900000,0x00000000ec900000,0x00000000ece00000)
 ParOldGen       total 68608K, used 10499K [0x00000000c0000000, 0x00000000c4300000, 0x00000000eab00000)
  object space 68608K, 15% used [0x00000000c0000000,0x00000000c0a40ed0,0x00000000c4300000)
 Metaspace       used 23840K, committed 24320K, reserved 1114112K
  class space    used 2415K, committed 2624K, reserved 1048576K
}
Event: 13.604 GC heap after
{Heap after GC invocations=7 (full 1):
 PSYoungGen      total 29696K, used 4384K [0x00000000eab00000, 0x00000000ecd80000, 0x0000000100000000)
  eden space 25088K, 0% used [0x00000000eab00000,0x00000000eab00000,0x00000000ec380000)
  from space 4608K, 95% used [0x00000000ec900000,0x00000000ecd48000,0x00000000ecd80000)
  to   space 4608K, 0% used [0x00000000ec480000,0x00000000ec480000,0x00000000ec900000)
 ParOldGen       total 68608K, used 10507K [0x00000000c0000000, 0x00000000c4300000, 0x00000000eab00000)
  object space 68608K, 15% used [0x00000000c0000000,0x00000000c0a42ed0,0x00000000c4300000)
 Metaspace       used 23840K, committed 24320K, reserved 1114112K
  class space    used 2415K, committed 2624K, reserved 1048576K
}
Event: 13.936 GC heap before
{Heap before GC invocations=8 (full 1):
 PSYoungGen      total 29696K, used 29472K [0x00000000eab00000, 0x00000000ecd80000, 0x0000000100000000)
  eden space 25088K, 100% used [0x00000000eab00000,0x00000000ec380000,0x00000000ec380000)
  from space 4608K, 95% used [0x00000000ec900000,0x00000000ecd48000,0x00000000ecd80000)
  to   space 4608K, 0% used [0x00000000ec480000,0x00000000ec480000,0x00000000ec900000)
 ParOldGen       total 68608K, used 10507K [0x00000000c0000000, 0x00000000c4300000, 0x00000000eab00000)
  object space 68608K, 15% used [0x00000000c0000000,0x00000000c0a42ed0,0x00000000c4300000)
 Metaspace       used 26489K, committed 27072K, reserved 1114112K
  class space    used 2714K, committed 2944K, reserved 1048576K
}
Event: 13.939 GC heap after
{Heap after GC invocations=8 (full 1):
 PSYoungGen      total 29184K, used 4603K [0x00000000eab00000, 0x00000000ed000000, 0x0000000100000000)
  eden space 24576K, 0% used [0x00000000eab00000,0x00000000eab00000,0x00000000ec300000)
  from space 4608K, 99% used [0x00000000ec480000,0x00000000ec8fefc0,0x00000000ec900000)
  to   space 6656K, 0% used [0x00000000ec980000,0x00000000ec980000,0x00000000ed000000)
 ParOldGen       total 68608K, used 12067K [0x00000000c0000000, 0x00000000c4300000, 0x00000000eab00000)
  object space 68608K, 17% used [0x00000000c0000000,0x00000000c0bc8ed0,0x00000000c4300000)
 Metaspace       used 26489K, committed 27072K, reserved 1114112K
  class space    used 2714K, committed 2944K, reserved 1048576K
}

Dll operation events (9 events):
Event: 0.012 Loaded shared library c:\Users\hp\.vscode\extensions\redhat.java-1.30.2024041108-win32-x64\jre\17.0.10-win32-x86_64\bin\java.dll
Event: 0.205 Loaded shared library c:\Users\hp\.vscode\extensions\redhat.java-1.30.2024041108-win32-x64\jre\17.0.10-win32-x86_64\bin\zip.dll
Event: 0.210 Loaded shared library C:\Users\hp\.vscode\extensions\redhat.java-1.30.2024041108-win32-x64\jre\17.0.10-win32-x86_64\bin\instrument.dll
Event: 0.228 Loaded shared library C:\Users\hp\.vscode\extensions\redhat.java-1.30.2024041108-win32-x64\jre\17.0.10-win32-x86_64\bin\net.dll
Event: 0.231 Loaded shared library C:\Users\hp\.vscode\extensions\redhat.java-1.30.2024041108-win32-x64\jre\17.0.10-win32-x86_64\bin\nio.dll
Event: 0.239 Loaded shared library C:\Users\hp\.vscode\extensions\redhat.java-1.30.2024041108-win32-x64\jre\17.0.10-win32-x86_64\bin\zip.dll
Event: 0.255 Loaded shared library C:\Users\hp\.vscode\extensions\redhat.java-1.30.2024041108-win32-x64\jre\17.0.10-win32-x86_64\bin\jimage.dll
Event: 0.341 Loaded shared library c:\Users\hp\.vscode\extensions\redhat.java-1.30.2024041108-win32-x64\jre\17.0.10-win32-x86_64\bin\verify.dll
Event: 4.589 Loaded shared library C:\Users\hp\AppData\Roaming\Code\User\globalStorage\redhat.java\1.30.2024041108\config_win\org.eclipse.equinox.launcher\org.eclipse.equinox.launcher.win32.win32.x86_64_1.2.900.v20240213-1244\eclipse_11900.dll

Deoptimization events (20 events):
Event: 13.801 Thread 0x000001674d051030 Uncommon trap: trap_request=0xffffff45 fr.pc=0x000001673c3a9d54 relative=0x0000000000000334
Event: 13.801 Thread 0x000001674d051030 Uncommon trap: reason=unstable_if action=reinterpret pc=0x000001673c3a9d54 method=java.lang.AbstractStringBuilder.isLatin1()Z @ 10 c2
Event: 13.801 Thread 0x000001674d051030 DEOPT PACKING pc=0x000001673c3a9d54 sp=0x00000024a91f2680
Event: 13.801 Thread 0x000001674d051030 DEOPT UNPACKING pc=0x000001673be466a3 sp=0x00000024a91f2600 mode 2
Event: 13.801 Thread 0x000001674d051030 Uncommon trap: trap_request=0xffffff45 fr.pc=0x000001673c3d6ddc relative=0x000000000000005c
Event: 13.801 Thread 0x000001674d051030 Uncommon trap: reason=unstable_if action=reinterpret pc=0x000001673c3d6ddc method=java.lang.AbstractStringBuilder.isLatin1()Z @ 10 c2
Event: 13.801 Thread 0x000001674d051030 DEOPT PACKING pc=0x000001673c3d6ddc sp=0x00000024a91f2660
Event: 13.801 Thread 0x000001674d051030 DEOPT UNPACKING pc=0x000001673be466a3 sp=0x00000024a91f25f0 mode 2
Event: 13.803 Thread 0x000001674d051030 Uncommon trap: trap_request=0xffffff45 fr.pc=0x000001673c3b1738 relative=0x0000000000000038
Event: 13.803 Thread 0x000001674d051030 Uncommon trap: reason=unstable_if action=reinterpret pc=0x000001673c3b1738 method=java.lang.StringLatin1.canEncode(I)Z @ 4 c2
Event: 13.803 Thread 0x000001674d051030 DEOPT PACKING pc=0x000001673c3b1738 sp=0x00000024a91f2600
Event: 13.803 Thread 0x000001674d051030 DEOPT UNPACKING pc=0x000001673be466a3 sp=0x00000024a91f2590 mode 2
Event: 13.892 Thread 0x000001674d051030 Uncommon trap: trap_request=0xffffffc6 fr.pc=0x000001673c468558 relative=0x0000000000000eb8
Event: 13.892 Thread 0x000001674d051030 Uncommon trap: reason=bimorphic_or_optimized_type_check action=maybe_recompile pc=0x000001673c468558 method=java.util.Properties$LineReader.readLine()I @ 479 c2
Event: 13.892 Thread 0x000001674d051030 DEOPT PACKING pc=0x000001673c468558 sp=0x00000024a91f40d0
Event: 13.892 Thread 0x000001674d051030 DEOPT UNPACKING pc=0x000001673be466a3 sp=0x00000024a91f4060 mode 2
Event: 14.019 Thread 0x000001674d051030 Uncommon trap: trap_request=0xffffff45 fr.pc=0x000001673c515ff0 relative=0x00000000000007b0
Event: 14.019 Thread 0x000001674d051030 Uncommon trap: reason=unstable_if action=reinterpret pc=0x000001673c515ff0 method=org.lombokweb.asm.ClassReader.readUTF8(I[C)Ljava/lang/String; @ 11 c2
Event: 14.019 Thread 0x000001674d051030 DEOPT PACKING pc=0x000001673c515ff0 sp=0x00000024a91ef300
Event: 14.019 Thread 0x000001674d051030 DEOPT UNPACKING pc=0x000001673be466a3 sp=0x00000024a91ef2f8 mode 2

Classes unloaded (7 events):
Event: 12.374 Thread 0x00000167304becd0 Unloading class 0x0000000100248400 'java/lang/invoke/LambdaForm$MH+0x0000000100248400'
Event: 12.374 Thread 0x00000167304becd0 Unloading class 0x0000000100248000 'java/lang/invoke/LambdaForm$MH+0x0000000100248000'
Event: 12.374 Thread 0x00000167304becd0 Unloading class 0x0000000100247c00 'java/lang/invoke/LambdaForm$MH+0x0000000100247c00'
Event: 12.374 Thread 0x00000167304becd0 Unloading class 0x0000000100247800 'java/lang/invoke/LambdaForm$MH+0x0000000100247800'
Event: 12.374 Thread 0x00000167304becd0 Unloading class 0x0000000100247400 'java/lang/invoke/LambdaForm$BMH+0x0000000100247400'
Event: 12.374 Thread 0x00000167304becd0 Unloading class 0x0000000100247000 'java/lang/invoke/LambdaForm$DMH+0x0000000100247000'
Event: 12.374 Thread 0x00000167304becd0 Unloading class 0x0000000100244400 'java/lang/invoke/LambdaForm$DMH+0x0000000100244400'

Classes redefined (0 events):
No events

Internal exceptions (20 events):
Event: 12.323 Thread 0x000001674d051030 Exception <a 'java/lang/NoSuchMethodError'{0x00000000eac8a5a8}: 'java.lang.Object java.lang.invoke.DelegatingMethodHandle$Holder.reinvoke_L(java.lang.Object, java.lang.Object, java.lang.Object, java.lang.Object, int, int)'> (0x00000000eac8a5a8) 
thrown [s\src\hotspot\share\interpreter\linkResolver.cpp, line 759]
Event: 12.326 Thread 0x000001674d051030 Exception <a 'java/lang/NoSuchMethodError'{0x00000000eac9eb78}: 'java.lang.Object java.lang.invoke.Invokers$Holder.invokeExact_MT(java.lang.Object, java.lang.Object, java.lang.Object, java.lang.Object)'> (0x00000000eac9eb78) 
thrown [s\src\hotspot\share\interpreter\linkResolver.cpp, line 759]
Event: 12.433 Thread 0x000001674d051030 Exception <a 'java/io/FileNotFoundException'{0x00000000eac5ee98}> (0x00000000eac5ee98) 
thrown [s\src\hotspot\share\prims\jni.cpp, line 516]
Event: 12.434 Thread 0x000001674d051030 Exception <a 'java/io/FileNotFoundException'{0x00000000eac660a8}> (0x00000000eac660a8) 
thrown [s\src\hotspot\share\prims\jni.cpp, line 516]
Event: 12.551 Thread 0x000001674d051030 Exception <a 'java/lang/NoSuchMethodError'{0x00000000eb47aef0}: 'java.lang.Object java.lang.invoke.DirectMethodHandle$Holder.newInvokeSpecial(java.lang.Object, java.lang.Object, java.lang.Object, java.lang.Object, java.lang.Object)'> (0x00000000eb47aef0) 
thrown [s\src\hotspot\share\interpreter\linkResolver.cpp, line 759]
Event: 12.901 Thread 0x000001674d051030 Exception <a 'java/lang/NoSuchMethodError'{0x00000000eb6a46a0}: 'java.lang.Object java.lang.invoke.DirectMethodHandle$Holder.invokeStaticInit(java.lang.Object, int)'> (0x00000000eb6a46a0) 
thrown [s\src\hotspot\share\interpreter\linkResolver.cpp, line 759]
Event: 13.448 Thread 0x000001674d051030 Exception <a 'java/lang/NoSuchMethodError'{0x00000000eba11128}: 'java.lang.Object java.lang.invoke.DirectMethodHandle$Holder.invokeSpecial(java.lang.Object, java.lang.Object, java.lang.Object, long, java.lang.Object)'> (0x00000000eba11128) 
thrown [s\src\hotspot\share\interpreter\linkResolver.cpp, line 759]
Event: 13.449 Thread 0x000001674d051030 Exception <a 'java/lang/NoSuchMethodError'{0x00000000eba192e0}: 'java.lang.Object java.lang.invoke.DirectMethodHandle$Holder.newInvokeSpecial(java.lang.Object, java.lang.Object, java.lang.Object, long)'> (0x00000000eba192e0) 
thrown [s\src\hotspot\share\interpreter\linkResolver.cpp, line 759]
Event: 13.450 Thread 0x000001674d051030 Exception <a 'java/lang/NoSuchMethodError'{0x00000000eba1d880}: 'java.lang.Object java.lang.invoke.DirectMethodHandle$Holder.invokeSpecial(java.lang.Object, java.lang.Object, java.lang.Object, java.lang.Object, long)'> (0x00000000eba1d880) 
thrown [s\src\hotspot\share\interpreter\linkResolver.cpp, line 759]
Event: 13.450 Thread 0x000001674d051030 Exception <a 'java/lang/NoSuchMethodError'{0x00000000eba216f8}: 'java.lang.Object java.lang.invoke.Invokers$Holder.linkToTargetMethod(java.lang.Object, java.lang.Object, long, java.lang.Object)'> (0x00000000eba216f8) 
thrown [s\src\hotspot\share\interpreter\linkResolver.cpp, line 759]
Event: 13.460 Thread 0x000001674d051030 Exception <a 'java/lang/NoSuchMethodError'{0x00000000ebab8c30}: 'int java.lang.invoke.DirectMethodHandle$Holder.invokeStaticInit(java.lang.Object, java.lang.Object, java.lang.Object)'> (0x00000000ebab8c30) 
thrown [s\src\hotspot\share\interpreter\linkResolver.cpp, line 759]
Event: 13.470 Thread 0x000001674d051030 Exception <a 'java/lang/IncompatibleClassChangeError'{0x00000000ebb6e620}: Found class java.lang.Object, but interface was expected> (0x00000000ebb6e620) 
thrown [s\src\hotspot\share\interpreter\linkResolver.cpp, line 826]
Event: 13.480 Thread 0x000001674d051030 Exception <a 'java/lang/NoSuchMethodError'{0x00000000ebba3268}: 'java.lang.Object java.lang.invoke.DirectMethodHandle$Holder.invokeSpecial(java.lang.Object, java.lang.Object, java.lang.Object, int, java.lang.Object, java.lang.Object)'> (0x00000000ebba3268) 
thrown [s\src\hotspot\share\interpreter\linkResolver.cpp, line 759]
Event: 13.481 Thread 0x000001674d051030 Exception <a 'java/lang/NoSuchMethodError'{0x00000000ebbab960}: 'java.lang.Object java.lang.invoke.DirectMethodHandle$Holder.newInvokeSpecial(java.lang.Object, java.lang.Object, java.lang.Object, int, java.lang.Object)'> (0x00000000ebbab960) 
thrown [s\src\hotspot\share\interpreter\linkResolver.cpp, line 759]
Event: 13.481 Thread 0x000001674d051030 Exception <a 'java/lang/NoSuchMethodError'{0x00000000ebbb3008}: 'java.lang.Object java.lang.invoke.DirectMethodHandle$Holder.invokeSpecial(java.lang.Object, java.lang.Object, java.lang.Object, java.lang.Object, int, java.lang.Object)'> (0x00000000ebbb3008) 
thrown [s\src\hotspot\share\interpreter\linkResolver.cpp, line 759]
Event: 13.482 Thread 0x000001674ce55250 Exception <a 'java/lang/NoSuchMethodError'{0x00000000eba51d48}: 'java.lang.Object java.lang.invoke.DirectMethodHandle$Holder.invokeSpecial(java.lang.Object, java.lang.Object, int, java.lang.Object, java.lang.Object)'> (0x00000000eba51d48) 
thrown [s\src\hotspot\share\interpreter\linkResolver.cpp, line 759]
Event: 13.686 Thread 0x000001674d051030 Exception <a 'java/lang/NoSuchMethodError'{0x00000000eb08afc8}: 'java.lang.Object java.lang.invoke.Invokers$Holder.linkToTargetMethod(java.lang.Object, long, java.lang.Object, java.lang.Object)'> (0x00000000eb08afc8) 
thrown [s\src\hotspot\share\interpreter\linkResolver.cpp, line 759]
Event: 13.762 Thread 0x000001674d051030 Exception <a 'java/io/FileNotFoundException'{0x00000000eb7db1a0}> (0x00000000eb7db1a0) 
thrown [s\src\hotspot\share\prims\jni.cpp, line 516]
Event: 13.763 Thread 0x000001674d051030 Exception <a 'java/lang/NoSuchMethodError'{0x00000000eb7e4208}: 'java.lang.Object java.lang.invoke.DirectMethodHandle$Holder.newInvokeSpecial(java.lang.Object, int, java.lang.Object, java.lang.Object)'> (0x00000000eb7e4208) 
thrown [s\src\hotspot\share\interpreter\linkResolver.cpp, line 759]
Event: 13.872 Thread 0x000001674d051030 Exception <a 'java/lang/NoSuchMethodError'{0x00000000ebfa49c8}: 'void java.lang.invoke.DirectMethodHandle$Holder.invokeSpecial(java.lang.Object, java.lang.Object, java.lang.Object, int)'> (0x00000000ebfa49c8) 
thrown [s\src\hotspot\share\interpreter\linkResolver.cpp, line 759]

VM Operations (20 events):
Event: 12.367 Executing VM operation: CollectForMetadataAllocation
Event: 12.397 Executing VM operation: CollectForMetadataAllocation done
Event: 12.454 Executing VM operation: HandshakeAllThreads
Event: 12.454 Executing VM operation: HandshakeAllThreads done
Event: 13.462 Executing VM operation: Cleanup
Event: 13.462 Executing VM operation: Cleanup done
Event: 13.495 Executing VM operation: HandshakeAllThreads
Event: 13.495 Executing VM operation: HandshakeAllThreads done
Event: 13.549 Executing VM operation: HandshakeAllThreads
Event: 13.549 Executing VM operation: HandshakeAllThreads done
Event: 13.574 Executing VM operation: HandshakeAllThreads
Event: 13.575 Executing VM operation: HandshakeAllThreads done
Event: 13.580 Executing VM operation: HandshakeAllThreads
Event: 13.580 Executing VM operation: HandshakeAllThreads done
Event: 13.602 Executing VM operation: ParallelGCFailedAllocation
Event: 13.604 Executing VM operation: ParallelGCFailedAllocation done
Event: 13.802 Executing VM operation: HandshakeAllThreads
Event: 13.802 Executing VM operation: HandshakeAllThreads done
Event: 13.936 Executing VM operation: ParallelGCFailedAllocation
Event: 13.939 Executing VM operation: ParallelGCFailedAllocation done

Events (20 events):
Event: 13.973 loading class java/io/StringReader
Event: 13.973 loading class java/io/StringReader done
Event: 13.979 loading class java/util/zip/GZIPOutputStream
Event: 13.979 loading class java/util/zip/GZIPOutputStream done
Event: 13.980 loading class java/util/zip/GZIPInputStream
Event: 13.980 loading class java/util/zip/GZIPInputStream done
Event: 13.982 loading class java/net/SocketTimeoutException
Event: 13.982 loading class java/io/InterruptedIOException
Event: 13.982 loading class java/io/InterruptedIOException done
Event: 13.982 loading class java/net/SocketTimeoutException done
Event: 13.982 loading class java/net/SocketException
Event: 13.982 loading class java/net/SocketException done
Event: 13.982 loading class java/net/UnknownHostException
Event: 13.982 loading class java/net/UnknownHostException done
Event: 13.982 loading class java/net/ProtocolException
Event: 13.982 loading class java/net/ProtocolException done
Event: 14.002 loading class java/lang/ThreadLocal$SuppliedThreadLocal
Event: 14.002 loading class java/lang/ThreadLocal$SuppliedThreadLocal done
Event: 14.012 loading class java/io/FileWriter
Event: 14.012 loading class java/io/FileWriter done


Dynamic libraries:
0x00007ff60c390000 - 0x00007ff60c39e000 	c:\Users\hp\.vscode\extensions\redhat.java-1.30.2024041108-win32-x64\jre\17.0.10-win32-x86_64\bin\java.exe
0x00007ffd2d210000 - 0x00007ffd2d426000 	C:\WINDOWS\SYSTEM32\ntdll.dll
0x00007ffd2cb80000 - 0x00007ffd2cc44000 	C:\WINDOWS\System32\KERNEL32.DLL
0x00007ffd2a9f0000 - 0x00007ffd2ad96000 	C:\WINDOWS\System32\KERNELBASE.dll
0x00007ffd2ae40000 - 0x00007ffd2af51000 	C:\WINDOWS\System32\ucrtbase.dll
0x00007ffcfc3e0000 - 0x00007ffcfc3f7000 	c:\Users\hp\.vscode\extensions\redhat.java-1.30.2024041108-win32-x64\jre\17.0.10-win32-x86_64\bin\jli.dll
0x00007ffd2ce00000 - 0x00007ffd2cfad000 	C:\WINDOWS\System32\USER32.dll
0x00007ffd2a830000 - 0x00007ffd2a856000 	C:\WINDOWS\System32\win32u.dll
0x00007ffd2cb50000 - 0x00007ffd2cb79000 	C:\WINDOWS\System32\GDI32.dll
0x00007ffd2a860000 - 0x00007ffd2a978000 	C:\WINDOWS\System32\gdi32full.dll
0x00007ffd2ada0000 - 0x00007ffd2ae3a000 	C:\WINDOWS\System32\msvcp_win.dll
0x00007ffcf47f0000 - 0x00007ffcf480b000 	c:\Users\hp\.vscode\extensions\redhat.java-1.30.2024041108-win32-x64\jre\17.0.10-win32-x86_64\bin\VCRUNTIME140.dll
0x00007ffd0d890000 - 0x00007ffd0db23000 	C:\WINDOWS\WinSxS\amd64_microsoft.windows.common-controls_6595b64144ccf1df_6.0.22621.3235_none_270f74e173860f98\COMCTL32.dll
0x00007ffd2cd30000 - 0x00007ffd2cdd7000 	C:\WINDOWS\System32\msvcrt.dll
0x00007ffd2b730000 - 0x00007ffd2b761000 	C:\WINDOWS\System32\IMM32.DLL
0x00007ffcf47e0000 - 0x00007ffcf47ec000 	c:\Users\hp\.vscode\extensions\redhat.java-1.30.2024041108-win32-x64\jre\17.0.10-win32-x86_64\bin\vcruntime140_1.dll
0x00007ffcee300000 - 0x00007ffcee38d000 	c:\Users\hp\.vscode\extensions\redhat.java-1.30.2024041108-win32-x64\jre\17.0.10-win32-x86_64\bin\msvcp140.dll
0x00007ffc72820000 - 0x00007ffc73482000 	c:\Users\hp\.vscode\extensions\redhat.java-1.30.2024041108-win32-x64\jre\17.0.10-win32-x86_64\bin\server\jvm.dll
0x00007ffd2c090000 - 0x00007ffd2c142000 	C:\WINDOWS\System32\ADVAPI32.dll
0x00007ffd2b900000 - 0x00007ffd2b9a8000 	C:\WINDOWS\System32\sechost.dll
0x00007ffd2a550000 - 0x00007ffd2a578000 	C:\WINDOWS\System32\bcrypt.dll
0x00007ffd2b7d0000 - 0x00007ffd2b8e5000 	C:\WINDOWS\System32\RPCRT4.dll
0x00007ffd29e20000 - 0x00007ffd29e6d000 	C:\WINDOWS\SYSTEM32\POWRPROF.dll
0x00007ffd23640000 - 0x00007ffd23674000 	C:\WINDOWS\SYSTEM32\WINMM.dll
0x00007ffd23630000 - 0x00007ffd2363a000 	C:\WINDOWS\SYSTEM32\VERSION.dll
0x00007ffd06910000 - 0x00007ffd06919000 	C:\WINDOWS\SYSTEM32\WSOCK32.dll
0x00007ffd2b350000 - 0x00007ffd2b3c1000 	C:\WINDOWS\System32\WS2_32.dll
0x00007ffd29e00000 - 0x00007ffd29e13000 	C:\WINDOWS\SYSTEM32\UMPDC.dll
0x00007ffd29590000 - 0x00007ffd295a8000 	C:\WINDOWS\SYSTEM32\kernel.appcore.dll
0x00007ffcf47d0000 - 0x00007ffcf47da000 	c:\Users\hp\.vscode\extensions\redhat.java-1.30.2024041108-win32-x64\jre\17.0.10-win32-x86_64\bin\jimage.dll
0x00007ffd1e070000 - 0x00007ffd1e2a3000 	C:\WINDOWS\SYSTEM32\DBGHELP.DLL
0x00007ffd2afb0000 - 0x00007ffd2b338000 	C:\WINDOWS\System32\combase.dll
0x00007ffd2cc50000 - 0x00007ffd2cd27000 	C:\WINDOWS\System32\OLEAUT32.dll
0x00007ffd0bc70000 - 0x00007ffd0bca2000 	C:\WINDOWS\SYSTEM32\dbgcore.DLL
0x00007ffd2a640000 - 0x00007ffd2a6ba000 	C:\WINDOWS\System32\bcryptPrimitives.dll
0x00007ffcf47c0000 - 0x00007ffcf47ce000 	c:\Users\hp\.vscode\extensions\redhat.java-1.30.2024041108-win32-x64\jre\17.0.10-win32-x86_64\bin\instrument.dll
0x00007ffcf4790000 - 0x00007ffcf47b5000 	c:\Users\hp\.vscode\extensions\redhat.java-1.30.2024041108-win32-x64\jre\17.0.10-win32-x86_64\bin\java.dll
0x00007ffcee2e0000 - 0x00007ffcee2f8000 	c:\Users\hp\.vscode\extensions\redhat.java-1.30.2024041108-win32-x64\jre\17.0.10-win32-x86_64\bin\zip.dll
0x00007ffd2c1d0000 - 0x00007ffd2ca2d000 	C:\WINDOWS\System32\SHELL32.dll
0x00007ffd228e0000 - 0x00007ffd231d8000 	C:\WINDOWS\SYSTEM32\windows.storage.dll
0x00007ffd25180000 - 0x00007ffd252be000 	C:\WINDOWS\SYSTEM32\wintypes.dll
0x00007ffd2ca50000 - 0x00007ffd2cb43000 	C:\WINDOWS\System32\SHCORE.dll
0x00007ffd2c150000 - 0x00007ffd2c1ae000 	C:\WINDOWS\System32\shlwapi.dll
0x00007ffd2a480000 - 0x00007ffd2a4a6000 	C:\WINDOWS\SYSTEM32\profapi.dll
0x00007ffce5bb0000 - 0x00007ffce5bc9000 	C:\Users\hp\.vscode\extensions\redhat.java-1.30.2024041108-win32-x64\jre\17.0.10-win32-x86_64\bin\net.dll
0x00007ffd241a0000 - 0x00007ffd242d7000 	C:\WINDOWS\SYSTEM32\WINHTTP.dll
0x00007ffd29a80000 - 0x00007ffd29ae9000 	C:\WINDOWS\system32\mswsock.dll
0x00007ffce5b90000 - 0x00007ffce5ba6000 	C:\Users\hp\.vscode\extensions\redhat.java-1.30.2024041108-win32-x64\jre\17.0.10-win32-x86_64\bin\nio.dll
0x00007ffcee2d0000 - 0x00007ffcee2e0000 	c:\Users\hp\.vscode\extensions\redhat.java-1.30.2024041108-win32-x64\jre\17.0.10-win32-x86_64\bin\verify.dll
0x00007ffceb500000 - 0x00007ffceb53e000 	C:\Users\hp\AppData\Roaming\Code\User\globalStorage\redhat.java\1.30.2024041108\config_win\org.eclipse.equinox.launcher\org.eclipse.equinox.launcher.win32.win32.x86_64_1.2.900.v20240213-1244\eclipse_11900.dll
0x00007ffd2b590000 - 0x00007ffd2b72f000 	C:\WINDOWS\System32\ole32.dll

dbghelp: loaded successfully - version: 4.0.5 - missing functions: none
symbol engine: initialized successfully - sym options: 0x614 - pdb path: .;c:\Users\hp\.vscode\extensions\redhat.java-1.30.2024041108-win32-x64\jre\17.0.10-win32-x86_64\bin;C:\WINDOWS\SYSTEM32;C:\WINDOWS\WinSxS\amd64_microsoft.windows.common-controls_6595b64144ccf1df_6.0.22621.3235_none_270f74e173860f98;c:\Users\hp\.vscode\extensions\redhat.java-1.30.2024041108-win32-x64\jre\17.0.10-win32-x86_64\bin\server;C:\Users\hp\AppData\Roaming\Code\User\globalStorage\redhat.java\1.30.2024041108\config_win\org.eclipse.equinox.launcher\org.eclipse.equinox.launcher.win32.win32.x86_64_1.2.900.v20240213-1244

VM Arguments:
jvm_args: --add-modules=ALL-SYSTEM --add-opens=java.base/java.util=ALL-UNNAMED --add-opens=java.base/java.lang=ALL-UNNAMED --add-opens=java.base/sun.nio.fs=ALL-UNNAMED -Declipse.application=org.eclipse.jdt.ls.core.id1 -Dosgi.bundles.defaultStartLevel=4 -Declipse.product=org.eclipse.jdt.ls.core.product -Djava.import.generatesMetadataFilesAtProjectRoot=false -DDetectVMInstallationsJob.disabled=true -Dfile.encoding=utf8 -XX:+UseParallelGC -XX:GCTimeRatio=4 -XX:AdaptiveSizePolicyWeight=90 -Dsun.zip.disableMemoryMapping=true -Xmx1G -Xms100m -Xlog:disable -javaagent:c:\Users\hp\.vscode\extensions\redhat.java-1.30.2024041108-win32-x64\lombok\lombok-1.18.32.jar -XX:+HeapDumpOnOutOfMemoryError -XX:HeapDumpPath=c:\Users\hp\AppData\Roaming\Code\User\workspaceStorage\8e48fd55813f02b773f8300aef44ea0b\redhat.java -Daether.dependencyCollector.impl=bf 
java_command: c:\Users\hp\.vscode\extensions\redhat.java-1.30.2024041108-win32-x64\server\plugins\org.eclipse.equinox.launcher_1.6.800.v20240327-1824.jar -configuration c:\Users\hp\AppData\Roaming\Code\User\globalStorage\redhat.java\1.30.2024041108\config_win -data c:\Users\hp\AppData\Roaming\Code\User\workspaceStorage\8e48fd55813f02b773f8300aef44ea0b\redhat.java\jdt_ws --pipe=\\.\pipe\lsp-bb61737b91eb9bbcf83fbf2727f396a3-sock
java_class_path (initial): c:\Users\hp\.vscode\extensions\redhat.java-1.30.2024041108-win32-x64\server\plugins\org.eclipse.equinox.launcher_1.6.800.v20240327-1824.jar
Launcher Type: SUN_STANDARD

[Global flags]
    uintx AdaptiveSizePolicyWeight                 = 90                                        {product} {command line}
     intx CICompilerCount                          = 4                                         {product} {ergonomic}
    uintx GCTimeRatio                              = 4                                         {product} {command line}
     bool HeapDumpOnOutOfMemoryError               = true                                   {manageable} {command line}
    ccstr HeapDumpPath                             = c:\Users\hp\AppData\Roaming\Code\User\workspaceStorage\8e48fd55813f02b773f8300aef44ea0b\redhat.java         {manageable} {command line}
   size_t InitialHeapSize                          = 104857600                                 {product} {command line}
   size_t MaxHeapSize                              = 1073741824                                {product} {command line}
   size_t MaxNewSize                               = 357564416                                 {product} {ergonomic}
   size_t MinHeapDeltaBytes                        = 524288                                    {product} {ergonomic}
   size_t MinHeapSize                              = 104857600                                 {product} {command line}
   size_t NewSize                                  = 34603008                                  {product} {ergonomic}
    uintx NonNMethodCodeHeapSize                   = 5839372                                {pd product} {ergonomic}
    uintx NonProfiledCodeHeapSize                  = 122909434                              {pd product} {ergonomic}
   size_t OldSize                                  = 70254592                                  {product} {ergonomic}
    uintx ProfiledCodeHeapSize                     = 122909434                              {pd product} {ergonomic}
    uintx ReservedCodeCacheSize                    = 251658240                              {pd product} {ergonomic}
     bool SegmentedCodeCache                       = true                                      {product} {ergonomic}
   size_t SoftMaxHeapSize                          = 1073741824                             {manageable} {ergonomic}
     bool UseCompressedClassPointers               = true                           {product lp64_product} {ergonomic}
     bool UseCompressedOops                        = true                           {product lp64_product} {ergonomic}
     bool UseLargePagesIndividualAllocation        = false                                  {pd product} {ergonomic}
     bool UseParallelGC                            = true                                      {product} {command line}

Logging:
Log output configuration:
 #0: stdout all=off uptime,level,tags
 #1: stderr all=off uptime,level,tags

Environment Variables:
JAVA_HOME=C:\Program Files\Java\jdk-17
PATH=C:\ffmpeg\bin;C:\ffmpeg\bin;C:\ffmpeg\bin;C:\Program Files\Java\jdk-17\bin;C:\Program Files\Common Files\Oracle;C:\Program Files\Microsoft\jdk-11.0.20.8-hotspot\bin;C:\WINDOWS\system32;C:\WINDOWS;C:\WINDOWS\System32\Wbem;C:\WINDOWS\System32\WindowsPowerShell\v1.0\;C:\WINDOWS\System32\OpenSSH\;C:\Program Files\Git\cmd;C:\sqlite;C:\ProgramData\chocolatey\bin;C:\Program Files\nodejs\;C:\Users\hp\AppData\Local\Android\Sdk\platform-tools\;C:\Users\hp\AppData\Local\jdk-11.0.2\bin;C:\Users\hp\AppData\Local\jdk-11.0.2\bin;C:\Users\hp\AppData\Local\Android\Sdk\tools;C:\Users\hp\AppData\Local\Android\Sdk\tools;C:\Users\hp\AppData\Local\Android\Sdk\tools;C:\Users\hp\AppData\Roaming\npm;C:\Program Files (x86)\Microsoft VS Code\bin;C:\Users\hp\AppData\Local\Programs\Microsoft VS Code\bin;D:\xampp\mysql\bin;;C:\Program Files\Docker\Docker\resources\bin;C:\Users\hp\.cargo\bin;C:\Users\hp\AppData\Local\Programs\Python\Launcher\;C:\Users\hp\AppData\Local\jdk-11.0.2\bin;C:\Users\hp\AppData\Local\jdk-11.0.2\bin;C:\Users\hp\AppData\Local\Android\Sdk\platform-tools;C:\Users\hp\AppData\Local\Android\Sdk\tools;C:\Users\hp\AppData\Local\Android\Sdk\platform-tools;C:\Users\hp\AppData\Local\Android\Sdk\tools;C:\Users\hp\AppData\Local\Android\Sdk\tools;C:\Program Files\Microsoft\jdk-11.0.20.8-hotspot\bin;C:\WINDOWS\system32;C:\WINDOWS;C:\WINDOWS\System32\Wbem;C:\WINDOWS\System32\WindowsPowerShell\v1.0\;C:\WINDOWS\System32\OpenSSH\;C:\Program Files\Git\cmd;C:\sqlite;C:\ProgramData\chocolatey\bin;C:\Program Files\nodejs\;C:\Users\hp\AppData\Local\Android\Sdk\platform-tools\;C:\Users\hp\AppData\Roaming\npm;C:\Program Files (x86)\Microsoft VS Code\bin;C:\Users\hp\AppData\Local\Programs\Microsoft VS Code\bin;D:\xampp\mysql\bin;C:\Users\hp\AppData\Local\Programs\Python\Python312\Scripts;C:\Users\hp\AppData\Local\Programs\Python\Python312;
USERNAME=hp
OS=Windows_NT
PROCESSOR_IDENTIFIER=AMD64 Family 23 Model 104 Stepping 1, AuthenticAMD
TMP=C:\Users\hp\AppData\Local\Temp
TEMP=C:\Users\hp\AppData\Local\Temp



Periodic native trim disabled


---------------  S Y S T E M  ---------------

OS:
 Windows 11 , 64 bit Build 22621 (10.0.22621.3235)
OS uptime: 0 days 0:03 hours
Hyper-V role detected

CPU: total 12 (initial active 12) (12 cores per cpu, 2 threads per core) family 23 model 104 stepping 1 microcode 0x0, cx8, cmov, fxsr, ht, mmx, 3dnowpref, sse, sse2, sse3, ssse3, sse4a, sse4.1, sse4.2, popcnt, lzcnt, tsc, tscinvbit, avx, avx2, aes, clmul, bmi1, bmi2, adx, sha, fma, vzeroupper, clflush, clflushopt, hv
Processor Information for all 12 processors :
  Max Mhz: 2100, Current Mhz: 2100, Mhz Limit: 2100

Memory: 4k page, system-wide physical 7501M (403M free)
TotalPageFile size 11515M (AvailPageFile size 16M)
current process WorkingSet (physical memory assigned to process): 136M, peak: 136M
current process commit charge ("private bytes"): 246M, peak: 246M

vm_info: OpenJDK 64-Bit Server VM (17.0.10+7) for windows-amd64 JRE (17.0.10+7), built on Jan 16 2024 23:25:11 by "admin" with MS VC++ 16.10 / 16.11 (VS2019)

END.
